#
# A fatal error has been detected by the Java Runtime Environment:
#
#  SIGSEGV (0xb) at pc=0x00007fff34d04994, pid=49782, tid=5891
#
# JRE version: Java(TM) SE Runtime Environment (15.0.2+7) (build 15.0.2+7-27)
# Java VM: Java HotSpot(TM) 64-Bit Server VM (15.0.2+7-27, mixed mode, sharing, tiered, compressed oops, g1 gc, bsd-amd64)
# Problematic frame:
# C  [HIToolbox+0x27994]  _ZNK22THIThemeTextInfoFinder13GetTruncationEv+0x8
#
# No core dump will be written. Core dumps have been disabled. To enable core dumping, try "ulimit -c unlimited" before starting Java again
#
# If you would like to submit a bug report, please visit:
#   https://bugreport.java.com/bugreport/crash.jsp
# The crash happened outside the Java Virtual Machine in native code.
# See problematic frame for where to report the bug.
#

---------------  S U M M A R Y ------------

Command Line: -javaagent:/Applications/IntelliJ IDEA CE.app/Contents/lib/idea_rt.jar=58030:/Applications/IntelliJ IDEA CE.app/Contents/bin -Dfile.encoding=UTF-8 WavefrontObjDemo

Host: MacBookPro15,2 x86_64 2300 MHz, 8 cores, 8G, Darwin 19.6.0
Time: Thu Mar 11 15:14:40 2021 +07 elapsed time: 0.828942 seconds (0d 0h 0m 0s)

---------------  T H R E A D  ---------------

Current thread (0x00007fa434008a00):  JavaThread "main" [_thread_in_native, id=5891, stack(0x000070000b294000,0x000070000b394000)]

Stack: [0x000070000b294000,0x000070000b394000],  sp=0x000070000b391ed0,  free space=1015k
Native frames: (J=compiled Java code, A=aot compiled Java code, j=interpreted, Vv=VM code, C=native code)
C  [HIToolbox+0x27994]  _ZNK22THIThemeTextInfoFinder13GetTruncationEv+0x8
C  [HIToolbox+0x27a7f]  _ZN15TCoreTextEngine16LayoutSingleLineEP16THIThemeTextInfof+0x3b
C  [HIToolbox+0x279ed]  _ZN15TCoreTextEngine6LayoutEP16THIThemeTextInfoff14TextLayoutType+0x3b
C  [HIToolbox+0x2775b]  _ZN15TCoreTextEngine22GetThemeTextDimensionsEdP16THIThemeTextInfoPdS2_S2_+0x2b
C  [HIToolbox+0x26247]  _ZN10DataEngine17GetTextDimensionsEPKvdP15HIThemeTextInfoPdS4_S4_+0x10f
C  [HIToolbox+0x26106]  HIThemeGetTextDimensions+0xbc
C  [HIToolbox+0x25a51]  _ZN13HIMenuBarView16MeasureMenuTitleEP8MenuDatahPfi+0x1ab
C  [HIToolbox+0x257de]  _ZN13HIMenuBarView15MeasureAppMenusEv+0xe6
C  [HIToolbox+0x25367]  _ZN13HIMenuBarView15EnsureBarLayoutEv+0x1a3
C  [HIToolbox+0x24c77]  _ZN13HIMenuBarView8DrawOnceE6CGRectS0_bbP9CGContext+0x243
C  [HIToolbox+0x2494e]  _ZN13HIMenuBarView8DrawSelfEsPK9__HIShapeP9CGContext+0x23a
C  [HIToolbox+0x243b6]  _ZN13HIMenuBarView24DrawWithoutCustomizationEsPK9__HIShapeP9CGContext+0x52
C  [HIToolbox+0x2434e]  _ZN13HIMenuBarView22DrawingDelegateHandlerEP25OpaqueEventHandlerCallRefP14OpaqueEventRefPv+0x102
C  [HIToolbox+0x88ff]  _ZL23DispatchEventToHandlersP14EventTargetRecP14OpaqueEventRefP14HandlerCallRec+0x4e6
C  [HIToolbox+0x7d8d]  _ZL30SendEventToEventTargetInternalP14OpaqueEventRefP20OpaqueEventTargetRefP14HandlerCallRec+0x149
C  [HIToolbox+0x7c3d]  SendEventToEventTargetWithOptions+0x2d
C  [HIToolbox+0x23ecd]  _ZN6HIView8SendDrawEsP13OpaqueGrafPtrPK9__HIShapeP9CGContext+0x145
C  [HIToolbox+0x23967]  _ZN6HIView23RecursiveDrawCompositedEPK9__HIShapeS2_jPS_P9CGContexthd+0x23f
C  [HIToolbox+0x23b61]  _ZN6HIView23RecursiveDrawCompositedEPK9__HIShapeS2_jPS_P9CGContexthd+0x439
C  [HIToolbox+0x23399]  _ZN6HIView14DrawCompositedEsP13OpaqueGrafPtrPK9__HIShapejPS_P9CGContext+0x32f
C  [HIToolbox+0x2305b]  _ZN6HIView6RenderEjP9CGContext+0x33
C  [HIToolbox+0x22783]  _ZN10WindowData20PrepareForVisibilityEv+0x99
C  [HIToolbox+0x789c8]  _ShowHideWindows+0x11e
C  [HIToolbox+0x221b4]  ShowHide+0x23
C  [HIToolbox+0x12217]  _ZN9MBWindows18GetWindowOnDisplayEjh+0x127
C  [HIToolbox+0x11ff7]  _ZN15MenuBarInstance15ForEachWindowDoEhU13block_pointerFbP15OpaqueWindowPtrjE+0xb7
C  [HIToolbox+0x11efb]  _ZN15MenuBarInstance28SetBoundsAndUpdateResolutionEv+0x67
C  [HIToolbox+0x11a72]  _ZN15MenuBarInstance4ShowE21MenuBarAnimationStylehhhh+0x118
C  [HIToolbox+0x114aa]  _ZN15MenuBarInstance21UpdateAggregateUIModeE21MenuBarAnimationStylehhh+0x324
C  [HIToolbox+0x110aa]  _ZN15MenuBarInstance16ForEachMenuBarDoEU13block_pointerFvPS_E+0x2e
C  [HIToolbox+0x11042]  _ZL25UpdateAllAggregateUIModes21MenuBarAnimationStyleh+0x7e
C  [HIToolbox+0x10fae]  SetSystemUIMode+0xa5
C  [AppKit+0x319fb]  -[NSApplication finishLaunching]+0x2dc
C  [AppKit+0x313f0]  -[NSApplication run]+0xf4
C  [libglfw.dylib+0x10a85]
C  [libglfw.dylib+0xa416]
j  org.lwjgl.system.JNI.invokePPPP(IIJJJJ)J+0
j  org.lwjgl.glfw.GLFW.nglfwCreateWindow(IIJJJ)J+14
j  org.lwjgl.glfw.GLFW.glfwCreateWindow(IILjava/lang/CharSequence;JJ)J+37
j  WavefrontObjDemo.init()V+44
j  WavefrontObjDemo.run()V+1
j  WavefrontObjDemo.main([Ljava/lang/String;)V+7
v  ~StubRoutines::call_stub
V  [libjvm.dylib+0x4adf62]  _ZN9JavaCalls11call_helperEP9JavaValueRK12methodHandleP17JavaCallArgumentsP6Thread+0x2e2
V  [libjvm.dylib+0x50e5f9]  _ZL17jni_invoke_staticP7JNIEnv_P9JavaValueP8_jobject11JNICallTypeP10_jmethodIDP18JNI_ArgumentPusherP6Thread+0x1f9
V  [libjvm.dylib+0x511b8a]  jni_CallStaticVoidMethod+0x18a
C  [libjli.dylib+0x4f3d]  JavaMain+0xc1d
C  [libjli.dylib+0x7659]  ThreadJavaMain+0x9
C  [libsystem_pthread.dylib+0x6109]  _pthread_start+0x94
C  [libsystem_pthread.dylib+0x1b8b]  thread_start+0xf

Java frames: (J=compiled Java code, j=interpreted, Vv=VM code)
j  org.lwjgl.system.JNI.invokePPPP(IIJJJJ)J+0
j  org.lwjgl.glfw.GLFW.nglfwCreateWindow(IIJJJ)J+14
j  org.lwjgl.glfw.GLFW.glfwCreateWindow(IILjava/lang/CharSequence;JJ)J+37
j  WavefrontObjDemo.init()V+44
j  WavefrontObjDemo.run()V+1
j  WavefrontObjDemo.main([Ljava/lang/String;)V+7
v  ~StubRoutines::call_stub

siginfo: si_signo: 11 (SIGSEGV), si_code: 1 (SEGV_MAPERR), si_addr: 0x0000000000000016

Register to memory mapping:

RAX=0x0 is NULL
RBX=0x00007fa430c29670 points into unknown readable memory: 0x00007fff8d65bcd8 | d8 bc 65 8d ff 7f 00 00
RCX=0x000070000b391e00 is pointing into the stack for thread: 0x00007fa434008a00
RDX=0x00007fff6f005448: objc_debug_isa_class_mask+0 in /usr/lib/libobjc.A.dylib at 0x00007fff6efdb000
RSP=0x000070000b391ed0 is pointing into the stack for thread: 0x00007fa434008a00
RBP=0x000070000b391ed0 is pointing into the stack for thread: 0x00007fa434008a00
RSI=0x00007fa430e506c8 points into unknown readable memory: 0x00007fff8dd6ff78 | 78 ff d6 8d ff 7f 00 00
RDI=0x00007fa430c29670 points into unknown readable memory: 0x00007fff8d65bcd8 | d8 bc 65 8d ff 7f 00 00
R8 =0x0000000000003d6a is an unknown value
R9 =0x0000000000003d78 is an unknown value
R10=0x00000000ff0003ff is an unknown value
R11=0x00007fa435d38c30 points into unknown readable memory: 0x011dffff8db6a571 | 71 a5 b6 8d ff ff 1d 01
R12=0x00007fa430c29670 points into unknown readable memory: 0x00007fff8d65bcd8 | d8 bc 65 8d ff 7f 00 00
R13=0x000070000b392048 is pointing into the stack for thread: 0x00007fa434008a00
R14=0x00007fa430c438e0 points into unknown readable memory: 0x00007fff8d65b9b0 | b0 b9 65 8d ff 7f 00 00
R15=0x00007fa435d41710 points into unknown readable memory: 0x001dffff8da86589 | 89 65 a8 8d ff ff 1d 00


Registers:
RAX=0x0000000000000000, RBX=0x00007fa430c29670, RCX=0x000070000b391e00, RDX=0x00007fff6f005448
RSP=0x000070000b391ed0, RBP=0x000070000b391ed0, RSI=0x00007fa430e506c8, RDI=0x00007fa430c29670
R8 =0x0000000000003d6a, R9 =0x0000000000003d78, R10=0x00000000ff0003ff, R11=0x00007fa435d38c30
R12=0x00007fa430c29670, R13=0x000070000b392048, R14=0x00007fa430c438e0, R15=0x00007fa435d41710
RIP=0x00007fff34d04994, EFLAGS=0x0000000000010202, ERR=0x0000000000000004
  TRAPNO=0x000000000000000e

Top of Stack: (sp=0x000070000b391ed0)
0x000070000b391ed0:   000070000b391f20 00007fff34d04a7f
0x000070000b391ee0:   00007fa430c42ed0 00007fa430c29670
0x000070000b391ef0:   7f7fffff0b391f30 00007fa430c29670
0x000070000b391f00:   00007fa430c438e0 000070000b392048
0x000070000b391f10:   00007fa430c29670 0000000000000000
0x000070000b391f20:   000070000b391f60 00007fff34d049ed
0x000070000b391f30:   7f7fffff00000000 7f7fffff30c29670
0x000070000b391f40:   00007fa430c29670 000070000b392050
0x000070000b391f50:   00007fa430c438e0 000070000b392040
0x000070000b391f60:   000070000b391fa0 00007fff34d0475b
0x000070000b391f70:   00007fff8d65b9b0 00007fa430c438e0
0x000070000b391f80:   000070000b391fb8 00007fa430c42ed0
0x000070000b391f90:   00007fa430c29670 00000000000003e9
0x000070000b391fa0:   000070000b392030 00007fff34d03247
0x000070000b391fb0:   0000000000000004 0000000000000000
0x000070000b391fc0:   0000700000000001 00007fff3613c7ba
0x000070000b391fd0:   0000000000000004 0000000000000000
0x000070000b391fe0:   00007fa430c2f260 47efffffe0000000
0x000070000b391ff0:   000070000b392050 000070000b392048
0x000070000b392000:   000070000b392040 0000000000000000
0x000070000b392010:   00007fa430c41920 70f4c1bc5bbe5b39
0x000070000b392020:   0000000000000000 000070000b3920d0
0x000070000b392030:   000070000b392070 00007fff34d03106
0x000070000b392040:   00007fa430c2f260 00007fa430e45990
0x000070000b392050:   00007fa430c41920 00007fa430c42ed0
0x000070000b392060:   000070000b392088 0000000000000001
0x000070000b392070:   000070000b392100 00007fff34d02a51
0x000070000b392080:   0001000000000001 0000000100000000
0x000070000b392090:   00000000000003e9 0002010200000000
0x000070000b3920a0:   0000000000010000 0000000000000000
0x000070000b3920b0:   0000000000000000 00007fa430c42100
0x000070000b3920c0:   00007fa430e44370 0000000100000000 

Instructions: (pc=0x00007fff34d04994)
0x00007fff34d04894:   fe 4c 89 f2 f3 0f 10 45 d4 f3 0f 10 4d d0 44 89
0x00007fff34d048a4:   e1 e8 6e 42 00 00 83 f8 01 75 5b 4c 89 ef e8 3d
0x00007fff34d048b4:   f1 ff ff 84 c0 74 13 48 8d 7b 38 e8 62 44 05 00
0x00007fff34d048c4:   4c 89 ef 31 f6 e8 7e 04 00 00 0f 57 c9 f3 0f 10
0x00007fff34d048d4:   45 d4 0f 2e c1 75 0e 7a 0c 8a 43 30 84 c0 74 05
0x00007fff34d048e4:   e8 1b 52 27 00 48 89 df 4c 89 f6 f3 0f 10 4d d0
0x00007fff34d048f4:   44 89 fa 48 83 c4 08 5b 41 5c 41 5d 41 5e 41 5f
0x00007fff34d04904:   5d e9 a8 00 00 00 31 c0 48 83 c4 08 5b 41 5c 41
0x00007fff34d04914:   5d 41 5e 41 5f 5d c3 90 55 48 89 e5 48 8b 47 08
0x00007fff34d04924:   8b 40 12 5d c3 90 90 90 55 48 89 e5 41 56 53 41
0x00007fff34d04934:   89 d6 0f 57 c9 0f 2e c1 75 02 7b 3a 48 89 f3 48
0x00007fff34d04944:   8b 06 48 89 f7 ff 50 48 a8 01 75 2a 48 8b 03 48
0x00007fff34d04954:   89 df ff 50 50 85 c0 74 28 48 8b 03 48 89 df ff
0x00007fff34d04964:   50 58 31 c9 83 f8 01 0f 95 c1 85 c0 b8 02 00 00
0x00007fff34d04974:   00 0f 45 c1 eb 06 41 0f b6 c6 01 c0 5b 41 5e 5d
0x00007fff34d04984:   c3 b8 02 00 00 00 eb f4 55 48 89 e5 48 8b 47 08
0x00007fff34d04994:   8b 40 16 5d c3 90 55 48 89 e5 48 8b 47 08 8b 40
0x00007fff34d049a4:   1a 5d c3 90 90 90 90 90 90 90 90 90 90 90 55 48
0x00007fff34d049b4:   89 e5 41 57 41 56 41 54 53 48 83 ec 10 49 89 f6
0x00007fff34d049c4:   49 89 fc 83 fa 02 f3 0f 11 45 dc 74 1e 83 fa 01
0x00007fff34d049d4:   74 26 45 31 ff 85 d2 75 2d 4c 89 e7 4c 89 f6 f3
0x00007fff34d049e4:   0f 10 45 dc e8 57 00 00 00 eb 18 4c 89 e7 4c 89
0x00007fff34d049f4:   f6 e8 78 4f 0a 00 eb 0b 4c 89 e7 4c 89 f6 e8 db
0x00007fff34d04a04:   4c 0a 00 41 89 c7 49 8d 5c 24 50 48 89 df be 01
0x00007fff34d04a14:   00 00 00 e8 0a 03 00 00 48 89 df 4c 89 f6 e8 25
0x00007fff34d04a24:   03 00 00 f3 0f 10 45 dc f3 41 0f 11 44 24 54 44
0x00007fff34d04a34:   89 f8 48 83 c4 10 5b 41 5c 41 5e 41 5f 5d c3 90
0x00007fff34d04a44:   55 48 89 e5 41 57 41 56 41 55 41 54 53 48 83 ec
0x00007fff34d04a54:   18 f3 0f 11 45 d4 49 89 f4 49 89 fe 48 8b 7f 28
0x00007fff34d04a64:   e8 69 43 27 00 48 85 c0 0f 84 17 01 00 00 49 89
0x00007fff34d04a74:   c7 49 8b 04 24 4c 89 e7 ff 50 50 0f 57 c0 f3 0f
0x00007fff34d04a84:   10 4d d4 0f 2e c8 0f 86 9a 00 00 00 85 c0 0f 84 


Stack slot to memory mapping:
stack at sp + 0 slots: 0x000070000b391f20 is pointing into the stack for thread: 0x00007fa434008a00
stack at sp + 1 slots: 0x00007fff34d04a7f: _ZN15TCoreTextEngine16LayoutSingleLineEP16THIThemeTextInfof+0x3b in /System/Library/Frameworks/Carbon.framework/Versions/A/Frameworks/HIToolbox.framework/Versions/A/HIToolbox at 0x00007fff34cdd000
stack at sp + 2 slots: 0x00007fa430c42ed0 points into unknown readable memory: 0x001dffff8da85931 | 31 59 a8 8d ff ff 1d 00
stack at sp + 3 slots: 0x00007fa430c29670 points into unknown readable memory: 0x00007fff8d65bcd8 | d8 bc 65 8d ff 7f 00 00
stack at sp + 4 slots: 0x7f7fffff0b391f30 is an unknown value
stack at sp + 5 slots: 0x00007fa430c29670 points into unknown readable memory: 0x00007fff8d65bcd8 | d8 bc 65 8d ff 7f 00 00
stack at sp + 6 slots: 0x00007fa430c438e0 points into unknown readable memory: 0x00007fff8d65b9b0 | b0 b9 65 8d ff 7f 00 00
stack at sp + 7 slots: 0x000070000b392048 is pointing into the stack for thread: 0x00007fa434008a00


---------------  P R O C E S S  ---------------

Threads class SMR info:
_java_thread_list=0x00007fa430d2e690, length=12, elements={
0x00007fa434008a00, 0x00007fa434009600, 0x00007fa432826e00, 0x00007fa43400ac00,
0x00007fa434009c00, 0x00007fa43400b200, 0x00007fa43400b800, 0x00007fa43400be00,
0x00007fa431808c00, 0x00007fa431087200, 0x00007fa43380b600, 0x00007fa431824600
}

Java Threads: ( => current thread )
=>0x00007fa434008a00 JavaThread "main" [_thread_in_native, id=5891, stack(0x000070000b294000,0x000070000b394000)]
  0x00007fa434009600 JavaThread "Reference Handler" daemon [_thread_blocked, id=14083, stack(0x000070000b9a9000,0x000070000baa9000)]
  0x00007fa432826e00 JavaThread "Finalizer" daemon [_thread_blocked, id=14851, stack(0x000070000baac000,0x000070000bbac000)]
  0x00007fa43400ac00 JavaThread "Signal Dispatcher" daemon [_thread_blocked, id=23299, stack(0x000070000bcb5000,0x000070000bdb5000)]
  0x00007fa434009c00 JavaThread "Service Thread" daemon [_thread_blocked, id=23811, stack(0x000070000bdb8000,0x000070000beb8000)]
  0x00007fa43400b200 JavaThread "C2 CompilerThread0" daemon [_thread_blocked, id=42243, stack(0x000070000bebb000,0x000070000bfbb000)]
  0x00007fa43400b800 JavaThread "C1 CompilerThread0" daemon [_thread_blocked, id=41475, stack(0x000070000bfbe000,0x000070000c0be000)]
  0x00007fa43400be00 JavaThread "Sweeper thread" daemon [_thread_blocked, id=40707, stack(0x000070000c0c1000,0x000070000c1c1000)]
  0x00007fa431808c00 JavaThread "Common-Cleaner" daemon [_thread_blocked, id=25347, stack(0x000070000c1c4000,0x000070000c2c4000)]
  0x00007fa431087200 JavaThread "C2 CompilerThread1" daemon [_thread_blocked, id=25859, stack(0x000070000c2c7000,0x000070000c3c7000)]
  0x00007fa43380b600 JavaThread "Monitor Ctrl-Break" daemon [_thread_in_native, id=38659, stack(0x000070000c3ca000,0x000070000c4ca000)]
  0x00007fa431824600 JavaThread "Notification Thread" daemon [_thread_blocked, id=37891, stack(0x000070000c4cd000,0x000070000c5cd000)]

Other Threads:
  0x00007fa4333134c0 VMThread "VM Thread" [stack: 0x000070000b8a6000,0x000070000b9a6000] [id=13059]
  0x00007fa430f41fd0 WatcherThread [stack: 0x000070000c5d0000,0x000070000c6d0000] [id=37379]
  0x00007fa43330c5c0 GCTaskThread "GC Thread#0" [stack: 0x000070000b397000,0x000070000b497000] [id=19459]
  0x00007fa430f0d7f0 ConcurrentGCThread "G1 Main Marker" [stack: 0x000070000b49a000,0x000070000b59a000] [id=18947]
  0x00007fa430f0e7c0 ConcurrentGCThread "G1 Conc#0" [stack: 0x000070000b59d000,0x000070000b69d000] [id=12547]
  0x00007fa430f2b130 ConcurrentGCThread "G1 Refine#0" [stack: 0x000070000b6a0000,0x000070000b7a0000] [id=17667]
  0x00007fa430f2c1b0 ConcurrentGCThread "G1 Young RemSet Sampling" [stack: 0x000070000b7a3000,0x000070000b8a3000] [id=17411]

Threads with active compile tasks:

VM state: not at safepoint (normal execution)

VM Mutex/Monitor currently owned by a thread: None

Heap address: 0x0000000780000000, size: 2048 MB, Compressed Oops mode: Zero based, Oop shift amount: 3
CDS archive(s) mapped at: [0x0000000800000000-0x0000000800b2d000-0x0000000800b2d000), size 11718656, SharedBaseAddress: 0x0000000800000000, ArchiveRelocationMode: 0.
Compressed class space mapped at: 0x0000000800b30000-0x0000000840b30000, size: 1073741824
Narrow klass base: 0x0000000800000000, Narrow klass shift: 3, Narrow klass range: 0x100000000

GC Precious Log:
 CPUs: 8 total, 8 available
 Memory: 8192M
 Large Page Support: Disabled
 NUMA Support: Disabled
 Compressed Oops: Enabled (Zero based)
 Heap Region Size: 1M
 Heap Min Capacity: 8M
 Heap Initial Capacity: 128M
 Heap Max Capacity: 2G
 Pre-touch: Disabled
 Parallel Workers: 8
 Concurrent Workers: 2
 Concurrent Refinement Workers: 8
 Periodic GC: Disabled

Heap:
 garbage-first heap   total 133120K, used 19240K [0x0000000780000000, 0x0000000800000000)
  region size 1024K, 19 young (19456K), 0 survivors (0K)
 Metaspace       used 3399K, capacity 5964K, committed 6144K, reserved 1056768K
  class space    used 228K, capacity 471K, committed 512K, reserved 1048576K

Heap Regions: E=young(eden), S=young(survivor), O=old, HS=humongous(starts), HC=humongous(continues), CS=collection set, F=free, OA=open archive, CA=closed archive, TAMS=top-at-mark-start (previous, next)
|   0|0x0000000780000000, 0x0000000780000000, 0x0000000780100000|  0%| F|  |TAMS 0x0000000780000000, 0x0000000780000000| Untracked 
|   1|0x0000000780100000, 0x0000000780100000, 0x0000000780200000|  0%| F|  |TAMS 0x0000000780100000, 0x0000000780100000| Untracked 
|   2|0x0000000780200000, 0x0000000780200000, 0x0000000780300000|  0%| F|  |TAMS 0x0000000780200000, 0x0000000780200000| Untracked 
|   3|0x0000000780300000, 0x0000000780300000, 0x0000000780400000|  0%| F|  |TAMS 0x0000000780300000, 0x0000000780300000| Untracked 
|   4|0x0000000780400000, 0x0000000780400000, 0x0000000780500000|  0%| F|  |TAMS 0x0000000780400000, 0x0000000780400000| Untracked 
|   5|0x0000000780500000, 0x0000000780500000, 0x0000000780600000|  0%| F|  |TAMS 0x0000000780500000, 0x0000000780500000| Untracked 
|   6|0x0000000780600000, 0x0000000780600000, 0x0000000780700000|  0%| F|  |TAMS 0x0000000780600000, 0x0000000780600000| Untracked 
|   7|0x0000000780700000, 0x0000000780700000, 0x0000000780800000|  0%| F|  |TAMS 0x0000000780700000, 0x0000000780700000| Untracked 
|   8|0x0000000780800000, 0x0000000780800000, 0x0000000780900000|  0%| F|  |TAMS 0x0000000780800000, 0x0000000780800000| Untracked 
|   9|0x0000000780900000, 0x0000000780900000, 0x0000000780a00000|  0%| F|  |TAMS 0x0000000780900000, 0x0000000780900000| Untracked 
|  10|0x0000000780a00000, 0x0000000780a00000, 0x0000000780b00000|  0%| F|  |TAMS 0x0000000780a00000, 0x0000000780a00000| Untracked 
|  11|0x0000000780b00000, 0x0000000780b00000, 0x0000000780c00000|  0%| F|  |TAMS 0x0000000780b00000, 0x0000000780b00000| Untracked 
|  12|0x0000000780c00000, 0x0000000780c00000, 0x0000000780d00000|  0%| F|  |TAMS 0x0000000780c00000, 0x0000000780c00000| Untracked 
|  13|0x0000000780d00000, 0x0000000780d00000, 0x0000000780e00000|  0%| F|  |TAMS 0x0000000780d00000, 0x0000000780d00000| Untracked 
|  14|0x0000000780e00000, 0x0000000780e00000, 0x0000000780f00000|  0%| F|  |TAMS 0x0000000780e00000, 0x0000000780e00000| Untracked 
|  15|0x0000000780f00000, 0x0000000780f00000, 0x0000000781000000|  0%| F|  |TAMS 0x0000000780f00000, 0x0000000780f00000| Untracked 
|  16|0x0000000781000000, 0x0000000781000000, 0x0000000781100000|  0%| F|  |TAMS 0x0000000781000000, 0x0000000781000000| Untracked 
|  17|0x0000000781100000, 0x0000000781100000, 0x0000000781200000|  0%| F|  |TAMS 0x0000000781100000, 0x0000000781100000| Untracked 
|  18|0x0000000781200000, 0x0000000781200000, 0x0000000781300000|  0%| F|  |TAMS 0x0000000781200000, 0x0000000781200000| Untracked 
|  19|0x0000000781300000, 0x0000000781300000, 0x0000000781400000|  0%| F|  |TAMS 0x0000000781300000, 0x0000000781300000| Untracked 
|  20|0x0000000781400000, 0x0000000781400000, 0x0000000781500000|  0%| F|  |TAMS 0x0000000781400000, 0x0000000781400000| Untracked 
|  21|0x0000000781500000, 0x0000000781500000, 0x0000000781600000|  0%| F|  |TAMS 0x0000000781500000, 0x0000000781500000| Untracked 
|  22|0x0000000781600000, 0x0000000781600000, 0x0000000781700000|  0%| F|  |TAMS 0x0000000781600000, 0x0000000781600000| Untracked 
|  23|0x0000000781700000, 0x0000000781700000, 0x0000000781800000|  0%| F|  |TAMS 0x0000000781700000, 0x0000000781700000| Untracked 
|  24|0x0000000781800000, 0x0000000781800000, 0x0000000781900000|  0%| F|  |TAMS 0x0000000781800000, 0x0000000781800000| Untracked 
|  25|0x0000000781900000, 0x0000000781900000, 0x0000000781a00000|  0%| F|  |TAMS 0x0000000781900000, 0x0000000781900000| Untracked 
|  26|0x0000000781a00000, 0x0000000781a00000, 0x0000000781b00000|  0%| F|  |TAMS 0x0000000781a00000, 0x0000000781a00000| Untracked 
|  27|0x0000000781b00000, 0x0000000781b00000, 0x0000000781c00000|  0%| F|  |TAMS 0x0000000781b00000, 0x0000000781b00000| Untracked 
|  28|0x0000000781c00000, 0x0000000781c00000, 0x0000000781d00000|  0%| F|  |TAMS 0x0000000781c00000, 0x0000000781c00000| Untracked 
|  29|0x0000000781d00000, 0x0000000781d00000, 0x0000000781e00000|  0%| F|  |TAMS 0x0000000781d00000, 0x0000000781d00000| Untracked 
|  30|0x0000000781e00000, 0x0000000781e00000, 0x0000000781f00000|  0%| F|  |TAMS 0x0000000781e00000, 0x0000000781e00000| Untracked 
|  31|0x0000000781f00000, 0x0000000781f00000, 0x0000000782000000|  0%| F|  |TAMS 0x0000000781f00000, 0x0000000781f00000| Untracked 
|  32|0x0000000782000000, 0x0000000782000000, 0x0000000782100000|  0%| F|  |TAMS 0x0000000782000000, 0x0000000782000000| Untracked 
|  33|0x0000000782100000, 0x0000000782100000, 0x0000000782200000|  0%| F|  |TAMS 0x0000000782100000, 0x0000000782100000| Untracked 
|  34|0x0000000782200000, 0x0000000782200000, 0x0000000782300000|  0%| F|  |TAMS 0x0000000782200000, 0x0000000782200000| Untracked 
|  35|0x0000000782300000, 0x0000000782300000, 0x0000000782400000|  0%| F|  |TAMS 0x0000000782300000, 0x0000000782300000| Untracked 
|  36|0x0000000782400000, 0x0000000782400000, 0x0000000782500000|  0%| F|  |TAMS 0x0000000782400000, 0x0000000782400000| Untracked 
|  37|0x0000000782500000, 0x0000000782500000, 0x0000000782600000|  0%| F|  |TAMS 0x0000000782500000, 0x0000000782500000| Untracked 
|  38|0x0000000782600000, 0x0000000782600000, 0x0000000782700000|  0%| F|  |TAMS 0x0000000782600000, 0x0000000782600000| Untracked 
|  39|0x0000000782700000, 0x0000000782700000, 0x0000000782800000|  0%| F|  |TAMS 0x0000000782700000, 0x0000000782700000| Untracked 
|  40|0x0000000782800000, 0x0000000782800000, 0x0000000782900000|  0%| F|  |TAMS 0x0000000782800000, 0x0000000782800000| Untracked 
|  41|0x0000000782900000, 0x0000000782900000, 0x0000000782a00000|  0%| F|  |TAMS 0x0000000782900000, 0x0000000782900000| Untracked 
|  42|0x0000000782a00000, 0x0000000782a00000, 0x0000000782b00000|  0%| F|  |TAMS 0x0000000782a00000, 0x0000000782a00000| Untracked 
|  43|0x0000000782b00000, 0x0000000782b00000, 0x0000000782c00000|  0%| F|  |TAMS 0x0000000782b00000, 0x0000000782b00000| Untracked 
|  44|0x0000000782c00000, 0x0000000782c00000, 0x0000000782d00000|  0%| F|  |TAMS 0x0000000782c00000, 0x0000000782c00000| Untracked 
|  45|0x0000000782d00000, 0x0000000782d00000, 0x0000000782e00000|  0%| F|  |TAMS 0x0000000782d00000, 0x0000000782d00000| Untracked 
|  46|0x0000000782e00000, 0x0000000782e00000, 0x0000000782f00000|  0%| F|  |TAMS 0x0000000782e00000, 0x0000000782e00000| Untracked 
|  47|0x0000000782f00000, 0x0000000782f00000, 0x0000000783000000|  0%| F|  |TAMS 0x0000000782f00000, 0x0000000782f00000| Untracked 
|  48|0x0000000783000000, 0x0000000783000000, 0x0000000783100000|  0%| F|  |TAMS 0x0000000783000000, 0x0000000783000000| Untracked 
|  49|0x0000000783100000, 0x0000000783100000, 0x0000000783200000|  0%| F|  |TAMS 0x0000000783100000, 0x0000000783100000| Untracked 
|  50|0x0000000783200000, 0x0000000783200000, 0x0000000783300000|  0%| F|  |TAMS 0x0000000783200000, 0x0000000783200000| Untracked 
|  51|0x0000000783300000, 0x0000000783300000, 0x0000000783400000|  0%| F|  |TAMS 0x0000000783300000, 0x0000000783300000| Untracked 
|  52|0x0000000783400000, 0x0000000783400000, 0x0000000783500000|  0%| F|  |TAMS 0x0000000783400000, 0x0000000783400000| Untracked 
|  53|0x0000000783500000, 0x0000000783500000, 0x0000000783600000|  0%| F|  |TAMS 0x0000000783500000, 0x0000000783500000| Untracked 
|  54|0x0000000783600000, 0x0000000783600000, 0x0000000783700000|  0%| F|  |TAMS 0x0000000783600000, 0x0000000783600000| Untracked 
|  55|0x0000000783700000, 0x0000000783700000, 0x0000000783800000|  0%| F|  |TAMS 0x0000000783700000, 0x0000000783700000| Untracked 
|  56|0x0000000783800000, 0x0000000783800000, 0x0000000783900000|  0%| F|  |TAMS 0x0000000783800000, 0x0000000783800000| Untracked 
|  57|0x0000000783900000, 0x0000000783900000, 0x0000000783a00000|  0%| F|  |TAMS 0x0000000783900000, 0x0000000783900000| Untracked 
|  58|0x0000000783a00000, 0x0000000783a00000, 0x0000000783b00000|  0%| F|  |TAMS 0x0000000783a00000, 0x0000000783a00000| Untracked 
|  59|0x0000000783b00000, 0x0000000783b00000, 0x0000000783c00000|  0%| F|  |TAMS 0x0000000783b00000, 0x0000000783b00000| Untracked 
|  60|0x0000000783c00000, 0x0000000783c00000, 0x0000000783d00000|  0%| F|  |TAMS 0x0000000783c00000, 0x0000000783c00000| Untracked 
|  61|0x0000000783d00000, 0x0000000783d00000, 0x0000000783e00000|  0%| F|  |TAMS 0x0000000783d00000, 0x0000000783d00000| Untracked 
|  62|0x0000000783e00000, 0x0000000783e00000, 0x0000000783f00000|  0%| F|  |TAMS 0x0000000783e00000, 0x0000000783e00000| Untracked 
|  63|0x0000000783f00000, 0x0000000783f00000, 0x0000000784000000|  0%| F|  |TAMS 0x0000000783f00000, 0x0000000783f00000| Untracked 
|  64|0x0000000784000000, 0x0000000784000000, 0x0000000784100000|  0%| F|  |TAMS 0x0000000784000000, 0x0000000784000000| Untracked 
|  65|0x0000000784100000, 0x0000000784100000, 0x0000000784200000|  0%| F|  |TAMS 0x0000000784100000, 0x0000000784100000| Untracked 
|  66|0x0000000784200000, 0x0000000784200000, 0x0000000784300000|  0%| F|  |TAMS 0x0000000784200000, 0x0000000784200000| Untracked 
|  67|0x0000000784300000, 0x0000000784300000, 0x0000000784400000|  0%| F|  |TAMS 0x0000000784300000, 0x0000000784300000| Untracked 
|  68|0x0000000784400000, 0x0000000784400000, 0x0000000784500000|  0%| F|  |TAMS 0x0000000784400000, 0x0000000784400000| Untracked 
|  69|0x0000000784500000, 0x0000000784500000, 0x0000000784600000|  0%| F|  |TAMS 0x0000000784500000, 0x0000000784500000| Untracked 
|  70|0x0000000784600000, 0x0000000784600000, 0x0000000784700000|  0%| F|  |TAMS 0x0000000784600000, 0x0000000784600000| Untracked 
|  71|0x0000000784700000, 0x0000000784700000, 0x0000000784800000|  0%| F|  |TAMS 0x0000000784700000, 0x0000000784700000| Untracked 
|  72|0x0000000784800000, 0x0000000784800000, 0x0000000784900000|  0%| F|  |TAMS 0x0000000784800000, 0x0000000784800000| Untracked 
|  73|0x0000000784900000, 0x0000000784900000, 0x0000000784a00000|  0%| F|  |TAMS 0x0000000784900000, 0x0000000784900000| Untracked 
|  74|0x0000000784a00000, 0x0000000784a00000, 0x0000000784b00000|  0%| F|  |TAMS 0x0000000784a00000, 0x0000000784a00000| Untracked 
|  75|0x0000000784b00000, 0x0000000784b00000, 0x0000000784c00000|  0%| F|  |TAMS 0x0000000784b00000, 0x0000000784b00000| Untracked 
|  76|0x0000000784c00000, 0x0000000784c00000, 0x0000000784d00000|  0%| F|  |TAMS 0x0000000784c00000, 0x0000000784c00000| Untracked 
|  77|0x0000000784d00000, 0x0000000784d00000, 0x0000000784e00000|  0%| F|  |TAMS 0x0000000784d00000, 0x0000000784d00000| Untracked 
|  78|0x0000000784e00000, 0x0000000784e00000, 0x0000000784f00000|  0%| F|  |TAMS 0x0000000784e00000, 0x0000000784e00000| Untracked 
|  79|0x0000000784f00000, 0x0000000784f00000, 0x0000000785000000|  0%| F|  |TAMS 0x0000000784f00000, 0x0000000784f00000| Untracked 
|  80|0x0000000785000000, 0x0000000785000000, 0x0000000785100000|  0%| F|  |TAMS 0x0000000785000000, 0x0000000785000000| Untracked 
|  81|0x0000000785100000, 0x0000000785100000, 0x0000000785200000|  0%| F|  |TAMS 0x0000000785100000, 0x0000000785100000| Untracked 
|  82|0x0000000785200000, 0x0000000785200000, 0x0000000785300000|  0%| F|  |TAMS 0x0000000785200000, 0x0000000785200000| Untracked 
|  83|0x0000000785300000, 0x0000000785300000, 0x0000000785400000|  0%| F|  |TAMS 0x0000000785300000, 0x0000000785300000| Untracked 
|  84|0x0000000785400000, 0x0000000785400000, 0x0000000785500000|  0%| F|  |TAMS 0x0000000785400000, 0x0000000785400000| Untracked 
|  85|0x0000000785500000, 0x0000000785500000, 0x0000000785600000|  0%| F|  |TAMS 0x0000000785500000, 0x0000000785500000| Untracked 
|  86|0x0000000785600000, 0x0000000785600000, 0x0000000785700000|  0%| F|  |TAMS 0x0000000785600000, 0x0000000785600000| Untracked 
|  87|0x0000000785700000, 0x0000000785700000, 0x0000000785800000|  0%| F|  |TAMS 0x0000000785700000, 0x0000000785700000| Untracked 
|  88|0x0000000785800000, 0x0000000785800000, 0x0000000785900000|  0%| F|  |TAMS 0x0000000785800000, 0x0000000785800000| Untracked 
|  89|0x0000000785900000, 0x0000000785900000, 0x0000000785a00000|  0%| F|  |TAMS 0x0000000785900000, 0x0000000785900000| Untracked 
|  90|0x0000000785a00000, 0x0000000785a00000, 0x0000000785b00000|  0%| F|  |TAMS 0x0000000785a00000, 0x0000000785a00000| Untracked 
|  91|0x0000000785b00000, 0x0000000785b00000, 0x0000000785c00000|  0%| F|  |TAMS 0x0000000785b00000, 0x0000000785b00000| Untracked 
|  92|0x0000000785c00000, 0x0000000785c00000, 0x0000000785d00000|  0%| F|  |TAMS 0x0000000785c00000, 0x0000000785c00000| Untracked 
|  93|0x0000000785d00000, 0x0000000785d00000, 0x0000000785e00000|  0%| F|  |TAMS 0x0000000785d00000, 0x0000000785d00000| Untracked 
|  94|0x0000000785e00000, 0x0000000785e00000, 0x0000000785f00000|  0%| F|  |TAMS 0x0000000785e00000, 0x0000000785e00000| Untracked 
|  95|0x0000000785f00000, 0x0000000785f00000, 0x0000000786000000|  0%| F|  |TAMS 0x0000000785f00000, 0x0000000785f00000| Untracked 
|  96|0x0000000786000000, 0x0000000786000000, 0x0000000786100000|  0%| F|  |TAMS 0x0000000786000000, 0x0000000786000000| Untracked 
|  97|0x0000000786100000, 0x0000000786100000, 0x0000000786200000|  0%| F|  |TAMS 0x0000000786100000, 0x0000000786100000| Untracked 
|  98|0x0000000786200000, 0x0000000786200000, 0x0000000786300000|  0%| F|  |TAMS 0x0000000786200000, 0x0000000786200000| Untracked 
|  99|0x0000000786300000, 0x0000000786300000, 0x0000000786400000|  0%| F|  |TAMS 0x0000000786300000, 0x0000000786300000| Untracked 
| 100|0x0000000786400000, 0x0000000786400000, 0x0000000786500000|  0%| F|  |TAMS 0x0000000786400000, 0x0000000786400000| Untracked 
| 101|0x0000000786500000, 0x0000000786500000, 0x0000000786600000|  0%| F|  |TAMS 0x0000000786500000, 0x0000000786500000| Untracked 
| 102|0x0000000786600000, 0x0000000786600000, 0x0000000786700000|  0%| F|  |TAMS 0x0000000786600000, 0x0000000786600000| Untracked 
| 103|0x0000000786700000, 0x0000000786700000, 0x0000000786800000|  0%| F|  |TAMS 0x0000000786700000, 0x0000000786700000| Untracked 
| 104|0x0000000786800000, 0x0000000786800000, 0x0000000786900000|  0%| F|  |TAMS 0x0000000786800000, 0x0000000786800000| Untracked 
| 105|0x0000000786900000, 0x0000000786900000, 0x0000000786a00000|  0%| F|  |TAMS 0x0000000786900000, 0x0000000786900000| Untracked 
| 106|0x0000000786a00000, 0x0000000786a00000, 0x0000000786b00000|  0%| F|  |TAMS 0x0000000786a00000, 0x0000000786a00000| Untracked 
| 107|0x0000000786b00000, 0x0000000786b00000, 0x0000000786c00000|  0%| F|  |TAMS 0x0000000786b00000, 0x0000000786b00000| Untracked 
| 108|0x0000000786c00000, 0x0000000786c00000, 0x0000000786d00000|  0%| F|  |TAMS 0x0000000786c00000, 0x0000000786c00000| Untracked 
| 109|0x0000000786d00000, 0x0000000786ded278, 0x0000000786e00000| 92%| E|  |TAMS 0x0000000786d00000, 0x0000000786d00000| Complete 
| 110|0x0000000786e00000, 0x0000000786f00000, 0x0000000786f00000|100%| E|CS|TAMS 0x0000000786e00000, 0x0000000786e00000| Complete 
| 111|0x0000000786f00000, 0x0000000787000000, 0x0000000787000000|100%| E|CS|TAMS 0x0000000786f00000, 0x0000000786f00000| Complete 
| 112|0x0000000787000000, 0x0000000787100000, 0x0000000787100000|100%| E|CS|TAMS 0x0000000787000000, 0x0000000787000000| Complete 
| 113|0x0000000787100000, 0x0000000787200000, 0x0000000787200000|100%| E|CS|TAMS 0x0000000787100000, 0x0000000787100000| Complete 
| 114|0x0000000787200000, 0x0000000787300000, 0x0000000787300000|100%| E|CS|TAMS 0x0000000787200000, 0x0000000787200000| Complete 
| 115|0x0000000787300000, 0x0000000787400000, 0x0000000787400000|100%| E|CS|TAMS 0x0000000787300000, 0x0000000787300000| Complete 
| 116|0x0000000787400000, 0x0000000787500000, 0x0000000787500000|100%| E|CS|TAMS 0x0000000787400000, 0x0000000787400000| Complete 
| 117|0x0000000787500000, 0x0000000787600000, 0x0000000787600000|100%| E|CS|TAMS 0x0000000787500000, 0x0000000787500000| Complete 
| 118|0x0000000787600000, 0x0000000787700000, 0x0000000787700000|100%| E|CS|TAMS 0x0000000787600000, 0x0000000787600000| Complete 
| 119|0x0000000787700000, 0x0000000787800000, 0x0000000787800000|100%| E|CS|TAMS 0x0000000787700000, 0x0000000787700000| Complete 
| 120|0x0000000787800000, 0x0000000787900000, 0x0000000787900000|100%| E|CS|TAMS 0x0000000787800000, 0x0000000787800000| Complete 
| 121|0x0000000787900000, 0x0000000787a00000, 0x0000000787a00000|100%| E|CS|TAMS 0x0000000787900000, 0x0000000787900000| Complete 
| 122|0x0000000787a00000, 0x0000000787b00000, 0x0000000787b00000|100%| E|CS|TAMS 0x0000000787a00000, 0x0000000787a00000| Complete 
| 123|0x0000000787b00000, 0x0000000787c00000, 0x0000000787c00000|100%| E|CS|TAMS 0x0000000787b00000, 0x0000000787b00000| Complete 
| 124|0x0000000787c00000, 0x0000000787d00000, 0x0000000787d00000|100%| E|CS|TAMS 0x0000000787c00000, 0x0000000787c00000| Complete 
| 125|0x0000000787d00000, 0x0000000787e00000, 0x0000000787e00000|100%| E|CS|TAMS 0x0000000787d00000, 0x0000000787d00000| Complete 
| 126|0x0000000787e00000, 0x0000000787f00000, 0x0000000787f00000|100%| E|CS|TAMS 0x0000000787e00000, 0x0000000787e00000| Complete 
| 127|0x0000000787f00000, 0x0000000788000000, 0x0000000788000000|100%| E|CS|TAMS 0x0000000787f00000, 0x0000000787f00000| Complete 
|1022|0x00000007bfe00000, 0x00000007bfe51000, 0x00000007bff00000| 31%|OA|  |TAMS 0x00000007bfe00000, 0x00000007bfe00000| Untracked 
|1023|0x00000007bff00000, 0x00000007bff79000, 0x00000007c0000000| 47%|CA|  |TAMS 0x00000007bff00000, 0x00000007bff00000| Untracked 

Card table byte_map: [0x000000010d896000,0x000000010dc96000] _byte_map_base: 0x0000000109c96000

Marking Bits (Prev, Next): (CMBitMap*) 0x00007fa43280ea10, (CMBitMap*) 0x00007fa43280ea50
 Prev Bits: [0x000000010e096000, 0x0000000110096000)
 Next Bits: [0x0000000120976000, 0x0000000122976000)

Polling page: 0x000000010313a000

Metaspace:

Usage:
  Non-class:      5.36 MB capacity,     3.10 MB ( 58%) used,     2.26 MB ( 42%) free+waste,     3.75 KB ( <1%) overhead. 
      Class:    471.00 KB capacity,   228.74 KB ( 49%) used,   240.82 KB ( 51%) free+waste,     1.44 KB ( <1%) overhead. 
       Both:      5.82 MB capacity,     3.32 MB ( 57%) used,     2.50 MB ( 43%) free+waste,     5.19 KB ( <1%) overhead. 

Virtual space:
  Non-class space:        8.00 MB reserved,       5.50 MB ( 69%) committed 
      Class space:        1.00 GB reserved,     512.00 KB ( <1%) committed 
             Both:        1.01 GB reserved,       6.00 MB ( <1%) committed 

Chunk freelists:
   Non-Class:  27.00 KB
       Class:  9.00 KB
        Both:  36.00 KB

MaxMetaspaceSize: 17179869184.00 GB
CompressedClassSpaceSize: 1.00 GB

CodeHeap 'non-profiled nmethods': size=120028Kb used=255Kb max_used=255Kb free=119772Kb
 bounds [0x000000011943f000, 0x00000001196af000, 0x0000000120976000]
CodeHeap 'profiled nmethods': size=120028Kb used=1224Kb max_used=1224Kb free=118803Kb
 bounds [0x0000000111f08000, 0x0000000112178000, 0x000000011943f000]
CodeHeap 'non-nmethods': size=5704Kb used=1538Kb max_used=1551Kb free=4165Kb
 bounds [0x0000000111976000, 0x0000000111be6000, 0x0000000111f08000]
 total_blobs=1663 nmethods=748 adapters=829
 compilation: enabled
              stopped_count=0, restarted_count=0
 full_count=0

Compilation events (20 events):
Event: 0.471 Thread 0x00007fa43400b800  731       3       java.nio.MappedByteBuffer::limit (6 bytes)
Event: 0.471 Thread 0x00007fa43400b800 nmethod 731 0x0000000112036890 code [0x0000000112036a40, 0x0000000112036c40]
Event: 0.652 Thread 0x00007fa431087200  739       4       java.util.concurrent.ConcurrentHashMap::tabAt (22 bytes)
Event: 0.652 Thread 0x00007fa43400b800  738       3       jdk.internal.jimage.ImageStringsReader::hashCode (31 bytes)
Event: 0.653 Thread 0x00007fa43400b800 nmethod 738 0x0000000112036d90 code [0x0000000112036f60, 0x0000000112037110]
Event: 0.653 Thread 0x00007fa43400b800  741       3       jdk.internal.jimage.ImageLocation::decompress (153 bytes)
Event: 0.653 Thread 0x00007fa431087200 nmethod 739 0x000000011947de90 code [0x000000011947e000, 0x000000011947e058]
Event: 0.653 Thread 0x00007fa43400b800 nmethod 741 0x0000000112037210 code [0x00000001120374c0, 0x00000001120383f0]
Event: 0.654 Thread 0x00007fa43400b800  740       3       java.nio.MappedByteBuffer::rewind (5 bytes)
Event: 0.654 Thread 0x00007fa43400b800 nmethod 740 0x0000000112038910 code [0x0000000112038ac0, 0x0000000112038cf0]
Event: 0.663 Thread 0x00007fa43400b800  743       3       sun.misc.Unsafe::putInt (11 bytes)
Event: 0.663 Thread 0x00007fa43400b800 nmethod 743 0x0000000112038e10 code [0x0000000112038fa0, 0x0000000112039090]
Event: 0.664 Thread 0x00007fa43400b800  745       3       org.lwjgl.system.MemoryUtil::encodeASCII (66 bytes)
Event: 0.664 Thread 0x00007fa43400b200  747       4       java.nio.ByteOrder::nativeOrder (4 bytes)
Event: 0.664 Thread 0x00007fa43400b800 nmethod 745 0x0000000112039110 code [0x0000000112039300, 0x0000000112039890]
Event: 0.664 Thread 0x00007fa43400b800  746       1       org.lwjgl.system.Pointer$Default::address (5 bytes)
Event: 0.664 Thread 0x00007fa43400b200 nmethod 747 0x000000011947e990 code [0x000000011947eb00, 0x000000011947eb58]
Event: 0.664 Thread 0x00007fa43400b800 nmethod 746 0x000000011947ec90 code [0x000000011947ee20, 0x000000011947eed0]
Event: 0.666 Thread 0x00007fa43400b800  748       3       java.lang.StringConcatHelper::prepend (37 bytes)
Event: 0.666 Thread 0x00007fa43400b800 nmethod 748 0x0000000112039a90 code [0x0000000112039c60, 0x0000000112039f10]

GC Heap History (0 events):
No events

Deoptimization events (20 events):
Event: 0.384 Thread 0x00007fa434008a00 DEOPT PACKING pc=0x0000000111ffb8e8 sp=0x000070000b38f660
Event: 0.384 Thread 0x00007fa434008a00 DEOPT UNPACKING pc=0x00000001119c3f2b sp=0x000070000b38ead0 mode 0
Event: 0.410 Thread 0x00007fa434008a00 Uncommon trap: trap_request=0xffffff45 fr.pc=0x000000011945c384 relative=0x0000000000000204
Event: 0.410 Thread 0x00007fa434008a00 Uncommon trap: reason=unstable_if action=reinterpret pc=0x000000011945c384 method=java.lang.String.startsWith(Ljava/lang/String;I)Z @ 14 c2
Event: 0.410 Thread 0x00007fa434008a00 DEOPT PACKING pc=0x000000011945c384 sp=0x000070000b392320
Event: 0.410 Thread 0x00007fa434008a00 DEOPT UNPACKING pc=0x00000001119c4125 sp=0x000070000b3922a0 mode 2
Event: 0.417 Thread 0x00007fa434008a00 Uncommon trap: trap_request=0xffffffde fr.pc=0x00000001194662f8 relative=0x00000000000003b8
Event: 0.417 Thread 0x00007fa434008a00 Uncommon trap: reason=class_check action=maybe_recompile pc=0x00000001194662f8 method=java.util.HashMap.getNode(Ljava/lang/Object;)Ljava/util/HashMap$Node; @ 63 c2
Event: 0.417 Thread 0x00007fa434008a00 DEOPT PACKING pc=0x00000001194662f8 sp=0x000070000b391ee0
Event: 0.417 Thread 0x00007fa434008a00 DEOPT UNPACKING pc=0x00000001119c4125 sp=0x000070000b391e18 mode 2
Event: 0.424 Thread 0x00007fa434008a00 Uncommon trap: trap_request=0xffffffde fr.pc=0x00000001194662f8 relative=0x00000000000003b8
Event: 0.424 Thread 0x00007fa434008a00 Uncommon trap: reason=class_check action=maybe_recompile pc=0x00000001194662f8 method=java.util.HashMap.getNode(Ljava/lang/Object;)Ljava/util/HashMap$Node; @ 63 c2
Event: 0.424 Thread 0x00007fa434008a00 DEOPT PACKING pc=0x00000001194662f8 sp=0x000070000b392550
Event: 0.424 Thread 0x00007fa434008a00 DEOPT UNPACKING pc=0x00000001119c4125 sp=0x000070000b392488 mode 2
Event: 0.443 Thread 0x00007fa434008a00 Uncommon trap: trap_request=0xffffffde fr.pc=0x00000001194662f8 relative=0x00000000000003b8
Event: 0.443 Thread 0x00007fa434008a00 Uncommon trap: reason=class_check action=maybe_recompile pc=0x00000001194662f8 method=java.util.HashMap.getNode(Ljava/lang/Object;)Ljava/util/HashMap$Node; @ 63 c2
Event: 0.443 Thread 0x00007fa434008a00 DEOPT PACKING pc=0x00000001194662f8 sp=0x000070000b392b60
Event: 0.443 Thread 0x00007fa434008a00 DEOPT UNPACKING pc=0x00000001119c4125 sp=0x000070000b392a98 mode 2
Event: 0.452 Thread 0x00007fa434008a00 DEOPT PACKING pc=0x0000000111ffb8e8 sp=0x000070000b3918c0
Event: 0.452 Thread 0x00007fa434008a00 DEOPT UNPACKING pc=0x00000001119c3f2b sp=0x000070000b390d30 mode 0

Classes unloaded (0 events):
No events

Classes redefined (0 events):
No events

Internal exceptions (11 events):
Event: 0.107 Thread 0x00007fa434008a00 Implicit null exception at 0x000000011944b835 to 0x000000011944b99c
Event: 0.316 Thread 0x00007fa43380b600 Exception <a 'java/lang/NoSuchMethodError'{0x00000007872f7620}: 'java.lang.Object java.lang.invoke.DirectMethodHandle$Holder.invokeStatic(java.lang.Object)'> (0x00000007872f7620) 
thrown [./open/src/hotspot/share/interpreter/linkResolver.cpp, line 782]
Event: 0.317 Thread 0x00007fa43380b600 Exception <a 'java/lang/NoSuchMethodError'{0x00000007872fae08}: 'java.lang.Object java.lang.invoke.DirectMethodHandle$Holder.invokeStaticInit(java.lang.Object)'> (0x00000007872fae08) 
thrown [./open/src/hotspot/share/interpreter/linkResolver.cpp, line 782]
Event: 0.329 Thread 0x00007fa43380b600 Exception <a 'java/lang/NoSuchMethodError'{0x00000007871adcb8}: 'void java.lang.invoke.DirectMethodHandle$Holder.invokeStatic(java.lang.Object, java.lang.Object)'> (0x00000007871adcb8) 
thrown [./open/src/hotspot/share/interpreter/linkResolver.cpp, line 782]
Event: 0.398 Thread 0x00007fa434008a00 Exception <a 'java/lang/NoSuchMethodError'{0x0000000786fd00b0}: 'void java.lang.invoke.DirectMethodHandle$Holder.invokeSpecial(java.lang.Object, java.lang.Object, java.lang.Object)'> (0x0000000786fd00b0) 
thrown [./open/src/hotspot/share/interpreter/linkResolver.cpp, line 782]
Event: 0.402 Thread 0x00007fa434008a00 Exception <a 'java/lang/NoSuchMethodError'{0x0000000786fe4248}: 'java.lang.Object java.lang.invoke.DirectMethodHandle$Holder.invokeStatic(java.lang.Object, java.lang.Object, int)'> (0x0000000786fe4248) 
thrown [./open/src/hotspot/share/interpreter/linkResolver.cpp, line 782]
Event: 0.404 Thread 0x00007fa434008a00 Exception <a 'java/lang/NoSuchMethodError'{0x0000000786ff0390}: 'void java.lang.invoke.DelegatingMethodHandle$Holder.delegate(java.lang.Object, java.lang.Object, int, java.lang.Object)'> (0x0000000786ff0390) 
thrown [./open/src/hotspot/share/interpreter/linkResolver.cpp, line 782]
Event: 0.404 Thread 0x00007fa434008a00 Exception <a 'java/lang/NoSuchMethodError'{0x0000000786ff44e0}: 'int java.lang.invoke.DirectMethodHandle$Holder.invokeSpecial(java.lang.Object, java.lang.Object, java.lang.Object)'> (0x0000000786ff44e0) 
thrown [./open/src/hotspot/share/interpreter/linkResolver.cpp, line 782]
Event: 0.434 Thread 0x00007fa434008a00 Exception <a 'sun/nio/fs/UnixException'{0x0000000786e3d318}> (0x0000000786e3d318) 
thrown [./open/src/hotspot/share/prims/jni.cpp, line 578]
Event: 0.449 Thread 0x00007fa434008a00 Exception <a 'sun/nio/fs/UnixException'{0x0000000786e6bce8}> (0x0000000786e6bce8) 
thrown [./open/src/hotspot/share/prims/jni.cpp, line 578]
Event: 0.653 Thread 0x00007fa434008a00 Exception <a 'sun/nio/fs/UnixException'{0x0000000786d70ea8}> (0x0000000786d70ea8) 
thrown [./open/src/hotspot/share/prims/jni.cpp, line 578]

Events (20 events):
Event: 0.456 loading class java/nio/DirectCharBufferU
Event: 0.457 loading class java/nio/DirectCharBufferU done
Event: 0.457 loading class java/nio/DirectDoubleBufferU
Event: 0.458 loading class java/nio/DirectDoubleBufferU done
Event: 0.458 loading class sun/misc/Unsafe
Event: 0.458 loading class sun/misc/Unsafe done
Event: 0.458 loading class jdk/internal/reflect/UnsafeFieldAccessorFactory
Event: 0.458 loading class jdk/internal/reflect/UnsafeFieldAccessorFactory done
Event: 0.458 loading class jdk/internal/reflect/UnsafeQualifiedStaticObjectFieldAccessorImpl
Event: 0.459 loading class jdk/internal/reflect/UnsafeQualifiedStaticFieldAccessorImpl
Event: 0.459 loading class jdk/internal/reflect/UnsafeQualifiedStaticFieldAccessorImpl done
Event: 0.459 loading class jdk/internal/reflect/UnsafeQualifiedStaticObjectFieldAccessorImpl done
Event: 0.461 loading class java/math/MutableBigInteger
Event: 0.462 loading class java/math/MutableBigInteger done
Event: 0.462 loading class java/nio/BufferOverflowException
Event: 0.463 loading class java/nio/BufferOverflowException done
Event: 0.463 loading class java/nio/InvalidMarkException
Event: 0.463 loading class java/nio/InvalidMarkException done
Event: 0.463 loading class java/nio/BufferUnderflowException
Event: 0.463 loading class java/nio/BufferUnderflowException done


Dynamic libraries:
0x00007fff6f6b7000 	/usr/lib/libz.1.dylib
0x0000000103103000 	/Library/Java/JavaVirtualMachines/jdk-15.0.2.jdk/Contents/Home/lib/libjli.dylib
0x00007fff351bc000 	/System/Library/Frameworks/Cocoa.framework/Versions/A/Cocoa
0x00007fff429b3000 	/System/Library/Frameworks/Security.framework/Versions/A/Security
0x00007fff34121000 	/System/Library/Frameworks/ApplicationServices.framework/Versions/A/ApplicationServices
0x00007fff6d17b000 	/usr/lib/libSystem.B.dylib
0x00007fff6ff78000 	/usr/lib/system/libcache.dylib
0x00007fff6ff7e000 	/usr/lib/system/libcommonCrypto.dylib
0x00007fff6ff8a000 	/usr/lib/system/libcompiler_rt.dylib
0x00007fff6ff92000 	/usr/lib/system/libcopyfile.dylib
0x00007fff6ff9c000 	/usr/lib/system/libcorecrypto.dylib
0x00007fff7013b000 	/usr/lib/system/libdispatch.dylib
0x00007fff7017c000 	/usr/lib/system/libdyld.dylib
0x00007fff701b3000 	/usr/lib/system/libkeymgr.dylib
0x00007fff701c1000 	/usr/lib/system/liblaunch.dylib
0x00007fff701c2000 	/usr/lib/system/libmacho.dylib
0x00007fff701c8000 	/usr/lib/system/libquarantine.dylib
0x00007fff701cb000 	/usr/lib/system/libremovefile.dylib
0x00007fff701cd000 	/usr/lib/system/libsystem_asl.dylib
0x00007fff701e5000 	/usr/lib/system/libsystem_blocks.dylib
0x00007fff701e6000 	/usr/lib/system/libsystem_c.dylib
0x00007fff7026e000 	/usr/lib/system/libsystem_configuration.dylib
0x00007fff70272000 	/usr/lib/system/libsystem_coreservices.dylib
0x00007fff70276000 	/usr/lib/system/libsystem_darwin.dylib
0x00007fff7027f000 	/usr/lib/system/libsystem_dnssd.dylib
0x00007fff70287000 	/usr/lib/system/libsystem_featureflags.dylib
0x00007fff70289000 	/usr/lib/system/libsystem_info.dylib
0x00007fff70304000 	/usr/lib/system/libsystem_m.dylib
0x00007fff7034c000 	/usr/lib/system/libsystem_malloc.dylib
0x00007fff70374000 	/usr/lib/system/libsystem_networkextension.dylib
0x00007fff70382000 	/usr/lib/system/libsystem_notify.dylib
0x00007fff703a0000 	/usr/lib/system/libsystem_sandbox.dylib
0x00007fff703a5000 	/usr/lib/system/libsystem_secinit.dylib
0x00007fff702d7000 	/usr/lib/system/libsystem_kernel.dylib
0x00007fff7038c000 	/usr/lib/system/libsystem_platform.dylib
0x00007fff70395000 	/usr/lib/system/libsystem_pthread.dylib
0x00007fff703a8000 	/usr/lib/system/libsystem_symptoms.dylib
0x00007fff703b0000 	/usr/lib/system/libsystem_trace.dylib
0x00007fff703c8000 	/usr/lib/system/libunwind.dylib
0x00007fff703ce000 	/usr/lib/system/libxpc.dylib
0x00007fff6efdb000 	/usr/lib/libobjc.A.dylib
0x00007fff6d4b4000 	/usr/lib/libc++abi.dylib
0x00007fff6d461000 	/usr/lib/libc++.1.dylib
0x00007fff3605e000 	/System/Library/Frameworks/CoreFoundation.framework/Versions/A/CoreFoundation
0x00007fff3871b000 	/System/Library/Frameworks/Foundation.framework/Versions/C/Foundation
0x00007fff33311000 	/System/Library/Frameworks/AppKit.framework/Versions/C/AppKit
0x00007fff35b40000 	/System/Library/Frameworks/CoreData.framework/Versions/A/CoreData
0x00007fff67190000 	/System/Library/PrivateFrameworks/UIFoundation.framework/Versions/A/UIFoundation
0x00007fff62224000 	/System/Library/PrivateFrameworks/RemoteViewServices.framework/Versions/A/RemoteViewServices
0x00007fff69ceb000 	/System/Library/PrivateFrameworks/XCTTargetBootstrap.framework/Versions/A/XCTTargetBootstrap
0x00007fff35f2b000 	/System/Library/Frameworks/CoreDisplay.framework/Versions/A/CoreDisplay
0x00007fff3b5d6000 	/System/Library/Frameworks/Metal.framework/Versions/A/Metal
0x00007fff501cf000 	/System/Library/PrivateFrameworks/DesktopServicesPriv.framework/Versions/A/DesktopServicesPriv
0x00007fff6e2b6000 	/usr/lib/liblangid.dylib
0x00007fff4f464000 	/System/Library/PrivateFrameworks/CoreSVG.framework/Versions/A/CoreSVG
0x00007fff65380000 	/System/Library/PrivateFrameworks/SkyLight.framework/Versions/A/SkyLight
0x00007fff364df000 	/System/Library/Frameworks/CoreGraphics.framework/Versions/A/CoreGraphics
0x00007fff31ce5000 	/System/Library/Frameworks/Accelerate.framework/Versions/A/Accelerate
0x00007fff6f5a8000 	/usr/lib/libxml2.2.dylib
0x00007fff5b16d000 	/System/Library/PrivateFrameworks/IconServices.framework/Versions/A/IconServices
0x00007fff38efa000 	/System/Library/Frameworks/IOSurface.framework/Versions/A/IOSurface
0x00007fff6cca5000 	/usr/lib/libDiagnosticMessagesClient.dylib
0x00007fff50029000 	/System/Library/PrivateFrameworks/DFRFoundation.framework/Versions/A/DFRFoundation
0x00007fff6e045000 	/usr/lib/libicucore.A.dylib
0x00007fff34453000 	/System/Library/Frameworks/AudioToolbox.framework/Versions/A/AudioToolbox
0x00007fff34536000 	/System/Library/Frameworks/AudioUnit.framework/Versions/A/AudioUnit
0x00007fff6d37d000 	/usr/lib/libauto.dylib
0x00007fff500cb000 	/System/Library/PrivateFrameworks/DataDetectorsCore.framework/Versions/A/DataDetectorsCore
0x00007fff34cdd000 	/System/Library/Frameworks/Carbon.framework/Versions/A/Frameworks/HIToolbox.framework/Versions/A/HIToolbox
0x00007fff41baf000 	/System/Library/Frameworks/QuartzCore.framework/Versions/A/QuartzCore
0x00007fff3501c000 	/System/Library/Frameworks/Carbon.framework/Versions/A/Frameworks/SpeechRecognition.framework/Versions/A/SpeechRecognition
0x00007fff4fb3d000 	/System/Library/PrivateFrameworks/CoreUI.framework/Versions/A/CoreUI
0x00007fff355ab000 	/System/Library/Frameworks/CoreAudio.framework/Versions/A/CoreAudio
0x00007fff383da000 	/System/Library/Frameworks/DiskArbitration.framework/Versions/A/DiskArbitration
0x00007fff5d1ff000 	/System/Library/PrivateFrameworks/MultitouchSupport.framework/Versions/A/MultitouchSupport
0x00007fff6df0c000 	/usr/lib/libenergytrace.dylib
0x00007fff38e54000 	/System/Library/Frameworks/IOKit.framework/Versions/A/IOKit
0x00007fff37446000 	/System/Library/Frameworks/CoreServices.framework/Versions/A/CoreServices
0x00007fff5f3b7000 	/System/Library/PrivateFrameworks/PerformanceAnalysis.framework/Versions/A/PerformanceAnalysis
0x00007fff40be2000 	/System/Library/Frameworks/OpenGL.framework/Versions/A/OpenGL
0x00007fff351ca000 	/System/Library/Frameworks/ColorSync.framework/Versions/A/ColorSync
0x00007fff36b62000 	/System/Library/Frameworks/CoreImage.framework/Versions/A/CoreImage
0x00007fff37eb9000 	/System/Library/Frameworks/CoreText.framework/Versions/A/CoreText
0x00007fff38f8a000 	/System/Library/Frameworks/ImageIO.framework/Versions/A/ImageIO
0x00007fff6d4dd000 	/usr/lib/libcompression.dylib
0x00007fff6cfe9000 	/usr/lib/libMobileGestalt.dylib
0x00007fff66efa000 	/System/Library/PrivateFrameworks/TextureIO.framework/Versions/A/TextureIO
0x00007fff6d2e0000 	/usr/lib/libate.dylib
0x00007fff5b376000 	/System/Library/PrivateFrameworks/InternationalSupport.framework/Versions/A/InternationalSupport
0x00007fff6e2b8000 	/usr/lib/liblzma.5.dylib
0x00007fff6df33000 	/usr/lib/libfakelink.dylib
0x00007fff6d26d000 	/usr/lib/libarchive.2.dylib
0x00007fff43a64000 	/System/Library/Frameworks/SystemConfiguration.framework/Versions/A/SystemConfiguration
0x00007fff6cbd8000 	/usr/lib/libCRFSuite.dylib
0x00007fff348cd000 	/System/Library/Frameworks/CFNetwork.framework/Versions/A/CFNetwork
0x00007fff6d443000 	/usr/lib/libbsm.0.dylib
0x00007fff701b4000 	/usr/lib/system/libkxld.dylib
0x00007fff499a6000 	/System/Library/PrivateFrameworks/AppleFSCompression.framework/Versions/A/AppleFSCompression
0x00007fff6d7ce000 	/usr/lib/libcoretls.dylib
0x00007fff6d7e5000 	/usr/lib/libcoretls_cfhelpers.dylib
0x00007fff6f021000 	/usr/lib/libpam.2.dylib
0x00007fff6f156000 	/usr/lib/libsqlite3.dylib
0x00007fff6f595000 	/usr/lib/libxar.1.dylib
0x00007fff6d454000 	/usr/lib/libbz2.1.0.dylib
0x00007fff6df54000 	/usr/lib/libiconv.2.dylib
0x00007fff6d4ca000 	/usr/lib/libcharset.1.dylib
0x00007fff6eabe000 	/usr/lib/libnetwork.dylib
0x00007fff6f028000 	/usr/lib/libpcap.A.dylib
0x00007fff6d222000 	/usr/lib/libapple_nghttp2.dylib
0x00007fff377fd000 	/System/Library/Frameworks/CoreServices.framework/Versions/A/Frameworks/FSEvents.framework/Versions/A/FSEvents
0x00007fff374cd000 	/System/Library/Frameworks/CoreServices.framework/Versions/A/Frameworks/CarbonCore.framework/Versions/A/CarbonCore
0x00007fff37a41000 	/System/Library/Frameworks/CoreServices.framework/Versions/A/Frameworks/Metadata.framework/Versions/A/Metadata
0x00007fff37ada000 	/System/Library/Frameworks/CoreServices.framework/Versions/A/Frameworks/OSServices.framework/Versions/A/OSServices
0x00007fff37b08000 	/System/Library/Frameworks/CoreServices.framework/Versions/A/Frameworks/SearchKit.framework/Versions/A/SearchKit
0x00007fff37447000 	/System/Library/Frameworks/CoreServices.framework/Versions/A/Frameworks/AE.framework/Versions/A/AE
0x00007fff37806000 	/System/Library/Frameworks/CoreServices.framework/Versions/A/Frameworks/LaunchServices.framework/Versions/A/LaunchServices
0x00007fff377af000 	/System/Library/Frameworks/CoreServices.framework/Versions/A/Frameworks/DictionaryServices.framework/Versions/A/DictionaryServices
0x00007fff37b70000 	/System/Library/Frameworks/CoreServices.framework/Versions/A/Frameworks/SharedFileList.framework/Versions/A/SharedFileList
0x00007fff3ca01000 	/System/Library/Frameworks/NetFS.framework/Versions/A/NetFS
0x00007fff5d72f000 	/System/Library/PrivateFrameworks/NetAuth.framework/Versions/A/NetAuth
0x00007fff6a0b8000 	/System/Library/PrivateFrameworks/login.framework/Versions/A/Frameworks/loginsupport.framework/Versions/A/loginsupport
0x00007fff669c5000 	/System/Library/PrivateFrameworks/TCC.framework/Versions/A/TCC
0x00007fff4e5d7000 	/System/Library/PrivateFrameworks/CoreNLP.framework/Versions/A/CoreNLP
0x00007fff5cbea000 	/System/Library/PrivateFrameworks/MetadataUtilities.framework/Versions/A/MetadataUtilities
0x00007fff6e390000 	/usr/lib/libmecabra.dylib
0x00007fff6e2e8000 	/usr/lib/libmecab.dylib
0x00007fff6df44000 	/usr/lib/libgermantok.dylib
0x00007fff6d209000 	/usr/lib/libThaiTokenizer.dylib
0x00007fff6cc0f000 	/usr/lib/libChineseTokenizer.dylib
0x00007fff31cfd000 	/System/Library/Frameworks/Accelerate.framework/Versions/A/Frameworks/vImage.framework/Versions/A/vImage
0x00007fff33167000 	/System/Library/Frameworks/Accelerate.framework/Versions/A/Frameworks/vecLib.framework/Versions/A/vecLib
0x00007fff330a4000 	/System/Library/Frameworks/Accelerate.framework/Versions/A/Frameworks/vecLib.framework/Versions/A/libvMisc.dylib
0x00007fff32ecc000 	/System/Library/Frameworks/Accelerate.framework/Versions/A/Frameworks/vecLib.framework/Versions/A/libvDSP.dylib
0x00007fff32354000 	/System/Library/Frameworks/Accelerate.framework/Versions/A/Frameworks/vecLib.framework/Versions/A/libBLAS.dylib
0x00007fff32a90000 	/System/Library/Frameworks/Accelerate.framework/Versions/A/Frameworks/vecLib.framework/Versions/A/libLAPACK.dylib
0x00007fff32e2c000 	/System/Library/Frameworks/Accelerate.framework/Versions/A/Frameworks/vecLib.framework/Versions/A/libLinearAlgebra.dylib
0x00007fff32eb9000 	/System/Library/Frameworks/Accelerate.framework/Versions/A/Frameworks/vecLib.framework/Versions/A/libSparseBLAS.dylib
0x00007fff32e42000 	/System/Library/Frameworks/Accelerate.framework/Versions/A/Frameworks/vecLib.framework/Versions/A/libQuadrature.dylib
0x00007fff325bc000 	/System/Library/Frameworks/Accelerate.framework/Versions/A/Frameworks/vecLib.framework/Versions/A/libBNNS.dylib
0x00007fff32e48000 	/System/Library/Frameworks/Accelerate.framework/Versions/A/Frameworks/vecLib.framework/Versions/A/libSparse.dylib
0x00007fff5b75e000 	/System/Library/PrivateFrameworks/LanguageModeling.framework/Versions/A/LanguageModeling
0x00007fff4df87000 	/System/Library/PrivateFrameworks/CoreEmoji.framework/Versions/A/CoreEmoji
0x00007fff5b87c000 	/System/Library/PrivateFrameworks/LinguisticData.framework/Versions/A/LinguisticData
0x00007fff5b82d000 	/System/Library/PrivateFrameworks/Lexicon.framework/Versions/A/Lexicon
0x00007fff6d4cb000 	/usr/lib/libcmph.dylib
0x00007fff3f5f0000 	/System/Library/Frameworks/OpenDirectory.framework/Versions/A/Frameworks/CFOpenDirectory.framework/Versions/A/CFOpenDirectory
0x00007fff3f60d000 	/System/Library/Frameworks/OpenDirectory.framework/Versions/A/OpenDirectory
0x00007fff47a4e000 	/System/Library/PrivateFrameworks/APFS.framework/Versions/A/APFS
0x00007fff42cfd000 	/System/Library/Frameworks/SecurityFoundation.framework/Versions/A/SecurityFoundation
0x00007fff6f591000 	/usr/lib/libutil.dylib
0x00007fff4f4bc000 	/System/Library/PrivateFrameworks/CoreServicesStore.framework/Versions/A/CoreServicesStore
0x00007fff42db4000 	/System/Library/Frameworks/ServiceManagement.framework/Versions/A/ServiceManagement
0x00007fff4b176000 	/System/Library/PrivateFrameworks/BackgroundTaskManagement.framework/Versions/A/BackgroundTaskManagement
0x00007fff6f68e000 	/usr/lib/libxslt.1.dylib
0x00007fff4a019000 	/System/Library/PrivateFrameworks/AppleSystemInfo.framework/Versions/A/AppleSystemInfo
0x00007fff391a5000 	/System/Library/Frameworks/ImageIO.framework/Versions/A/Resources/libJPEG.dylib
0x00007fff39464000 	/System/Library/Frameworks/ImageIO.framework/Versions/A/Resources/libTIFF.dylib
0x00007fff39447000 	/System/Library/Frameworks/ImageIO.framework/Versions/A/Resources/libPng.dylib
0x00007fff390e7000 	/System/Library/Frameworks/ImageIO.framework/Versions/A/Resources/libGIF.dylib
0x00007fff390eb000 	/System/Library/Frameworks/ImageIO.framework/Versions/A/Resources/libJP2.dylib
0x00007fff39462000 	/System/Library/Frameworks/ImageIO.framework/Versions/A/Resources/libRadiance.dylib
0x00007fff6df0d000 	/usr/lib/libexpat.1.dylib
0x00007fff49b01000 	/System/Library/PrivateFrameworks/AppleJPEG.framework/Versions/A/AppleJPEG
0x00007fff527d2000 	/System/Library/PrivateFrameworks/FontServices.framework/libFontParser.dylib
0x00007fff690ba000 	/System/Library/PrivateFrameworks/WatchdogClient.framework/Versions/A/WatchdogClient
0x00007fff5adb9000 	/System/Library/PrivateFrameworks/IOAccelerator.framework/Versions/A/IOAccelerator
0x00007fff3b971000 	/System/Library/Frameworks/MetalPerformanceShaders.framework/Versions/A/MetalPerformanceShaders
0x00007fff5754f000 	/System/Library/PrivateFrameworks/GPUWrangler.framework/Versions/A/GPUWrangler
0x00007fff5adce000 	/System/Library/PrivateFrameworks/IOPresentment.framework/Versions/A/IOPresentment
0x00007fff5003c000 	/System/Library/PrivateFrameworks/DSExternalDisplay.framework/Versions/A/DSExternalDisplay
0x00007fff3ff81000 	/System/Library/Frameworks/OpenGL.framework/Versions/A/Libraries/libCoreFSCache.dylib
0x00007fff3b6bd000 	/System/Library/Frameworks/MetalPerformanceShaders.framework/Frameworks/MPSCore.framework/Versions/A/MPSCore
0x00007fff3b6fb000 	/System/Library/Frameworks/MetalPerformanceShaders.framework/Frameworks/MPSImage.framework/Versions/A/MPSImage
0x00007fff3b7c2000 	/System/Library/Frameworks/MetalPerformanceShaders.framework/Frameworks/MPSNeuralNetwork.framework/Versions/A/MPSNeuralNetwork
0x00007fff3b786000 	/System/Library/Frameworks/MetalPerformanceShaders.framework/Frameworks/MPSMatrix.framework/Versions/A/MPSMatrix
0x00007fff3b921000 	/System/Library/Frameworks/MetalPerformanceShaders.framework/Frameworks/MPSRayIntersector.framework/Versions/A/MPSRayIntersector
0x00007fff3b7ac000 	/System/Library/Frameworks/MetalPerformanceShaders.framework/Frameworks/MPSNDArray.framework/Versions/A/MPSNDArray
0x00007fff5cc37000 	/System/Library/PrivateFrameworks/MetalTools.framework/Versions/A/MetalTools
0x00007fff48c28000 	/System/Library/PrivateFrameworks/AggregateDictionary.framework/Versions/A/AggregateDictionary
0x00007fff4d9cf000 	/System/Library/PrivateFrameworks/CoreAnalytics.framework/Versions/A/CoreAnalytics
0x00007fff49f38000 	/System/Library/PrivateFrameworks/AppleSauce.framework/Versions/A/AppleSauce
0x00007fff6cecb000 	/usr/lib/libIOReport.dylib
0x00007fff38071000 	/System/Library/Frameworks/CoreVideo.framework/Versions/A/CoreVideo
0x00007fff589c8000 	/System/Library/PrivateFrameworks/GraphVisualizer.framework/Versions/A/GraphVisualizer
0x00007fff51d18000 	/System/Library/PrivateFrameworks/FaceCore.framework/Versions/A/FaceCore
0x00007fff3f597000 	/System/Library/Frameworks/OpenCL.framework/Versions/A/OpenCL
0x00007fff6cced000 	/usr/lib/libFosl_dynamic.dylib
0x00007fff5e14f000 	/System/Library/PrivateFrameworks/OTSVG.framework/Versions/A/OTSVG
0x00007fff34226000 	/System/Library/Frameworks/ApplicationServices.framework/Versions/A/Frameworks/ATS.framework/Versions/A/Resources/libFontRegistry.dylib
0x00007fff529a3000 	/System/Library/PrivateFrameworks/FontServices.framework/libhvf.dylib
0x00007fff3ff8c000 	/System/Library/Frameworks/OpenGL.framework/Versions/A/Libraries/libGFXShared.dylib
0x00007fff4016a000 	/System/Library/Frameworks/OpenGL.framework/Versions/A/Libraries/libGLU.dylib
0x00007fff3ff95000 	/System/Library/Frameworks/OpenGL.framework/Versions/A/Libraries/libGL.dylib
0x00007fff3ffa0000 	/System/Library/Frameworks/OpenGL.framework/Versions/A/Libraries/libGLImage.dylib
0x00007fff3ff7e000 	/System/Library/Frameworks/OpenGL.framework/Versions/A/Libraries/libCVMSPluginSupport.dylib
0x00007fff3ff87000 	/System/Library/Frameworks/OpenGL.framework/Versions/A/Libraries/libCoreVMClient.dylib
0x00007fff6e95f000 	/usr/lib/libncurses.5.4.dylib
0x00007fff34122000 	/System/Library/Frameworks/ApplicationServices.framework/Versions/A/Frameworks/ATS.framework/Versions/A/ATS
0x00007fff342ef000 	/System/Library/Frameworks/ApplicationServices.framework/Versions/A/Frameworks/ColorSyncLegacy.framework/Versions/A/ColorSyncLegacy
0x00007fff3438d000 	/System/Library/Frameworks/ApplicationServices.framework/Versions/A/Frameworks/HIServices.framework/Versions/A/HIServices
0x00007fff343e5000 	/System/Library/Frameworks/ApplicationServices.framework/Versions/A/Frameworks/LangAnalysis.framework/Versions/A/LangAnalysis
0x00007fff343f4000 	/System/Library/Frameworks/ApplicationServices.framework/Versions/A/Frameworks/PrintCore.framework/Versions/A/PrintCore
0x00007fff3443a000 	/System/Library/Frameworks/ApplicationServices.framework/Versions/A/Frameworks/QD.framework/Versions/A/QD
0x00007fff34445000 	/System/Library/Frameworks/ApplicationServices.framework/Versions/A/Frameworks/SpeechSynthesis.framework/Versions/A/SpeechSynthesis
0x00007fff342bf000 	/System/Library/Frameworks/ApplicationServices.framework/Versions/A/Frameworks/ATSUI.framework/Versions/A/ATSUI
0x00007fff6dda3000 	/usr/lib/libcups.2.dylib
0x00007fff3aa0c000 	/System/Library/Frameworks/Kerberos.framework/Versions/A/Kerberos
0x00007fff38b4d000 	/System/Library/Frameworks/GSS.framework/Versions/A/GSS
0x00007fff6f0e2000 	/usr/lib/libresolv.9.dylib
0x00007fff58b75000 	/System/Library/PrivateFrameworks/Heimdal.framework/Versions/A/Heimdal
0x00007fff3aa1f000 	/System/Library/Frameworks/Kerberos.framework/Versions/A/Libraries/libHeimdalProxy.dylib
0x00007fff6df4a000 	/usr/lib/libheimdal-asn1.dylib
0x00007fff4ce67000 	/System/Library/PrivateFrameworks/CommonAuth.framework/Versions/A/CommonAuth
0x00007fff4a0b6000 	/System/Library/PrivateFrameworks/AssertionServices.framework/Versions/A/AssertionServices
0x00007fff4ac59000 	/System/Library/PrivateFrameworks/AudioToolboxCore.framework/Versions/A/AudioToolboxCore
0x00007fff69d68000 	/System/Library/PrivateFrameworks/caulk.framework/Versions/A/caulk
0x00007fff4b222000 	/System/Library/PrivateFrameworks/BaseBoard.framework/Versions/A/BaseBoard
0x00007fff623b2000 	/System/Library/PrivateFrameworks/RunningBoardServices.framework/Versions/A/RunningBoardServices
0x00007fff5f3c3000 	/System/Library/PrivateFrameworks/PersistentConnection.framework/Versions/A/PersistentConnection
0x00007fff61dab000 	/System/Library/PrivateFrameworks/ProtocolBuffer.framework/Versions/A/ProtocolBuffer
0x00007fff4ce8b000 	/System/Library/PrivateFrameworks/CommonUtilities.framework/Versions/A/CommonUtilities
0x00007fff4b3b0000 	/System/Library/PrivateFrameworks/Bom.framework/Versions/A/Bom
0x00007fff6cb9e000 	/usr/lib/libAudioToolboxUtility.dylib
0x00007fff4b180000 	/System/Library/PrivateFrameworks/Backup.framework/Versions/A/Backup
0x00007fff4ff5d000 	/System/Library/PrivateFrameworks/CrashReporterSupport.framework/Versions/A/CrashReporterSupport
0x00007fff63e44000 	/System/Library/PrivateFrameworks/Sharing.framework/Versions/A/Sharing
0x00007fff496c4000 	/System/Library/PrivateFrameworks/Apple80211.framework/Versions/A/Apple80211
0x00007fff4ae9d000 	/System/Library/PrivateFrameworks/AuthKit.framework/Versions/A/AuthKit
0x00007fff4fc6a000 	/System/Library/PrivateFrameworks/CoreUtils.framework/Versions/A/CoreUtils
0x00007fff380b6000 	/System/Library/Frameworks/CoreWLAN.framework/Versions/A/CoreWLAN
0x00007fff38cda000 	/System/Library/Frameworks/IOBluetooth.framework/Versions/A/IOBluetooth
0x00007fff5cf7e000 	/System/Library/PrivateFrameworks/MobileKeyBag.framework/Versions/A/MobileKeyBag
0x00007fff4ea6f000 	/System/Library/PrivateFrameworks/CorePhoneNumbers.framework/Versions/A/CorePhoneNumbers
0x00007fff49ab4000 	/System/Library/PrivateFrameworks/AppleIDAuthSupport.framework/Versions/A/AppleIDAuthSupport
0x00007fff3ca0e000 	/System/Library/Frameworks/Network.framework/Versions/A/Network
0x00007fff5b60a000 	/System/Library/PrivateFrameworks/KeychainCircle.framework/Versions/A/KeychainCircle
0x00007fff35b07000 	/System/Library/Frameworks/CoreBluetooth.framework/Versions/A/CoreBluetooth
0x00007fff65ec3000 	/System/Library/PrivateFrameworks/SpeechRecognitionCore.framework/Versions/A/SpeechRecognitionCore
0x0000000104200000 	/Library/Java/JavaVirtualMachines/jdk-15.0.2.jdk/Contents/Home/lib/server/libjvm.dylib
0x000000010312e000 	/Library/Java/JavaVirtualMachines/jdk-15.0.2.jdk/Contents/Home/lib/libjimage.dylib
0x000000010313c000 	/Library/Java/JavaVirtualMachines/jdk-15.0.2.jdk/Contents/Home/lib/libinstrument.dylib
0x000000010314c000 	/Library/Java/JavaVirtualMachines/jdk-15.0.2.jdk/Contents/Home/lib/libjava.dylib
0x00000001031da000 	/Library/Java/JavaVirtualMachines/jdk-15.0.2.jdk/Contents/Home/lib/libzip.dylib
0x00000001031e8000 	/Library/Java/JavaVirtualMachines/jdk-15.0.2.jdk/Contents/Home/lib/libnio.dylib
0x000000011091c000 	/Library/Java/JavaVirtualMachines/jdk-15.0.2.jdk/Contents/Home/lib/libnet.dylib
0x0000000110935000 	/Library/Java/JavaVirtualMachines/jdk-15.0.2.jdk/Contents/Home/lib/libverify.dylib
0x0000000110946000 	/Library/Java/JavaVirtualMachines/jdk-15.0.2.jdk/Contents/Home/lib/libextnet.dylib
0x000000011094d000 	/private/var/folders/_8/dps6syrj2gz719mh3b_hv17c0000gn/T/lwjglkristpornpairin/3.2.3-build-13/liblwjgl.dylib
0x0000000110975000 	/private/var/folders/_8/dps6syrj2gz719mh3b_hv17c0000gn/T/lwjglkristpornpairin/3.2.3-build-13/libglfw.dylib
0x00007fff4f488000 	/System/Library/PrivateFrameworks/CoreServicesInternal.framework/Versions/A/CoreServicesInternal
0x00007fff385d5000 	/System/Library/Frameworks/FileProvider.framework/Versions/A/FileProvider
0x00007fff33168000 	/System/Library/Frameworks/Accounts.framework/Versions/A/Accounts
0x00007fff57874000 	/System/Library/PrivateFrameworks/GenerationalStorage.framework/Versions/A/GenerationalStorage
0x00007fff4fa0f000 	/System/Library/PrivateFrameworks/CoreSymbolication.framework/Versions/A/CoreSymbolication
0x00007fff66705000 	/System/Library/PrivateFrameworks/SymptomDiagnosticReporter.framework/Versions/A/SymptomDiagnosticReporter
0x00007fff491c8000 	/System/Library/PrivateFrameworks/AppContainer.framework/Versions/A/AppContainer
0x00007fff6f0fc000 	/usr/lib/libsandbox.1.dylib
0x00007fff6805e000 	/System/Library/PrivateFrameworks/UserManagement.framework/Versions/A/UserManagement
0x00007fff4bf6c000 	/System/Library/PrivateFrameworks/ChunkingLibrary.framework/Versions/A/ChunkingLibrary
0x00007fff50191000 	/System/Library/PrivateFrameworks/DebugSymbols.framework/Versions/A/DebugSymbols
0x00007fff4923a000 	/System/Library/PrivateFrameworks/AppSandbox.framework/Versions/A/AppSandbox
0x00007fff63cce000 	/System/Library/PrivateFrameworks/SecCodeWrapper.framework/Versions/A/SecCodeWrapper
0x00007fff6cfb3000 	/usr/lib/libMatch.1.dylib
0x00000001115c0000 	/usr/lib/libobjc-trampolines.dylib
0x00007fff31ce6000 	/System/Library/Frameworks/Accelerate.framework/Versions/A/Frameworks/vImage.framework/Versions/A/Libraries/libCGInterfaces.dylib
0x00007fff6a0bb000 	/System/Library/PrivateFrameworks/login.framework/Versions/A/login
0x00007fff5290a000 	/System/Library/PrivateFrameworks/FontServices.framework/libTrueTypeScaler.dylib
0x00007fff2ea5e000 	/System/Library/Extensions/AppleIntelKBLGraphicsMTLDriver.bundle/Contents/MacOS/AppleIntelKBLGraphicsMTLDriver
0x00007fff55e94000 	/System/Library/PrivateFrameworks/GPUCompiler.framework/Versions/3902/Libraries/libmetal_timestamp.dylib


VM Arguments:
jvm_args: -javaagent:/Applications/IntelliJ IDEA CE.app/Contents/lib/idea_rt.jar=58030:/Applications/IntelliJ IDEA CE.app/Contents/bin -Dfile.encoding=UTF-8 
java_command: WavefrontObjDemo
java_class_path (initial): /Users/kristpornpairin/ARMORA/out/production/amora:/Users/kristpornpairin/Library/Application Support/JetBrains/IdeaIC2020.3/plugins/Kotlin/kotlinc/lib/kotlin-stdlib.jar:/Users/kristpornpairin/Library/Application Support/JetBrains/IdeaIC2020.3/plugins/Kotlin/kotlinc/lib/kotlin-reflect.jar:/Users/kristpornpairin/Library/Application Support/JetBrains/IdeaIC2020.3/plugins/Kotlin/kotlinc/lib/kotlin-test.jar:/Users/kristpornpairin/Library/Application Support/JetBrains/IdeaIC2020.3/plugins/Kotlin/kotlinc/lib/kotlin-stdlib-jdk7.jar:/Users/kristpornpairin/Library/Application Support/JetBrains/IdeaIC2020.3/plugins/Kotlin/kotlinc/lib/kotlin-stdlib-jdk8.jar:/Users/kristpornpairin/ARMORA/lib/lwjgl-3.2.3/lwjgl/lwjgl.jar:/Users/kristpornpairin/ARMORA/lib/lwjgl-3.2.3/lwjgl/lwjgl-javadoc.jar:/Users/kristpornpairin/ARMORA/lib/lwjgl-3.2.3/lwjgl/lwjgl-sources.jar:/Users/kristpornpairin/ARMORA/lib/lwjgl-3.2.3/lwjgl/lwjgl-natives-linux.jar:/Users/kristpornpairin/ARMORA/lib/lwjgl-3.2.3/lwjgl/lwjgl-natives-macos.jar:/Users/kristpornpairin/ARMORA/lib/lwjgl-3.2.3/lwjgl/lwjgl-natives-windows.jar:/Users/kristpornpairin/ARMORA/lib/lwjgl-3.2.3/lwjgl/lwjgl-natives-linux-arm32.jar:/Users/kristpornpairin/ARMORA/lib/lwjgl-3.2.3/lwjgl/lwjgl-natives-linux-arm64.jar:/Users/kristpornpairin/ARMORA/lib/lwjgl-3.2.3/lwjgl/lwjgl-natives-windows-x86.jar:/Users/kristpornpairin/ARMORA/lib/lwjgl-3.2.3/lwjgl-assimp/lwjgl-assimp.jar:/Users/kristpornpairin/ARMORA/lib/lwjgl-3.2.3/lwjgl-assimp/lwjgl-assimp-javadoc.jar:/Users/kristpornpairin/ARMORA/lib/lwjgl-3.2.3/lwjgl-assimp/lwjgl-assimp-sources.jar:/Users/kristpornpairin/ARMORA/lib/lwjgl-3.2.3/lwjgl-assimp/lwjgl-assimp-natives-linux.jar:/Users/kristpornpairin/ARMORA/lib/lwjgl-3.2.3/lwjgl-assimp/lwjgl-assimp-natives-macos.jar:/Users/kristpornpairin/ARMORA/lib/lwjgl-3.2.3/lwjgl-assimp/lwjgl-assimp-natives-windows.jar:/Users/kristpornpairin/ARMORA/lib/lwjgl-3.2.3/lwjgl-assimp/lwjgl-assimp-natives-linux-arm32.jar:/Users/kristpornpairin/ARM
Launcher Type: SUN_STANDARD

[Global flags]
     intx CICompilerCount                          = 4                                         {product} {ergonomic}
     uint ConcGCThreads                            = 2                                         {product} {ergonomic}
     uint G1ConcRefinementThreads                  = 8                                         {product} {ergonomic}
   size_t G1HeapRegionSize                         = 1048576                                   {product} {ergonomic}
    uintx GCDrainStackTargetSize                   = 64                                        {product} {ergonomic}
   size_t InitialHeapSize                          = 134217728                                 {product} {ergonomic}
   size_t MarkStackSize                            = 4194304                                   {product} {ergonomic}
   size_t MaxHeapSize                              = 2147483648                                {product} {ergonomic}
   size_t MaxNewSize                               = 1287651328                                {product} {ergonomic}
   size_t MinHeapDeltaBytes                        = 1048576                                   {product} {ergonomic}
   size_t MinHeapSize                              = 8388608                                   {product} {ergonomic}
    uintx NonNMethodCodeHeapSize                   = 5839372                                {pd product} {ergonomic}
    uintx NonProfiledCodeHeapSize                  = 122909434                              {pd product} {ergonomic}
    uintx ProfiledCodeHeapSize                     = 122909434                              {pd product} {ergonomic}
    uintx ReservedCodeCacheSize                    = 251658240                              {pd product} {ergonomic}
     bool SegmentedCodeCache                       = true                                      {product} {ergonomic}
   size_t SoftMaxHeapSize                          = 2147483648                             {manageable} {ergonomic}
     bool UseCompressedClassPointers               = true                                 {lp64_product} {ergonomic}
     bool UseCompressedOops                        = true                                 {lp64_product} {ergonomic}
     bool UseG1GC                                  = true                                      {product} {ergonomic}
     bool UseNUMA                                  = false                                     {product} {ergonomic}
     bool UseNUMAInterleaving                      = false                                     {product} {ergonomic}

Logging:
Log output configuration:
 #0: stdout all=warning uptime,level,tags
 #1: stderr all=off uptime,level,tags

Environment Variables:
JAVA_HOME=/Library/Java/JavaVirtualMachines/jdk-15.0.2.jdk/Contents/Home
PATH=/usr/local/opt/expat/bin:/Users/kristpornpairin/.sdkman/candidates/kotlin/current/bin:/Users/kristpornpairin/.krew/bin:/Users/kristpornpairin/.nvm/versions/node/v14.15.4/bin:/usr/local/bin:/usr/bin:/bin:/usr/sbin:/sbin:/Library/Apple/usr/bin
SHELL=/bin/zsh
LC_CTYPE=en_US.UTF-8

Signal Handlers:
SIGSEGV: [libjvm.dylib+0x9ff2f0], sa_mask[0]=11111111011111110111111111111111, sa_flags=SA_ONSTACK|SA_RESTART|SA_SIGINFO
SIGBUS: [libjvm.dylib+0x9ff2f0], sa_mask[0]=11111111011111110111111111111111, sa_flags=SA_RESTART|SA_SIGINFO
SIGFPE: [libjvm.dylib+0x9ff2f0], sa_mask[0]=11111111011111110111111111111111, sa_flags=SA_RESTART|SA_SIGINFO
SIGPIPE: [libjvm.dylib+0x82ae30], sa_mask[0]=11111111011111110111111111111111, sa_flags=SA_RESTART|SA_SIGINFO
SIGXFSZ: [libjvm.dylib+0x82ae30], sa_mask[0]=11111111011111110111111111111111, sa_flags=SA_RESTART|SA_SIGINFO
SIGILL: [libjvm.dylib+0x9ff2f0], sa_mask[0]=11111111011111110111111111111111, sa_flags=SA_RESTART|SA_SIGINFO
SIGUSR2: [libjvm.dylib+0x82b940], sa_mask[0]=00100000000000000000000000000000, sa_flags=SA_RESTART|SA_SIGINFO
SIGHUP: [libjvm.dylib+0x82a040], sa_mask[0]=11111111011111110111111111111111, sa_flags=SA_RESTART|SA_SIGINFO
SIGINT: [libjvm.dylib+0x82a040], sa_mask[0]=11111111011111110111111111111111, sa_flags=SA_RESTART|SA_SIGINFO
SIGTERM: [libjvm.dylib+0x82a040], sa_mask[0]=11111111011111110111111111111111, sa_flags=SA_RESTART|SA_SIGINFO
SIGQUIT: [libjvm.dylib+0x82a040], sa_mask[0]=11111111011111110111111111111111, sa_flags=SA_RESTART|SA_SIGINFO


---------------  S Y S T E M  ---------------

OS:uname: Darwin 19.6.0 Darwin Kernel Version 19.6.0: Thu Oct 29 22:56:45 PDT 2020; root:xnu-6153.141.2.2~1/RELEASE_X86_64 x86_64
OS uptime: 12 days 17:10 hours
rlimit (soft/hard): STACK 8192k/65532k , CORE 0k/infinity , NPROC 1392/2088 , NOFILE 10240/infinity , AS infinity/infinity , CPU infinity/infinity , DATA infinity/infinity , FSIZE infinity/infinity , MEMLOCK infinity/infinity , RSS infinity/infinity
load average: 2.33 2.92 3.64

CPU: total 8 (initial active 8) (4 cores per cpu, 2 threads per core) family 6 model 142 stepping 10 microcode 0xe0, cmov, cx8, fxsr, mmx, sse, sse2, sse3, ssse3, sse4.1, sse4.2, popcnt, vzeroupper, avx, avx2, aes, clmul, erms, 3dnowpref, lzcnt, ht, tsc, tscinvbit, bmi1, bmi2, adx, fma, clflush, clflushopt

Memory: 4k page, physical 8388608k(403752k free), swap 6291456k(916736k free)

vm_info: Java HotSpot(TM) 64-Bit Server VM (15.0.2+7-27) for bsd-amd64 JRE (15.0.2+7-27), built on Dec  7 2020 20:08:32 by "mach5one" with clang 4.2.1 Compatible Apple LLVM 10.0.0 (clang-1000.11.45.5)

END.
