#
# A fatal error has been detected by the Java Runtime Environment:
#
#  SIGSEGV (0xb) at pc=0x00007fff7038c9f0, pid=97054, tid=775
#
# JRE version: Java(TM) SE Runtime Environment (15.0.2+7) (build 15.0.2+7-27)
# Java VM: Java HotSpot(TM) 64-Bit Server VM (15.0.2+7-27, mixed mode, sharing, tiered, compressed oops, g1 gc, bsd-amd64)
# Problematic frame:
# C  [libsystem_platform.dylib+0x9f0]  _platform_memmove$VARIANT$Haswell+0xf0
#
# No core dump will be written. Core dumps have been disabled. To enable core dumping, try "ulimit -c unlimited" before starting Java again
#
# If you would like to submit a bug report, please visit:
#   https://bugreport.java.com/bugreport/crash.jsp
# The crash happened outside the Java Virtual Machine in native code.
# See problematic frame for where to report the bug.
#

---------------  S U M M A R Y ------------

Command Line: -Dorg.lwjgl.util.Debug=true -javaagent:/Applications/IntelliJ IDEA CE.app/Contents/lib/idea_rt.jar=55046:/Applications/IntelliJ IDEA CE.app/Contents/bin -Dfile.encoding=UTF-8 Demo

Host: MacBookPro15,2 x86_64 2300 MHz, 8 cores, 8G, Darwin 19.6.0
Time: Thu Mar 11 23:59:05 2021 +07 elapsed time: 0.948125 seconds (0d 0h 0m 0s)

---------------  T H R E A D  ---------------

Current thread (0x00007f9a88808a00):  JavaThread "main" [_thread_in_native, id=775, stack(0x00007ffeebb7b000,0x00007ffeec37b000)]

Stack: [0x00007ffeebb7b000,0x00007ffeec37b000],  sp=0x00007ffeec371500,  free space=8153k
Native frames: (J=compiled Java code, A=aot compiled Java code, j=interpreted, Vv=VM code, C=native code)
C  [libsystem_platform.dylib+0x9f0]  _platform_memmove$VARIANT$Haswell+0xf0
C  [AppleIntelKBLGraphicsGLDriver+0xec53]  glrIntelRenderVertexArray+0x6bb
C  [GLEngine+0xc4038]  glDrawElements_ACC_Exec+0x1d9
j  org.lwjgl.opengl.GL11C.nglDrawElements(IIIJ)V+0
j  org.lwjgl.opengl.GL11C.glDrawElements(IIIJ)V+4
j  org.lwjgl.opengl.GL11.glDrawElements(IIIJ)V+4
j  Demo.render()V+311
j  Demo.run()V+32
j  Demo$Companion.main([Ljava/lang/String;)V+13
j  Demo.main([Ljava/lang/String;)V+4
v  ~StubRoutines::call_stub
V  [libjvm.dylib+0x4adf62]  JavaCalls::call_helper(JavaValue*, methodHandle const&, JavaCallArguments*, Thread*)+0x2e2
V  [libjvm.dylib+0x50e5f9]  jni_invoke_static(JNIEnv_*, JavaValue*, _jobject*, JNICallType, _jmethodID*, JNI_ArgumentPusher*, Thread*)+0x1f9
V  [libjvm.dylib+0x511b8a]  jni_CallStaticVoidMethod+0x18a
C  [libjli.dylib+0x4f3d]  JavaMain+0xc1d
C  [libjli.dylib+0x78ec]  __JVMInit_block_invoke+0x4c
C  [Foundation+0x41ac5]  __NSBLOCKOPERATION_IS_CALLING_OUT_TO_A_BLOCK__+0x7
C  [Foundation+0x419e6]  -[NSBlockOperation main]+0x50
C  [Foundation+0x41981]  __NSOPERATION_IS_INVOKING_MAIN__+0x11
C  [Foundation+0x40bb3]  -[NSOperation start]+0x2d2
C  [Foundation+0x9b0dd]  __NSThreadPerformPerform+0xcc
C  [CoreFoundation+0x83d52]  __CFRUNLOOP_IS_CALLING_OUT_TO_A_SOURCE0_PERFORM_FUNCTION__+0x11
C  [CoreFoundation+0x83cf1]  __CFRunLoopDoSource0+0x67
C  [CoreFoundation+0x83b0b]  __CFRunLoopDoSources0+0xd1
C  [CoreFoundation+0x8283a]  __CFRunLoopRun+0x39f
C  [CoreFoundation+0x81e3e]  CFRunLoopRunSpecific+0x1ce
C  [libjli.dylib+0x6e32]  CreateExecutionEnvironment+0x192
C  [libjli.dylib+0x2674]  JLI_Launch+0x614
C  [java+0xc16]  main+0x196
C  [libdyld.dylib+0x1acc9]  start+0x1

Java frames: (J=compiled Java code, j=interpreted, Vv=VM code)
j  org.lwjgl.opengl.GL11C.nglDrawElements(IIIJ)V+0
j  org.lwjgl.opengl.GL11C.glDrawElements(IIIJ)V+4
j  org.lwjgl.opengl.GL11.glDrawElements(IIIJ)V+4
j  Demo.render()V+311
j  Demo.run()V+32
j  Demo$Companion.main([Ljava/lang/String;)V+13
j  Demo.main([Ljava/lang/String;)V+4
v  ~StubRoutines::call_stub

siginfo: si_signo: 11 (SIGSEGV), si_code: 1 (SEGV_MAPERR), si_addr: 0x0000000000000000

Register to memory mapping:

RAX=0x0000000128c6a080 points into unknown readable memory: 0x0000000000000000 | 00 00 00 00 00 00 00 00
RBX=0x0000002000000258 is an unknown value
RCX=0x000001007b000105 is an unknown value
RDX=0x0000000000000960 is an unknown value
RSP=0x00007ffeec371500 is pointing into the stack for thread: 0x00007f9a88808a00
RBP=0x00007ffeec371500 is pointing into the stack for thread: 0x00007f9a88808a00
RSI=0x0 is NULL
RDI=0x0000000128c6a080 points into unknown readable memory: 0x0000000000000000 | 00 00 00 00 00 00 00 00
R8 =0x0000000000000960 is an unknown value
R9 =0x00007f9a89fd7918 points into unknown readable memory: 0x0000000200000000 | 00 00 00 00 02 00 00 00
R10=0x0000000000001de0 is an unknown value
R11=0x0000000128c6a080 points into unknown readable memory: 0x0000000000000000 | 00 00 00 00 00 00 00 00
R12=0x000001007b000005 is an unknown value
R13=0x00007f9a89fd7518 points into unknown readable memory: 0x00007f9a89fcc000 | 00 c0 fc 89 9a 7f 00 00
R14=0x0000000000000004 is an unknown value
R15=0x00007f9a89fcc000 points into unknown readable memory: 0x00007fff8c1ff9a0 | a0 f9 1f 8c ff 7f 00 00


Registers:
RAX=0x0000000128c6a080, RBX=0x0000002000000258, RCX=0x000001007b000105, RDX=0x0000000000000960
RSP=0x00007ffeec371500, RBP=0x00007ffeec371500, RSI=0x0000000000000000, RDI=0x0000000128c6a080
R8 =0x0000000000000960, R9 =0x00007f9a89fd7918, R10=0x0000000000001de0, R11=0x0000000128c6a080
R12=0x000001007b000005, R13=0x00007f9a89fd7518, R14=0x0000000000000004, R15=0x00007f9a89fcc000
RIP=0x00007fff7038c9f0, EFLAGS=0x0000000000010287, ERR=0x0000000000000004
  TRAPNO=0x000000000000000e

Top of Stack: (sp=0x00007ffeec371500)
0x00007ffeec371500:   00007ffeec3715b0 00007fff2da64c53
0x00007ffeec371510:   0007000088339400 0000000000000000
0x00007ffeec371520:   0000000000000000 0000000000000960
0x00007ffeec371530:   0000000000000002 0000001087684428
0x00007ffeec371540:   0000000289fb4000 0000000000000258
0x00007ffeec371550:   789bfee300001405 0000000000000004
0x00007ffeec371560:   0000000000000000 0000000000000000
0x00007ffeec371570:   00007f9a89fd7918 0000000000000010
0x00007ffeec371580:   00007f9a89fcd2b0 00007f9a87c04c28
0x00007ffeec371590:   00007f9a89fb4000 00007f9a87c04c00
0x00007ffeec3715a0:   0000000000000010 0000000000000000
0x00007ffeec3715b0:   00007ffeec371630 00007fff40cb6038
0x00007ffeec3715c0:   0000000000000000 0000000000000001
0x00007ffeec3715d0:   0000000000000000 00007fff40cb5f91
0x00007ffeec3715e0:   0000000000000001 00007fff40c8e14e
0x00007ffeec3715f0:   0000000000000000 0000000100008b51
0x00007ffeec371600:   0000025800000004 0000000124617e50
0x00007ffeec371610:   0000000000000000 0000000124617e50
0x00007ffeec371620:   00007ffeec3716f0 00007f9a88808a00
0x00007ffeec371630:   00007ffeec3716b0 0000000114f173f0
0x00007ffeec371640:   000000000000000b 0000140600001406
0x00007ffeec371650:   1000000000000008 00007f9a89fb4000
0x00007ffeec371660:   0000000000000000 00007ffeec371668
0x00007ffeec371670:   0000000000000000 00007ffeec3716f0
0x00007ffeec371680:   0000000124622b30 0000000000000000
0x00007ffeec371690:   0000000787dda188 0000000124617e50
0x00007ffeec3716a0:   0000000000000000 00007ffeec3716d0
0x00007ffeec3716b0:   00007ffeec371740 0000000114f11eea
0x00007ffeec3716c0:   0000000787dda188 0000000114f145d8
0x00007ffeec3716d0:   0000000000000000 0000000000000000
0x00007ffeec3716e0:   0000000000001405 0000000000000258
0x00007ffeec3716f0:   0000000000000004 00007ffeec3716f8 

Instructions: (pc=0x00007fff7038c9f0)
0x00007fff7038c8f0:   90 90 90 90 90 90 90 90 90 90 90 90 90 90 90 90
0x00007fff7038c900:   55 48 89 e5 49 89 fb 49 29 f3 48 89 f8 49 39 d3
0x00007fff7038c910:   72 1b 48 83 fa 60 76 2f 48 81 fa 00 40 00 00 0f
0x00007fff7038c920:   82 cb 00 00 00 48 89 d1 fc f3 a4 5d c3 48 39 fe
0x00007fff7038c930:   74 f9 48 01 d6 48 01 d7 48 83 fa 60 0f 82 8c 01
0x00007fff7038c940:   00 00 e9 a9 01 00 00 48 83 fa 10 76 56 c5 f8 10
0x00007fff7038c950:   4c 16 f0 48 83 ea 20 76 2a c5 fc 10 06 c5 fc 11
0x00007fff7038c960:   07 48 83 c6 20 48 83 c7 20 48 83 ea 20 72 14 c5
0x00007fff7038c970:   fc 10 06 c5 fc 11 07 48 83 c6 20 48 83 c7 20 48
0x00007fff7038c980:   83 ea 20 48 83 c2 10 7e 0c c5 f8 10 06 c5 f8 11
0x00007fff7038c990:   07 c5 f8 57 c0 c5 f8 11 0c 17 c5 f0 57 c9 5d c5
0x00007fff7038c9a0:   f8 77 c3 48 83 ea 08 72 10 48 8b 0e 4c 8b 04 16
0x00007fff7038c9b0:   48 89 0f 4c 89 04 17 5d c3 48 83 c2 08 74 25 4d
0x00007fff7038c9c0:   31 c0 42 8a 0c 06 42 88 0c 07 48 83 ea 01 74 14
0x00007fff7038c9d0:   42 8a 4c 06 01 42 88 4c 07 01 49 83 c0 02 48 83
0x00007fff7038c9e0:   ea 01 75 de 5d c3 66 2e 0f 1f 84 00 00 00 00 00
0x00007fff7038c9f0:   c5 fc 10 06 48 83 c7 20 48 83 e7 e0 48 89 f9 48
0x00007fff7038ca00:   29 c1 48 01 ce 48 29 ca c5 fc 10 0e c5 fc 11 00
0x00007fff7038ca10:   c5 fc 57 c0 c5 fc 10 56 20 48 83 c6 40 48 81 ea
0x00007fff7038ca20:   80 00 00 00 76 5a 48 f7 c6 1f 00 00 00 74 31 c5
0x00007fff7038ca30:   fc 29 0f c5 fc 29 57 20 48 83 c7 40 c5 fc 10 0e
0x00007fff7038ca40:   c5 fc 10 56 20 48 83 c6 40 48 83 ea 40 77 e0 eb
0x00007fff7038ca50:   2f 66 2e 0f 1f 84 00 00 00 00 00 0f 1f 44 00 00
0x00007fff7038ca60:   c5 fc 29 0f c5 fc 29 57 20 48 83 c7 40 c5 fc 28
0x00007fff7038ca70:   0e c5 fc 28 56 20 48 83 c6 40 48 83 ea 40 77 e0
0x00007fff7038ca80:   c5 fc 10 1c 16 c5 fc 10 64 16 20 c5 fc 29 0f c5
0x00007fff7038ca90:   f4 57 c9 c5 fc 29 57 20 c5 ec 57 d2 c5 fc 11 5c
0x00007fff7038caa0:   17 40 c5 e4 57 db c5 fc 11 64 17 60 c5 dc 57 e4
0x00007fff7038cab0:   5d c5 f8 77 c3 66 2e 0f 1f 84 00 00 00 00 00 90
0x00007fff7038cac0:   48 83 ee 08 48 8b 0e 48 83 ef 08 48 89 0f 48 83
0x00007fff7038cad0:   ea 08 73 ec 48 83 c2 08 74 12 48 83 ee 01 8a 0e
0x00007fff7038cae0:   48 83 ef 01 88 0f 48 83 ea 01 75 ee 5d c3 66 90 


Stack slot to memory mapping:
stack at sp + 0 slots: 0x00007ffeec3715b0 is pointing into the stack for thread: 0x00007f9a88808a00
stack at sp + 1 slots: 0x00007fff2da64c53: glrIntelRenderVertexArray+0x6bb in /System/Library/Extensions/AppleIntelKBLGraphicsGLDriver.bundle/Contents/MacOS/AppleIntelKBLGraphicsGLDriver at 0x00007fff2da56000
stack at sp + 2 slots: 0x0007000088339400 is an unknown value
stack at sp + 3 slots: 0x0 is NULL
stack at sp + 4 slots: 0x0 is NULL
stack at sp + 5 slots: 0x0000000000000960 is an unknown value
stack at sp + 6 slots: 0x0000000000000002 is an unknown value
stack at sp + 7 slots: 0x0000001087684428 is an unknown value


---------------  P R O C E S S  ---------------

Threads class SMR info:
_java_thread_list=0x00007f9a883255c0, length=11, elements={
0x00007f9a88808a00, 0x00007f9a8781fc00, 0x00007f9a8782ec00, 0x00007f9a8a008800,
0x00007f9a8a00b000, 0x00007f9a8a00b600, 0x00007f9a8a00bc00, 0x00007f9a8a00c200,
0x00007f9a86818e00, 0x00007f9a88878200, 0x00007f9a889a0e00
}

Java Threads: ( => current thread )
=>0x00007f9a88808a00 JavaThread "main" [_thread_in_native, id=775, stack(0x00007ffeebb7b000,0x00007ffeec37b000)]
  0x00007f9a8781fc00 JavaThread "Reference Handler" daemon [_thread_blocked, id=13571, stack(0x0000700003278000,0x0000700003378000)]
  0x00007f9a8782ec00 JavaThread "Finalizer" daemon [_thread_blocked, id=16387, stack(0x000070000337b000,0x000070000347b000)]
  0x00007f9a8a008800 JavaThread "Signal Dispatcher" daemon [_thread_blocked, id=42499, stack(0x0000700003584000,0x0000700003684000)]
  0x00007f9a8a00b000 JavaThread "Service Thread" daemon [_thread_blocked, id=41475, stack(0x0000700003687000,0x0000700003787000)]
  0x00007f9a8a00b600 JavaThread "C2 CompilerThread0" daemon [_thread_blocked, id=40707, stack(0x000070000378a000,0x000070000388a000)]
  0x00007f9a8a00bc00 JavaThread "C1 CompilerThread0" daemon [_thread_blocked, id=40451, stack(0x000070000388d000,0x000070000398d000)]
  0x00007f9a8a00c200 JavaThread "Sweeper thread" daemon [_thread_blocked, id=39939, stack(0x0000700003990000,0x0000700003a90000)]
  0x00007f9a86818e00 JavaThread "Common-Cleaner" daemon [_thread_blocked, id=24067, stack(0x0000700003a93000,0x0000700003b93000)]
  0x00007f9a88878200 JavaThread "Monitor Ctrl-Break" daemon [_thread_in_native, id=24835, stack(0x0000700003b96000,0x0000700003c96000)]
  0x00007f9a889a0e00 JavaThread "Notification Thread" daemon [_thread_blocked, id=25859, stack(0x0000700003c99000,0x0000700003d99000)]

Other Threads:
  0x00007f9a8652e450 VMThread "VM Thread" [stack: 0x0000700003175000,0x0000700003275000] [id=17411]
  0x00007f9a88325fc0 WatcherThread [stack: 0x0000700003d9c000,0x0000700003e9c000] [id=38915]
  0x00007f9a86622490 GCTaskThread "GC Thread#0" [stack: 0x0000700002c66000,0x0000700002d66000] [id=19715]
  0x00007f9a865f99e0 GCTaskThread "GC Thread#1" [stack: 0x00007000042b7000,0x00007000043b7000] [id=70679]
  0x00007f9a865fa610 GCTaskThread "GC Thread#2" [stack: 0x00007000043ba000,0x00007000044ba000] [id=70147]
  0x00007f9a86504ad0 ConcurrentGCThread "G1 Main Marker" [stack: 0x0000700002d69000,0x0000700002e69000] [id=19459]
  0x00007f9a86505b70 ConcurrentGCThread "G1 Conc#0" [stack: 0x0000700002e6c000,0x0000700002f6c000] [id=12291]
  0x00007f9a865227b0 ConcurrentGCThread "G1 Refine#0" [stack: 0x0000700002f6f000,0x000070000306f000] [id=18179]
  0x00007f9a88204440 ConcurrentGCThread "G1 Young RemSet Sampling" [stack: 0x0000700003072000,0x0000700003172000] [id=17923]

Threads with active compile tasks:

VM state: not at safepoint (normal execution)

VM Mutex/Monitor currently owned by a thread: None

Heap address: 0x0000000780000000, size: 2048 MB, Compressed Oops mode: Zero based, Oop shift amount: 3
CDS archive(s) mapped at: [0x0000000800000000-0x0000000800b2d000-0x0000000800b2d000), size 11718656, SharedBaseAddress: 0x0000000800000000, ArchiveRelocationMode: 0.
Compressed class space mapped at: 0x0000000800b30000-0x0000000840b30000, size: 1073741824
Narrow klass base: 0x0000000800000000, Narrow klass shift: 3, Narrow klass range: 0x100000000

GC Precious Log:
 CPUs: 8 total, 8 available
 Memory: 8192M
 Large Page Support: Disabled
 NUMA Support: Disabled
 Compressed Oops: Enabled (Zero based)
 Heap Region Size: 1M
 Heap Min Capacity: 8M
 Heap Initial Capacity: 128M
 Heap Max Capacity: 2G
 Pre-touch: Disabled
 Parallel Workers: 8
 Concurrent Workers: 2
 Concurrent Refinement Workers: 8
 Periodic GC: Disabled

Heap:
 garbage-first heap   total 133120K, used 10459K [0x0000000780000000, 0x0000000800000000)
  region size 1024K, 9 young (9216K), 3 survivors (3072K)
 Metaspace       used 6151K, capacity 8577K, committed 8832K, reserved 1056768K
  class space    used 354K, capacity 600K, committed 640K, reserved 1048576K

Heap Regions: E=young(eden), S=young(survivor), O=old, HS=humongous(starts), HC=humongous(continues), CS=collection set, F=free, OA=open archive, CA=closed archive, TAMS=top-at-mark-start (previous, next)
|   0|0x0000000780000000, 0x0000000780100000, 0x0000000780100000|100%| O|  |TAMS 0x0000000780000000, 0x0000000780000000| Untracked 
|   1|0x0000000780100000, 0x000000078016cc00, 0x0000000780200000| 42%| O|  |TAMS 0x0000000780100000, 0x0000000780100000| Untracked 
|   2|0x0000000780200000, 0x0000000780200000, 0x0000000780300000|  0%| F|  |TAMS 0x0000000780200000, 0x0000000780200000| Untracked 
|   3|0x0000000780300000, 0x0000000780300000, 0x0000000780400000|  0%| F|  |TAMS 0x0000000780300000, 0x0000000780300000| Untracked 
|   4|0x0000000780400000, 0x0000000780400000, 0x0000000780500000|  0%| F|  |TAMS 0x0000000780400000, 0x0000000780400000| Untracked 
|   5|0x0000000780500000, 0x0000000780500000, 0x0000000780600000|  0%| F|  |TAMS 0x0000000780500000, 0x0000000780500000| Untracked 
|   6|0x0000000780600000, 0x0000000780600000, 0x0000000780700000|  0%| F|  |TAMS 0x0000000780600000, 0x0000000780600000| Untracked 
|   7|0x0000000780700000, 0x0000000780700000, 0x0000000780800000|  0%| F|  |TAMS 0x0000000780700000, 0x0000000780700000| Untracked 
|   8|0x0000000780800000, 0x0000000780800000, 0x0000000780900000|  0%| F|  |TAMS 0x0000000780800000, 0x0000000780800000| Untracked 
|   9|0x0000000780900000, 0x0000000780900000, 0x0000000780a00000|  0%| F|  |TAMS 0x0000000780900000, 0x0000000780900000| Untracked 
|  10|0x0000000780a00000, 0x0000000780a00000, 0x0000000780b00000|  0%| F|  |TAMS 0x0000000780a00000, 0x0000000780a00000| Untracked 
|  11|0x0000000780b00000, 0x0000000780b00000, 0x0000000780c00000|  0%| F|  |TAMS 0x0000000780b00000, 0x0000000780b00000| Untracked 
|  12|0x0000000780c00000, 0x0000000780c00000, 0x0000000780d00000|  0%| F|  |TAMS 0x0000000780c00000, 0x0000000780c00000| Untracked 
|  13|0x0000000780d00000, 0x0000000780d00000, 0x0000000780e00000|  0%| F|  |TAMS 0x0000000780d00000, 0x0000000780d00000| Untracked 
|  14|0x0000000780e00000, 0x0000000780e00000, 0x0000000780f00000|  0%| F|  |TAMS 0x0000000780e00000, 0x0000000780e00000| Untracked 
|  15|0x0000000780f00000, 0x0000000780f00000, 0x0000000781000000|  0%| F|  |TAMS 0x0000000780f00000, 0x0000000780f00000| Untracked 
|  16|0x0000000781000000, 0x0000000781000000, 0x0000000781100000|  0%| F|  |TAMS 0x0000000781000000, 0x0000000781000000| Untracked 
|  17|0x0000000781100000, 0x0000000781100000, 0x0000000781200000|  0%| F|  |TAMS 0x0000000781100000, 0x0000000781100000| Untracked 
|  18|0x0000000781200000, 0x0000000781200000, 0x0000000781300000|  0%| F|  |TAMS 0x0000000781200000, 0x0000000781200000| Untracked 
|  19|0x0000000781300000, 0x0000000781300000, 0x0000000781400000|  0%| F|  |TAMS 0x0000000781300000, 0x0000000781300000| Untracked 
|  20|0x0000000781400000, 0x0000000781400000, 0x0000000781500000|  0%| F|  |TAMS 0x0000000781400000, 0x0000000781400000| Untracked 
|  21|0x0000000781500000, 0x0000000781500000, 0x0000000781600000|  0%| F|  |TAMS 0x0000000781500000, 0x0000000781500000| Untracked 
|  22|0x0000000781600000, 0x0000000781600000, 0x0000000781700000|  0%| F|  |TAMS 0x0000000781600000, 0x0000000781600000| Untracked 
|  23|0x0000000781700000, 0x0000000781700000, 0x0000000781800000|  0%| F|  |TAMS 0x0000000781700000, 0x0000000781700000| Untracked 
|  24|0x0000000781800000, 0x0000000781800000, 0x0000000781900000|  0%| F|  |TAMS 0x0000000781800000, 0x0000000781800000| Untracked 
|  25|0x0000000781900000, 0x0000000781900000, 0x0000000781a00000|  0%| F|  |TAMS 0x0000000781900000, 0x0000000781900000| Untracked 
|  26|0x0000000781a00000, 0x0000000781a00000, 0x0000000781b00000|  0%| F|  |TAMS 0x0000000781a00000, 0x0000000781a00000| Untracked 
|  27|0x0000000781b00000, 0x0000000781b00000, 0x0000000781c00000|  0%| F|  |TAMS 0x0000000781b00000, 0x0000000781b00000| Untracked 
|  28|0x0000000781c00000, 0x0000000781c00000, 0x0000000781d00000|  0%| F|  |TAMS 0x0000000781c00000, 0x0000000781c00000| Untracked 
|  29|0x0000000781d00000, 0x0000000781d00000, 0x0000000781e00000|  0%| F|  |TAMS 0x0000000781d00000, 0x0000000781d00000| Untracked 
|  30|0x0000000781e00000, 0x0000000781e00000, 0x0000000781f00000|  0%| F|  |TAMS 0x0000000781e00000, 0x0000000781e00000| Untracked 
|  31|0x0000000781f00000, 0x0000000781f00000, 0x0000000782000000|  0%| F|  |TAMS 0x0000000781f00000, 0x0000000781f00000| Untracked 
|  32|0x0000000782000000, 0x0000000782000000, 0x0000000782100000|  0%| F|  |TAMS 0x0000000782000000, 0x0000000782000000| Untracked 
|  33|0x0000000782100000, 0x0000000782100000, 0x0000000782200000|  0%| F|  |TAMS 0x0000000782100000, 0x0000000782100000| Untracked 
|  34|0x0000000782200000, 0x0000000782200000, 0x0000000782300000|  0%| F|  |TAMS 0x0000000782200000, 0x0000000782200000| Untracked 
|  35|0x0000000782300000, 0x0000000782300000, 0x0000000782400000|  0%| F|  |TAMS 0x0000000782300000, 0x0000000782300000| Untracked 
|  36|0x0000000782400000, 0x0000000782400000, 0x0000000782500000|  0%| F|  |TAMS 0x0000000782400000, 0x0000000782400000| Untracked 
|  37|0x0000000782500000, 0x0000000782500000, 0x0000000782600000|  0%| F|  |TAMS 0x0000000782500000, 0x0000000782500000| Untracked 
|  38|0x0000000782600000, 0x0000000782600000, 0x0000000782700000|  0%| F|  |TAMS 0x0000000782600000, 0x0000000782600000| Untracked 
|  39|0x0000000782700000, 0x0000000782700000, 0x0000000782800000|  0%| F|  |TAMS 0x0000000782700000, 0x0000000782700000| Untracked 
|  40|0x0000000782800000, 0x0000000782800000, 0x0000000782900000|  0%| F|  |TAMS 0x0000000782800000, 0x0000000782800000| Untracked 
|  41|0x0000000782900000, 0x0000000782900000, 0x0000000782a00000|  0%| F|  |TAMS 0x0000000782900000, 0x0000000782900000| Untracked 
|  42|0x0000000782a00000, 0x0000000782a00000, 0x0000000782b00000|  0%| F|  |TAMS 0x0000000782a00000, 0x0000000782a00000| Untracked 
|  43|0x0000000782b00000, 0x0000000782b00000, 0x0000000782c00000|  0%| F|  |TAMS 0x0000000782b00000, 0x0000000782b00000| Untracked 
|  44|0x0000000782c00000, 0x0000000782c00000, 0x0000000782d00000|  0%| F|  |TAMS 0x0000000782c00000, 0x0000000782c00000| Untracked 
|  45|0x0000000782d00000, 0x0000000782d00000, 0x0000000782e00000|  0%| F|  |TAMS 0x0000000782d00000, 0x0000000782d00000| Untracked 
|  46|0x0000000782e00000, 0x0000000782e00000, 0x0000000782f00000|  0%| F|  |TAMS 0x0000000782e00000, 0x0000000782e00000| Untracked 
|  47|0x0000000782f00000, 0x0000000782f00000, 0x0000000783000000|  0%| F|  |TAMS 0x0000000782f00000, 0x0000000782f00000| Untracked 
|  48|0x0000000783000000, 0x0000000783000000, 0x0000000783100000|  0%| F|  |TAMS 0x0000000783000000, 0x0000000783000000| Untracked 
|  49|0x0000000783100000, 0x0000000783100000, 0x0000000783200000|  0%| F|  |TAMS 0x0000000783100000, 0x0000000783100000| Untracked 
|  50|0x0000000783200000, 0x0000000783200000, 0x0000000783300000|  0%| F|  |TAMS 0x0000000783200000, 0x0000000783200000| Untracked 
|  51|0x0000000783300000, 0x0000000783300000, 0x0000000783400000|  0%| F|  |TAMS 0x0000000783300000, 0x0000000783300000| Untracked 
|  52|0x0000000783400000, 0x0000000783400000, 0x0000000783500000|  0%| F|  |TAMS 0x0000000783400000, 0x0000000783400000| Untracked 
|  53|0x0000000783500000, 0x0000000783500000, 0x0000000783600000|  0%| F|  |TAMS 0x0000000783500000, 0x0000000783500000| Untracked 
|  54|0x0000000783600000, 0x0000000783600000, 0x0000000783700000|  0%| F|  |TAMS 0x0000000783600000, 0x0000000783600000| Untracked 
|  55|0x0000000783700000, 0x0000000783700000, 0x0000000783800000|  0%| F|  |TAMS 0x0000000783700000, 0x0000000783700000| Untracked 
|  56|0x0000000783800000, 0x0000000783800000, 0x0000000783900000|  0%| F|  |TAMS 0x0000000783800000, 0x0000000783800000| Untracked 
|  57|0x0000000783900000, 0x0000000783900000, 0x0000000783a00000|  0%| F|  |TAMS 0x0000000783900000, 0x0000000783900000| Untracked 
|  58|0x0000000783a00000, 0x0000000783a00000, 0x0000000783b00000|  0%| F|  |TAMS 0x0000000783a00000, 0x0000000783a00000| Untracked 
|  59|0x0000000783b00000, 0x0000000783b00000, 0x0000000783c00000|  0%| F|  |TAMS 0x0000000783b00000, 0x0000000783b00000| Untracked 
|  60|0x0000000783c00000, 0x0000000783c00000, 0x0000000783d00000|  0%| F|  |TAMS 0x0000000783c00000, 0x0000000783c00000| Untracked 
|  61|0x0000000783d00000, 0x0000000783d00000, 0x0000000783e00000|  0%| F|  |TAMS 0x0000000783d00000, 0x0000000783d00000| Untracked 
|  62|0x0000000783e00000, 0x0000000783e00000, 0x0000000783f00000|  0%| F|  |TAMS 0x0000000783e00000, 0x0000000783e00000| Untracked 
|  63|0x0000000783f00000, 0x0000000783f00000, 0x0000000784000000|  0%| F|  |TAMS 0x0000000783f00000, 0x0000000783f00000| Untracked 
|  64|0x0000000784000000, 0x0000000784000000, 0x0000000784100000|  0%| F|  |TAMS 0x0000000784000000, 0x0000000784000000| Untracked 
|  65|0x0000000784100000, 0x0000000784100000, 0x0000000784200000|  0%| F|  |TAMS 0x0000000784100000, 0x0000000784100000| Untracked 
|  66|0x0000000784200000, 0x0000000784200000, 0x0000000784300000|  0%| F|  |TAMS 0x0000000784200000, 0x0000000784200000| Untracked 
|  67|0x0000000784300000, 0x0000000784300000, 0x0000000784400000|  0%| F|  |TAMS 0x0000000784300000, 0x0000000784300000| Untracked 
|  68|0x0000000784400000, 0x0000000784400000, 0x0000000784500000|  0%| F|  |TAMS 0x0000000784400000, 0x0000000784400000| Untracked 
|  69|0x0000000784500000, 0x0000000784500000, 0x0000000784600000|  0%| F|  |TAMS 0x0000000784500000, 0x0000000784500000| Untracked 
|  70|0x0000000784600000, 0x0000000784600000, 0x0000000784700000|  0%| F|  |TAMS 0x0000000784600000, 0x0000000784600000| Untracked 
|  71|0x0000000784700000, 0x0000000784700000, 0x0000000784800000|  0%| F|  |TAMS 0x0000000784700000, 0x0000000784700000| Untracked 
|  72|0x0000000784800000, 0x0000000784800000, 0x0000000784900000|  0%| F|  |TAMS 0x0000000784800000, 0x0000000784800000| Untracked 
|  73|0x0000000784900000, 0x0000000784900000, 0x0000000784a00000|  0%| F|  |TAMS 0x0000000784900000, 0x0000000784900000| Untracked 
|  74|0x0000000784a00000, 0x0000000784a00000, 0x0000000784b00000|  0%| F|  |TAMS 0x0000000784a00000, 0x0000000784a00000| Untracked 
|  75|0x0000000784b00000, 0x0000000784b00000, 0x0000000784c00000|  0%| F|  |TAMS 0x0000000784b00000, 0x0000000784b00000| Untracked 
|  76|0x0000000784c00000, 0x0000000784c00000, 0x0000000784d00000|  0%| F|  |TAMS 0x0000000784c00000, 0x0000000784c00000| Untracked 
|  77|0x0000000784d00000, 0x0000000784d00000, 0x0000000784e00000|  0%| F|  |TAMS 0x0000000784d00000, 0x0000000784d00000| Untracked 
|  78|0x0000000784e00000, 0x0000000784e00000, 0x0000000784f00000|  0%| F|  |TAMS 0x0000000784e00000, 0x0000000784e00000| Untracked 
|  79|0x0000000784f00000, 0x0000000784f00000, 0x0000000785000000|  0%| F|  |TAMS 0x0000000784f00000, 0x0000000784f00000| Untracked 
|  80|0x0000000785000000, 0x0000000785000000, 0x0000000785100000|  0%| F|  |TAMS 0x0000000785000000, 0x0000000785000000| Untracked 
|  81|0x0000000785100000, 0x0000000785100000, 0x0000000785200000|  0%| F|  |TAMS 0x0000000785100000, 0x0000000785100000| Untracked 
|  82|0x0000000785200000, 0x0000000785200000, 0x0000000785300000|  0%| F|  |TAMS 0x0000000785200000, 0x0000000785200000| Untracked 
|  83|0x0000000785300000, 0x0000000785300000, 0x0000000785400000|  0%| F|  |TAMS 0x0000000785300000, 0x0000000785300000| Untracked 
|  84|0x0000000785400000, 0x0000000785400000, 0x0000000785500000|  0%| F|  |TAMS 0x0000000785400000, 0x0000000785400000| Untracked 
|  85|0x0000000785500000, 0x0000000785500000, 0x0000000785600000|  0%| F|  |TAMS 0x0000000785500000, 0x0000000785500000| Untracked 
|  86|0x0000000785600000, 0x0000000785600000, 0x0000000785700000|  0%| F|  |TAMS 0x0000000785600000, 0x0000000785600000| Untracked 
|  87|0x0000000785700000, 0x0000000785700000, 0x0000000785800000|  0%| F|  |TAMS 0x0000000785700000, 0x0000000785700000| Untracked 
|  88|0x0000000785800000, 0x0000000785800000, 0x0000000785900000|  0%| F|  |TAMS 0x0000000785800000, 0x0000000785800000| Untracked 
|  89|0x0000000785900000, 0x0000000785900000, 0x0000000785a00000|  0%| F|  |TAMS 0x0000000785900000, 0x0000000785900000| Untracked 
|  90|0x0000000785a00000, 0x0000000785a00000, 0x0000000785b00000|  0%| F|  |TAMS 0x0000000785a00000, 0x0000000785a00000| Untracked 
|  91|0x0000000785b00000, 0x0000000785b00000, 0x0000000785c00000|  0%| F|  |TAMS 0x0000000785b00000, 0x0000000785b00000| Untracked 
|  92|0x0000000785c00000, 0x0000000785c00000, 0x0000000785d00000|  0%| F|  |TAMS 0x0000000785c00000, 0x0000000785c00000| Untracked 
|  93|0x0000000785d00000, 0x0000000785d00000, 0x0000000785e00000|  0%| F|  |TAMS 0x0000000785d00000, 0x0000000785d00000| Untracked 
|  94|0x0000000785e00000, 0x0000000785e00000, 0x0000000785f00000|  0%| F|  |TAMS 0x0000000785e00000, 0x0000000785e00000| Untracked 
|  95|0x0000000785f00000, 0x0000000785f00000, 0x0000000786000000|  0%| F|  |TAMS 0x0000000785f00000, 0x0000000785f00000| Untracked 
|  96|0x0000000786000000, 0x0000000786000000, 0x0000000786100000|  0%| F|  |TAMS 0x0000000786000000, 0x0000000786000000| Untracked 
|  97|0x0000000786100000, 0x0000000786100000, 0x0000000786200000|  0%| F|  |TAMS 0x0000000786100000, 0x0000000786100000| Untracked 
|  98|0x0000000786200000, 0x0000000786200000, 0x0000000786300000|  0%| F|  |TAMS 0x0000000786200000, 0x0000000786200000| Untracked 
|  99|0x0000000786300000, 0x0000000786300000, 0x0000000786400000|  0%| F|  |TAMS 0x0000000786300000, 0x0000000786300000| Untracked 
| 100|0x0000000786400000, 0x0000000786400000, 0x0000000786500000|  0%| F|  |TAMS 0x0000000786400000, 0x0000000786400000| Untracked 
| 101|0x0000000786500000, 0x0000000786500000, 0x0000000786600000|  0%| F|  |TAMS 0x0000000786500000, 0x0000000786500000| Untracked 
| 102|0x0000000786600000, 0x0000000786700000, 0x0000000786700000|100%| S|CS|TAMS 0x0000000786600000, 0x0000000786600000| Complete 
| 103|0x0000000786700000, 0x0000000786800000, 0x0000000786800000|100%| S|CS|TAMS 0x0000000786700000, 0x0000000786700000| Complete 
| 104|0x0000000786800000, 0x0000000786900000, 0x0000000786900000|100%| S|CS|TAMS 0x0000000786800000, 0x0000000786800000| Complete 
| 105|0x0000000786900000, 0x0000000786900000, 0x0000000786a00000|  0%| F|  |TAMS 0x0000000786900000, 0x0000000786900000| Untracked 
| 106|0x0000000786a00000, 0x0000000786a00000, 0x0000000786b00000|  0%| F|  |TAMS 0x0000000786a00000, 0x0000000786a00000| Untracked 
| 107|0x0000000786b00000, 0x0000000786b00000, 0x0000000786c00000|  0%| F|  |TAMS 0x0000000786b00000, 0x0000000786b00000| Untracked 
| 108|0x0000000786c00000, 0x0000000786c00000, 0x0000000786d00000|  0%| F|  |TAMS 0x0000000786c00000, 0x0000000786c00000| Untracked 
| 109|0x0000000786d00000, 0x0000000786d00000, 0x0000000786e00000|  0%| F|  |TAMS 0x0000000786d00000, 0x0000000786d00000| Untracked 
| 110|0x0000000786e00000, 0x0000000786e00000, 0x0000000786f00000|  0%| F|  |TAMS 0x0000000786e00000, 0x0000000786e00000| Untracked 
| 111|0x0000000786f00000, 0x0000000786f00000, 0x0000000787000000|  0%| F|  |TAMS 0x0000000786f00000, 0x0000000786f00000| Untracked 
| 112|0x0000000787000000, 0x0000000787000000, 0x0000000787100000|  0%| F|  |TAMS 0x0000000787000000, 0x0000000787000000| Untracked 
| 113|0x0000000787100000, 0x0000000787100000, 0x0000000787200000|  0%| F|  |TAMS 0x0000000787100000, 0x0000000787100000| Untracked 
| 114|0x0000000787200000, 0x0000000787200000, 0x0000000787300000|  0%| F|  |TAMS 0x0000000787200000, 0x0000000787200000| Untracked 
| 115|0x0000000787300000, 0x0000000787300000, 0x0000000787400000|  0%| F|  |TAMS 0x0000000787300000, 0x0000000787300000| Untracked 
| 116|0x0000000787400000, 0x0000000787400000, 0x0000000787500000|  0%| F|  |TAMS 0x0000000787400000, 0x0000000787400000| Untracked 
| 117|0x0000000787500000, 0x0000000787500000, 0x0000000787600000|  0%| F|  |TAMS 0x0000000787500000, 0x0000000787500000| Untracked 
| 118|0x0000000787600000, 0x0000000787600000, 0x0000000787700000|  0%| F|  |TAMS 0x0000000787600000, 0x0000000787600000| Untracked 
| 119|0x0000000787700000, 0x0000000787700000, 0x0000000787800000|  0%| F|  |TAMS 0x0000000787700000, 0x0000000787700000| Untracked 
| 120|0x0000000787800000, 0x0000000787800000, 0x0000000787900000|  0%| F|  |TAMS 0x0000000787800000, 0x0000000787800000| Untracked 
| 121|0x0000000787900000, 0x0000000787900000, 0x0000000787a00000|  0%| F|  |TAMS 0x0000000787900000, 0x0000000787900000| Untracked 
| 122|0x0000000787a00000, 0x0000000787b00000, 0x0000000787b00000|100%| E|  |TAMS 0x0000000787a00000, 0x0000000787a00000| Complete 
| 123|0x0000000787b00000, 0x0000000787c00000, 0x0000000787c00000|100%| E|CS|TAMS 0x0000000787b00000, 0x0000000787b00000| Complete 
| 124|0x0000000787c00000, 0x0000000787d00000, 0x0000000787d00000|100%| E|CS|TAMS 0x0000000787c00000, 0x0000000787c00000| Complete 
| 125|0x0000000787d00000, 0x0000000787e00000, 0x0000000787e00000|100%| E|CS|TAMS 0x0000000787d00000, 0x0000000787d00000| Complete 
| 126|0x0000000787e00000, 0x0000000787f00000, 0x0000000787f00000|100%| E|CS|TAMS 0x0000000787e00000, 0x0000000787e00000| Complete 
| 127|0x0000000787f00000, 0x0000000788000000, 0x0000000788000000|100%| E|CS|TAMS 0x0000000787f00000, 0x0000000787f00000| Complete 
|1022|0x00000007bfe00000, 0x00000007bfe51000, 0x00000007bff00000| 31%|OA|  |TAMS 0x00000007bfe00000, 0x00000007bfe00000| Untracked 
|1023|0x00000007bff00000, 0x00000007bff79000, 0x00000007c0000000| 47%|CA|  |TAMS 0x00000007bff00000, 0x00000007bff00000| Untracked 

Card table byte_map: [0x0000000105f92000,0x0000000106392000] _byte_map_base: 0x0000000102392000

Marking Bits (Prev, Next): (CMBitMap*) 0x00007f9a87010810, (CMBitMap*) 0x00007f9a87010850
 Prev Bits: [0x0000000106792000, 0x0000000108792000)
 Next Bits: [0x0000000108792000, 0x000000010a792000)

Polling page: 0x00000001038c3000

Metaspace:

Usage:
  Non-class:      7.79 MB capacity,     5.66 MB ( 73%) used,     2.12 MB ( 27%) free+waste,     6.19 KB ( <1%) overhead. 
      Class:    600.00 KB capacity,   354.51 KB ( 59%) used,   243.74 KB ( 41%) free+waste,     1.75 KB ( <1%) overhead. 
       Both:      8.38 MB capacity,     6.01 MB ( 72%) used,     2.36 MB ( 28%) free+waste,     7.94 KB ( <1%) overhead. 

Virtual space:
  Non-class space:        8.00 MB reserved,       8.00 MB (100%) committed 
      Class space:        1.00 GB reserved,     640.00 KB ( <1%) committed 
             Both:        1.01 GB reserved,       8.62 MB ( <1%) committed 

Chunk freelists:
   Non-Class:  119.00 KB
       Class:  8.00 KB
        Both:  127.00 KB

MaxMetaspaceSize: 17179869184.00 GB
CompressedClassSpaceSize: 1.00 GB

CodeHeap 'non-profiled nmethods': size=120028Kb used=364Kb max_used=364Kb free=119663Kb
 bounds [0x000000011c9d1000, 0x000000011cc41000, 0x0000000123f08000]
CodeHeap 'profiled nmethods': size=120028Kb used=1742Kb max_used=1742Kb free=118285Kb
 bounds [0x000000011549a000, 0x000000011570a000, 0x000000011c9d1000]
CodeHeap 'non-nmethods': size=5704Kb used=1584Kb max_used=1609Kb free=4119Kb
 bounds [0x0000000114f08000, 0x0000000115178000, 0x000000011549a000]
 total_blobs=2006 nmethods=1027 adapters=893
 compilation: enabled
              stopped_count=0, restarted_count=0
 full_count=0

Compilation events (20 events):
Event: 0.857 Thread 0x00007f9a8a00b600 1024       4       java.util.zip.ZipFile$Source::getEntryHash (7 bytes)
Event: 0.857 Thread 0x00007f9a8a00b600 nmethod 1024 0x000000011ca27d10 code [0x000000011ca27e80, 0x000000011ca27f18]
Event: 0.857 Thread 0x00007f9a8a00b600  937       4       java.util.AbstractSet::<init> (5 bytes)
Event: 0.857 Thread 0x00007f9a8a00b600 nmethod 937 0x000000011ca28010 code [0x000000011ca28180, 0x000000011ca281d8]
Event: 0.857 Thread 0x00007f9a8a00b600  934   !   4       java.util.jar.JarFile::isMultiRelease (33 bytes)
Event: 0.882 Thread 0x00007f9a8a00b600 nmethod 934 0x000000011ca28310 code [0x000000011ca28560, 0x000000011ca29630]
Event: 0.882 Thread 0x00007f9a8a00b600  900       4       java.util.ArrayList::get (15 bytes)
Event: 0.883 Thread 0x00007f9a8a00b600 nmethod 900 0x000000011ca2a090 code [0x000000011ca2a200, 0x000000011ca2a2f8]
Event: 0.883 Thread 0x00007f9a8a00b600  979       4       java.nio.DirectIntBufferU::ix (10 bytes)
Event: 0.883 Thread 0x00007f9a8a00b600 nmethod 979 0x000000011ca2a410 code [0x000000011ca2a580, 0x000000011ca2a5f8]
Event: 0.920 Thread 0x00007f9a8a00b600 1025   !   4       java.util.zip.ZipFile$Source::getEntryPos (174 bytes)
Event: 0.932 Thread 0x00007f9a8a00b600 nmethod 1025 0x000000011ca2a710 code [0x000000011ca2a8e0, 0x000000011ca2b328]
Event: 0.932 Thread 0x00007f9a8a00b600 1026       4       java.util.zip.ZipFile$Source::getEntryNext (9 bytes)
Event: 0.933 Thread 0x00007f9a8a00b600 nmethod 1026 0x000000011ca2bb90 code [0x000000011ca2bd00, 0x000000011ca2bdb8]
Event: 0.946 Thread 0x00007f9a8a00bc00 1029       3       jdk.internal.misc.Unsafe::putFloat (8 bytes)
Event: 0.946 Thread 0x00007f9a8a00bc00 nmethod 1029 0x000000011564c610 code [0x000000011564c7a0, 0x000000011564c8b0]
Event: 0.946 Thread 0x00007f9a8a00bc00 1027   !   3       java.nio.DirectFloatBufferU::put (36 bytes)
Event: 0.947 Thread 0x00007f9a8a00bc00 nmethod 1027 0x000000011564c990 code [0x000000011564cb60, 0x000000011564cfb0]
Event: 0.947 Thread 0x00007f9a8a00bc00 1028       3       java.nio.DirectFloatBufferU::ix (10 bytes)
Event: 0.947 Thread 0x00007f9a8a00bc00 nmethod 1028 0x000000011564d290 code [0x000000011564d420, 0x000000011564d530]

GC Heap History (2 events):
Event: 0.694 GC heap before
{Heap before GC invocations=0 (full 0):
 garbage-first heap   total 133120K, used 23336K [0x0000000780000000, 0x0000000800000000)
  region size 1024K, 23 young (23552K), 0 survivors (0K)
 Metaspace       used 4623K, capacity 7169K, committed 7552K, reserved 1056768K
  class space    used 285K, capacity 536K, committed 640K, reserved 1048576K
}
Event: 0.698 GC heap after
{Heap after GC invocations=1 (full 0):
 garbage-first heap   total 133120K, used 5339K [0x0000000780000000, 0x0000000800000000)
  region size 1024K, 3 young (3072K), 3 survivors (3072K)
 Metaspace       used 4623K, capacity 7169K, committed 7552K, reserved 1056768K
  class space    used 285K, capacity 536K, committed 640K, reserved 1048576K
}

Deoptimization events (20 events):
Event: 0.583 Thread 0x00007f9a88808a00 DEOPT PACKING pc=0x00000001155a70e8 sp=0x00007ffeec36a900
Event: 0.583 Thread 0x00007f9a88808a00 DEOPT UNPACKING pc=0x0000000114f55f2b sp=0x00007ffeec369d70 mode 0
Event: 0.594 Thread 0x00007f9a88808a00 DEOPT PACKING pc=0x00000001155a70e8 sp=0x00007ffeec36c060
Event: 0.594 Thread 0x00007f9a88808a00 DEOPT UNPACKING pc=0x0000000114f55f2b sp=0x00007ffeec36b4d0 mode 0
Event: 0.600 Thread 0x00007f9a88808a00 Uncommon trap: trap_request=0xffffffde fr.pc=0x000000011c9fcc0c relative=0x00000000000003cc
Event: 0.600 Thread 0x00007f9a88808a00 Uncommon trap: reason=class_check action=maybe_recompile pc=0x000000011c9fcc0c method=java.util.HashMap.getNode(Ljava/lang/Object;)Ljava/util/HashMap$Node; @ 63 c2
Event: 0.600 Thread 0x00007f9a88808a00 DEOPT PACKING pc=0x000000011c9fcc0c sp=0x00007ffeec36f3f0
Event: 0.600 Thread 0x00007f9a88808a00 DEOPT UNPACKING pc=0x0000000114f56125 sp=0x00007ffeec36f328 mode 2
Event: 0.720 Thread 0x00007f9a88808a00 Uncommon trap: trap_request=0xffffff54 fr.pc=0x000000011ca18360 relative=0x0000000000000060
Event: 0.720 Thread 0x00007f9a88808a00 Uncommon trap: reason=speculate_null_assert action=make_not_entrant pc=0x000000011ca18360 method=sun.misc.Unsafe.putLong(Ljava/lang/Object;JJ)V @ 7 c2
Event: 0.720 Thread 0x00007f9a88808a00 DEOPT PACKING pc=0x000000011ca18360 sp=0x00007ffeec3713e0
Event: 0.720 Thread 0x00007f9a88808a00 DEOPT UNPACKING pc=0x0000000114f56125 sp=0x00007ffeec371378 mode 2
Event: 0.721 Thread 0x00007f9a88808a00 Uncommon trap: trap_request=0xffffff54 fr.pc=0x000000011ca1453c relative=0x000000000000097c
Event: 0.721 Thread 0x00007f9a88808a00 Uncommon trap: reason=speculate_null_assert action=make_not_entrant pc=0x000000011ca1453c method=java.util.jar.JarFile.getVersionedEntry(Ljava/lang/String;Ljava/util/jar/JarEntry;)Ljava/util/jar/JarEntry; @ 114 c2
Event: 0.721 Thread 0x00007f9a88808a00 DEOPT PACKING pc=0x000000011ca1453c sp=0x00007ffeec3708b0
Event: 0.721 Thread 0x00007f9a88808a00 DEOPT UNPACKING pc=0x0000000114f56125 sp=0x00007ffeec370828 mode 2
Event: 0.854 Thread 0x00007f9a88808a00 Uncommon trap: trap_request=0xffffff5c fr.pc=0x000000011ca26954 relative=0x0000000000000054
Event: 0.854 Thread 0x00007f9a88808a00 Uncommon trap: reason=speculate_null_check action=make_not_entrant pc=0x000000011ca26954 method=sun.misc.Unsafe.getLong(Ljava/lang/Object;J)J @ 5 c2
Event: 0.854 Thread 0x00007f9a88808a00 DEOPT PACKING pc=0x000000011ca26954 sp=0x00007ffeec371550
Event: 0.854 Thread 0x00007f9a88808a00 DEOPT UNPACKING pc=0x0000000114f56125 sp=0x00007ffeec3714e8 mode 2

Classes unloaded (0 events):
No events

Classes redefined (0 events):
No events

Internal exceptions (14 events):
Event: 0.270 Thread 0x00007f9a88878200 Exception <a 'java/lang/NoSuchMethodError'{0x00000007872f7620}: 'java.lang.Object java.lang.invoke.DirectMethodHandle$Holder.invokeStatic(java.lang.Object)'> (0x00000007872f7620) 
thrown [./open/src/hotspot/share/interpreter/linkResolver.cpp, line 782]
Event: 0.270 Thread 0x00007f9a88878200 Exception <a 'java/lang/NoSuchMethodError'{0x00000007872fae08}: 'java.lang.Object java.lang.invoke.DirectMethodHandle$Holder.invokeStaticInit(java.lang.Object)'> (0x00000007872fae08) 
thrown [./open/src/hotspot/share/interpreter/linkResolver.cpp, line 782]
Event: 0.278 Thread 0x00007f9a88878200 Exception <a 'java/lang/NoSuchMethodError'{0x00000007871e48f0}: 'void java.lang.invoke.DirectMethodHandle$Holder.invokeStatic(java.lang.Object, java.lang.Object)'> (0x00000007871e48f0) 
thrown [./open/src/hotspot/share/interpreter/linkResolver.cpp, line 782]
Event: 0.335 Thread 0x00007f9a88808a00 Exception <a 'java/lang/NoSuchMethodError'{0x0000000786fc8ad8}: 'void java.lang.invoke.DirectMethodHandle$Holder.invokeSpecial(java.lang.Object, java.lang.Object, java.lang.Object)'> (0x0000000786fc8ad8) 
thrown [./open/src/hotspot/share/interpreter/linkResolver.cpp, line 782]
Event: 0.338 Thread 0x00007f9a88808a00 Exception <a 'java/lang/NoSuchMethodError'{0x0000000786fdcc70}: 'java.lang.Object java.lang.invoke.DirectMethodHandle$Holder.invokeStatic(java.lang.Object, java.lang.Object, int)'> (0x0000000786fdcc70) 
thrown [./open/src/hotspot/share/interpreter/linkResolver.cpp, line 782]
Event: 0.339 Thread 0x00007f9a88808a00 Exception <a 'java/lang/NoSuchMethodError'{0x0000000786fe8db8}: 'void java.lang.invoke.DelegatingMethodHandle$Holder.delegate(java.lang.Object, java.lang.Object, int, java.lang.Object)'> (0x0000000786fe8db8) 
thrown [./open/src/hotspot/share/interpreter/linkResolver.cpp, line 782]
Event: 0.340 Thread 0x00007f9a88808a00 Exception <a 'java/lang/NoSuchMethodError'{0x0000000786fecf08}: 'int java.lang.invoke.DirectMethodHandle$Holder.invokeSpecial(java.lang.Object, java.lang.Object, java.lang.Object)'> (0x0000000786fecf08) 
thrown [./open/src/hotspot/share/interpreter/linkResolver.cpp, line 782]
Event: 0.353 Thread 0x00007f9a88808a00 Exception <a 'sun/nio/fs/UnixException'{0x0000000786e21df8}> (0x0000000786e21df8) 
thrown [./open/src/hotspot/share/prims/jni.cpp, line 578]
Event: 0.361 Thread 0x00007f9a88808a00 Exception <a 'sun/nio/fs/UnixException'{0x0000000786e50918}> (0x0000000786e50918) 
thrown [./open/src/hotspot/share/prims/jni.cpp, line 578]
Event: 0.433 Thread 0x00007f9a88808a00 Exception <a 'sun/nio/fs/UnixException'{0x0000000786d572b0}> (0x0000000786d572b0) 
thrown [./open/src/hotspot/share/prims/jni.cpp, line 578]
Event: 0.603 Thread 0x00007f9a88808a00 Exception <a 'sun/nio/fs/UnixException'{0x0000000786ca7128}> (0x0000000786ca7128) 
thrown [./open/src/hotspot/share/prims/jni.cpp, line 578]
Event: 0.626 Thread 0x00007f9a88808a00 Exception <a 'sun/nio/fs/UnixException'{0x0000000786b83f40}> (0x0000000786b83f40) 
thrown [./open/src/hotspot/share/prims/jni.cpp, line 578]
Event: 0.785 Thread 0x00007f9a88808a00 Exception <a 'sun/nio/fs/UnixException'{0x0000000787c1f310}> (0x0000000787c1f310) 
thrown [./open/src/hotspot/share/prims/jni.cpp, line 578]
Event: 0.935 Thread 0x00007f9a88808a00 Exception <a 'java/lang/ExceptionInInitializerError'{0x0000000787aa0208}> (0x0000000787aa0208) 
thrown [./open/src/hotspot/share/oops/instanceKlass.cpp, line 1200]

Events (20 events):
Event: 0.698 Executing VM operation: HandshakeAllThreads done
Event: 0.720 loading class jdk/internal/reflect/UnsafeQualifiedLongFieldAccessorImpl
Event: 0.720 loading class jdk/internal/reflect/UnsafeQualifiedFieldAccessorImpl
Event: 0.720 loading class jdk/internal/reflect/UnsafeQualifiedFieldAccessorImpl done
Event: 0.720 loading class jdk/internal/reflect/UnsafeQualifiedLongFieldAccessorImpl done
Event: 0.777 Loaded shared library /Library/Java/JavaVirtualMachines/jdk-15.0.2.jdk/Contents/Home/lib/libnio.dylib
Event: 0.841 loading class java/nio/channels/spi/AbstractInterruptibleChannel$1
Event: 0.841 loading class sun/nio/ch/Interruptible
Event: 0.841 loading class sun/nio/ch/Interruptible done
Event: 0.841 loading class java/nio/channels/spi/AbstractInterruptibleChannel$1 done
Event: 0.852 loading class java/lang/NumberFormatException
Event: 0.852 loading class java/lang/NumberFormatException done
Event: 0.852 Executing VM operation: HandshakeAllThreads
Event: 0.852 Executing VM operation: HandshakeAllThreads done
Event: 0.933 loading class java/lang/SecurityException
Event: 0.933 loading class java/lang/SecurityException done
Event: 0.934 loading class jdk/internal/access/foreign/MemorySegmentProxy
Event: 0.934 loading class jdk/internal/access/foreign/MemorySegmentProxy done
Event: 0.935 loading class java/lang/ExceptionInInitializerError
Event: 0.935 loading class java/lang/ExceptionInInitializerError done


Dynamic libraries:
0x00007fff6f6b7000 	/usr/lib/libz.1.dylib
0x0000000103891000 	/Library/Java/JavaVirtualMachines/jdk-15.0.2.jdk/Contents/Home/lib/libjli.dylib
0x00007fff351bc000 	/System/Library/Frameworks/Cocoa.framework/Versions/A/Cocoa
0x00007fff429b3000 	/System/Library/Frameworks/Security.framework/Versions/A/Security
0x00007fff34121000 	/System/Library/Frameworks/ApplicationServices.framework/Versions/A/ApplicationServices
0x00007fff6d17b000 	/usr/lib/libSystem.B.dylib
0x00007fff6ff78000 	/usr/lib/system/libcache.dylib
0x00007fff6ff7e000 	/usr/lib/system/libcommonCrypto.dylib
0x00007fff6ff8a000 	/usr/lib/system/libcompiler_rt.dylib
0x00007fff6ff92000 	/usr/lib/system/libcopyfile.dylib
0x00007fff6ff9c000 	/usr/lib/system/libcorecrypto.dylib
0x00007fff7013b000 	/usr/lib/system/libdispatch.dylib
0x00007fff7017c000 	/usr/lib/system/libdyld.dylib
0x00007fff701b3000 	/usr/lib/system/libkeymgr.dylib
0x00007fff701c1000 	/usr/lib/system/liblaunch.dylib
0x00007fff701c2000 	/usr/lib/system/libmacho.dylib
0x00007fff701c8000 	/usr/lib/system/libquarantine.dylib
0x00007fff701cb000 	/usr/lib/system/libremovefile.dylib
0x00007fff701cd000 	/usr/lib/system/libsystem_asl.dylib
0x00007fff701e5000 	/usr/lib/system/libsystem_blocks.dylib
0x00007fff701e6000 	/usr/lib/system/libsystem_c.dylib
0x00007fff7026e000 	/usr/lib/system/libsystem_configuration.dylib
0x00007fff70272000 	/usr/lib/system/libsystem_coreservices.dylib
0x00007fff70276000 	/usr/lib/system/libsystem_darwin.dylib
0x00007fff7027f000 	/usr/lib/system/libsystem_dnssd.dylib
0x00007fff70287000 	/usr/lib/system/libsystem_featureflags.dylib
0x00007fff70289000 	/usr/lib/system/libsystem_info.dylib
0x00007fff70304000 	/usr/lib/system/libsystem_m.dylib
0x00007fff7034c000 	/usr/lib/system/libsystem_malloc.dylib
0x00007fff70374000 	/usr/lib/system/libsystem_networkextension.dylib
0x00007fff70382000 	/usr/lib/system/libsystem_notify.dylib
0x00007fff703a0000 	/usr/lib/system/libsystem_sandbox.dylib
0x00007fff703a5000 	/usr/lib/system/libsystem_secinit.dylib
0x00007fff702d7000 	/usr/lib/system/libsystem_kernel.dylib
0x00007fff7038c000 	/usr/lib/system/libsystem_platform.dylib
0x00007fff70395000 	/usr/lib/system/libsystem_pthread.dylib
0x00007fff703a8000 	/usr/lib/system/libsystem_symptoms.dylib
0x00007fff703b0000 	/usr/lib/system/libsystem_trace.dylib
0x00007fff703c8000 	/usr/lib/system/libunwind.dylib
0x00007fff703ce000 	/usr/lib/system/libxpc.dylib
0x00007fff6efdb000 	/usr/lib/libobjc.A.dylib
0x00007fff6d4b4000 	/usr/lib/libc++abi.dylib
0x00007fff6d461000 	/usr/lib/libc++.1.dylib
0x00007fff3605e000 	/System/Library/Frameworks/CoreFoundation.framework/Versions/A/CoreFoundation
0x00007fff3871b000 	/System/Library/Frameworks/Foundation.framework/Versions/C/Foundation
0x00007fff33311000 	/System/Library/Frameworks/AppKit.framework/Versions/C/AppKit
0x00007fff35b40000 	/System/Library/Frameworks/CoreData.framework/Versions/A/CoreData
0x00007fff67190000 	/System/Library/PrivateFrameworks/UIFoundation.framework/Versions/A/UIFoundation
0x00007fff62224000 	/System/Library/PrivateFrameworks/RemoteViewServices.framework/Versions/A/RemoteViewServices
0x00007fff69ceb000 	/System/Library/PrivateFrameworks/XCTTargetBootstrap.framework/Versions/A/XCTTargetBootstrap
0x00007fff35f2b000 	/System/Library/Frameworks/CoreDisplay.framework/Versions/A/CoreDisplay
0x00007fff3b5d6000 	/System/Library/Frameworks/Metal.framework/Versions/A/Metal
0x00007fff501cf000 	/System/Library/PrivateFrameworks/DesktopServicesPriv.framework/Versions/A/DesktopServicesPriv
0x00007fff6e2b6000 	/usr/lib/liblangid.dylib
0x00007fff4f464000 	/System/Library/PrivateFrameworks/CoreSVG.framework/Versions/A/CoreSVG
0x00007fff65380000 	/System/Library/PrivateFrameworks/SkyLight.framework/Versions/A/SkyLight
0x00007fff364df000 	/System/Library/Frameworks/CoreGraphics.framework/Versions/A/CoreGraphics
0x00007fff31ce5000 	/System/Library/Frameworks/Accelerate.framework/Versions/A/Accelerate
0x00007fff6f5a8000 	/usr/lib/libxml2.2.dylib
0x00007fff5b16d000 	/System/Library/PrivateFrameworks/IconServices.framework/Versions/A/IconServices
0x00007fff38efa000 	/System/Library/Frameworks/IOSurface.framework/Versions/A/IOSurface
0x00007fff6cca5000 	/usr/lib/libDiagnosticMessagesClient.dylib
0x00007fff50029000 	/System/Library/PrivateFrameworks/DFRFoundation.framework/Versions/A/DFRFoundation
0x00007fff6e045000 	/usr/lib/libicucore.A.dylib
0x00007fff34453000 	/System/Library/Frameworks/AudioToolbox.framework/Versions/A/AudioToolbox
0x00007fff34536000 	/System/Library/Frameworks/AudioUnit.framework/Versions/A/AudioUnit
0x00007fff6d37d000 	/usr/lib/libauto.dylib
0x00007fff500cb000 	/System/Library/PrivateFrameworks/DataDetectorsCore.framework/Versions/A/DataDetectorsCore
0x00007fff34cdd000 	/System/Library/Frameworks/Carbon.framework/Versions/A/Frameworks/HIToolbox.framework/Versions/A/HIToolbox
0x00007fff41baf000 	/System/Library/Frameworks/QuartzCore.framework/Versions/A/QuartzCore
0x00007fff3501c000 	/System/Library/Frameworks/Carbon.framework/Versions/A/Frameworks/SpeechRecognition.framework/Versions/A/SpeechRecognition
0x00007fff4fb3d000 	/System/Library/PrivateFrameworks/CoreUI.framework/Versions/A/CoreUI
0x00007fff355ab000 	/System/Library/Frameworks/CoreAudio.framework/Versions/A/CoreAudio
0x00007fff383da000 	/System/Library/Frameworks/DiskArbitration.framework/Versions/A/DiskArbitration
0x00007fff5d1ff000 	/System/Library/PrivateFrameworks/MultitouchSupport.framework/Versions/A/MultitouchSupport
0x00007fff6df0c000 	/usr/lib/libenergytrace.dylib
0x00007fff38e54000 	/System/Library/Frameworks/IOKit.framework/Versions/A/IOKit
0x00007fff37446000 	/System/Library/Frameworks/CoreServices.framework/Versions/A/CoreServices
0x00007fff5f3b7000 	/System/Library/PrivateFrameworks/PerformanceAnalysis.framework/Versions/A/PerformanceAnalysis
0x00007fff40be2000 	/System/Library/Frameworks/OpenGL.framework/Versions/A/OpenGL
0x00007fff351ca000 	/System/Library/Frameworks/ColorSync.framework/Versions/A/ColorSync
0x00007fff36b62000 	/System/Library/Frameworks/CoreImage.framework/Versions/A/CoreImage
0x00007fff37eb9000 	/System/Library/Frameworks/CoreText.framework/Versions/A/CoreText
0x00007fff38f8a000 	/System/Library/Frameworks/ImageIO.framework/Versions/A/ImageIO
0x00007fff6d4dd000 	/usr/lib/libcompression.dylib
0x00007fff6cfe9000 	/usr/lib/libMobileGestalt.dylib
0x00007fff66efa000 	/System/Library/PrivateFrameworks/TextureIO.framework/Versions/A/TextureIO
0x00007fff6d2e0000 	/usr/lib/libate.dylib
0x00007fff5b376000 	/System/Library/PrivateFrameworks/InternationalSupport.framework/Versions/A/InternationalSupport
0x00007fff6e2b8000 	/usr/lib/liblzma.5.dylib
0x00007fff6df33000 	/usr/lib/libfakelink.dylib
0x00007fff6d26d000 	/usr/lib/libarchive.2.dylib
0x00007fff43a64000 	/System/Library/Frameworks/SystemConfiguration.framework/Versions/A/SystemConfiguration
0x00007fff6cbd8000 	/usr/lib/libCRFSuite.dylib
0x00007fff348cd000 	/System/Library/Frameworks/CFNetwork.framework/Versions/A/CFNetwork
0x00007fff6d443000 	/usr/lib/libbsm.0.dylib
0x00007fff701b4000 	/usr/lib/system/libkxld.dylib
0x00007fff499a6000 	/System/Library/PrivateFrameworks/AppleFSCompression.framework/Versions/A/AppleFSCompression
0x00007fff6d7ce000 	/usr/lib/libcoretls.dylib
0x00007fff6d7e5000 	/usr/lib/libcoretls_cfhelpers.dylib
0x00007fff6f021000 	/usr/lib/libpam.2.dylib
0x00007fff6f156000 	/usr/lib/libsqlite3.dylib
0x00007fff6f595000 	/usr/lib/libxar.1.dylib
0x00007fff6d454000 	/usr/lib/libbz2.1.0.dylib
0x00007fff6df54000 	/usr/lib/libiconv.2.dylib
0x00007fff6d4ca000 	/usr/lib/libcharset.1.dylib
0x00007fff6eabe000 	/usr/lib/libnetwork.dylib
0x00007fff6f028000 	/usr/lib/libpcap.A.dylib
0x00007fff6d222000 	/usr/lib/libapple_nghttp2.dylib
0x00007fff377fd000 	/System/Library/Frameworks/CoreServices.framework/Versions/A/Frameworks/FSEvents.framework/Versions/A/FSEvents
0x00007fff374cd000 	/System/Library/Frameworks/CoreServices.framework/Versions/A/Frameworks/CarbonCore.framework/Versions/A/CarbonCore
0x00007fff37a41000 	/System/Library/Frameworks/CoreServices.framework/Versions/A/Frameworks/Metadata.framework/Versions/A/Metadata
0x00007fff37ada000 	/System/Library/Frameworks/CoreServices.framework/Versions/A/Frameworks/OSServices.framework/Versions/A/OSServices
0x00007fff37b08000 	/System/Library/Frameworks/CoreServices.framework/Versions/A/Frameworks/SearchKit.framework/Versions/A/SearchKit
0x00007fff37447000 	/System/Library/Frameworks/CoreServices.framework/Versions/A/Frameworks/AE.framework/Versions/A/AE
0x00007fff37806000 	/System/Library/Frameworks/CoreServices.framework/Versions/A/Frameworks/LaunchServices.framework/Versions/A/LaunchServices
0x00007fff377af000 	/System/Library/Frameworks/CoreServices.framework/Versions/A/Frameworks/DictionaryServices.framework/Versions/A/DictionaryServices
0x00007fff37b70000 	/System/Library/Frameworks/CoreServices.framework/Versions/A/Frameworks/SharedFileList.framework/Versions/A/SharedFileList
0x00007fff3ca01000 	/System/Library/Frameworks/NetFS.framework/Versions/A/NetFS
0x00007fff5d72f000 	/System/Library/PrivateFrameworks/NetAuth.framework/Versions/A/NetAuth
0x00007fff6a0b8000 	/System/Library/PrivateFrameworks/login.framework/Versions/A/Frameworks/loginsupport.framework/Versions/A/loginsupport
0x00007fff669c5000 	/System/Library/PrivateFrameworks/TCC.framework/Versions/A/TCC
0x00007fff4e5d7000 	/System/Library/PrivateFrameworks/CoreNLP.framework/Versions/A/CoreNLP
0x00007fff5cbea000 	/System/Library/PrivateFrameworks/MetadataUtilities.framework/Versions/A/MetadataUtilities
0x00007fff6e390000 	/usr/lib/libmecabra.dylib
0x00007fff6e2e8000 	/usr/lib/libmecab.dylib
0x00007fff6df44000 	/usr/lib/libgermantok.dylib
0x00007fff6d209000 	/usr/lib/libThaiTokenizer.dylib
0x00007fff6cc0f000 	/usr/lib/libChineseTokenizer.dylib
0x00007fff31cfd000 	/System/Library/Frameworks/Accelerate.framework/Versions/A/Frameworks/vImage.framework/Versions/A/vImage
0x00007fff33167000 	/System/Library/Frameworks/Accelerate.framework/Versions/A/Frameworks/vecLib.framework/Versions/A/vecLib
0x00007fff330a4000 	/System/Library/Frameworks/Accelerate.framework/Versions/A/Frameworks/vecLib.framework/Versions/A/libvMisc.dylib
0x00007fff32ecc000 	/System/Library/Frameworks/Accelerate.framework/Versions/A/Frameworks/vecLib.framework/Versions/A/libvDSP.dylib
0x00007fff32354000 	/System/Library/Frameworks/Accelerate.framework/Versions/A/Frameworks/vecLib.framework/Versions/A/libBLAS.dylib
0x00007fff32a90000 	/System/Library/Frameworks/Accelerate.framework/Versions/A/Frameworks/vecLib.framework/Versions/A/libLAPACK.dylib
0x00007fff32e2c000 	/System/Library/Frameworks/Accelerate.framework/Versions/A/Frameworks/vecLib.framework/Versions/A/libLinearAlgebra.dylib
0x00007fff32eb9000 	/System/Library/Frameworks/Accelerate.framework/Versions/A/Frameworks/vecLib.framework/Versions/A/libSparseBLAS.dylib
0x00007fff32e42000 	/System/Library/Frameworks/Accelerate.framework/Versions/A/Frameworks/vecLib.framework/Versions/A/libQuadrature.dylib
0x00007fff325bc000 	/System/Library/Frameworks/Accelerate.framework/Versions/A/Frameworks/vecLib.framework/Versions/A/libBNNS.dylib
0x00007fff32e48000 	/System/Library/Frameworks/Accelerate.framework/Versions/A/Frameworks/vecLib.framework/Versions/A/libSparse.dylib
0x00007fff5b75e000 	/System/Library/PrivateFrameworks/LanguageModeling.framework/Versions/A/LanguageModeling
0x00007fff4df87000 	/System/Library/PrivateFrameworks/CoreEmoji.framework/Versions/A/CoreEmoji
0x00007fff5b87c000 	/System/Library/PrivateFrameworks/LinguisticData.framework/Versions/A/LinguisticData
0x00007fff5b82d000 	/System/Library/PrivateFrameworks/Lexicon.framework/Versions/A/Lexicon
0x00007fff6d4cb000 	/usr/lib/libcmph.dylib
0x00007fff3f5f0000 	/System/Library/Frameworks/OpenDirectory.framework/Versions/A/Frameworks/CFOpenDirectory.framework/Versions/A/CFOpenDirectory
0x00007fff3f60d000 	/System/Library/Frameworks/OpenDirectory.framework/Versions/A/OpenDirectory
0x00007fff47a4e000 	/System/Library/PrivateFrameworks/APFS.framework/Versions/A/APFS
0x00007fff42cfd000 	/System/Library/Frameworks/SecurityFoundation.framework/Versions/A/SecurityFoundation
0x00007fff6f591000 	/usr/lib/libutil.dylib
0x00007fff4f4bc000 	/System/Library/PrivateFrameworks/CoreServicesStore.framework/Versions/A/CoreServicesStore
0x00007fff42db4000 	/System/Library/Frameworks/ServiceManagement.framework/Versions/A/ServiceManagement
0x00007fff4b176000 	/System/Library/PrivateFrameworks/BackgroundTaskManagement.framework/Versions/A/BackgroundTaskManagement
0x00007fff6f68e000 	/usr/lib/libxslt.1.dylib
0x00007fff4a019000 	/System/Library/PrivateFrameworks/AppleSystemInfo.framework/Versions/A/AppleSystemInfo
0x00007fff391a5000 	/System/Library/Frameworks/ImageIO.framework/Versions/A/Resources/libJPEG.dylib
0x00007fff39464000 	/System/Library/Frameworks/ImageIO.framework/Versions/A/Resources/libTIFF.dylib
0x00007fff39447000 	/System/Library/Frameworks/ImageIO.framework/Versions/A/Resources/libPng.dylib
0x00007fff390e7000 	/System/Library/Frameworks/ImageIO.framework/Versions/A/Resources/libGIF.dylib
0x00007fff390eb000 	/System/Library/Frameworks/ImageIO.framework/Versions/A/Resources/libJP2.dylib
0x00007fff39462000 	/System/Library/Frameworks/ImageIO.framework/Versions/A/Resources/libRadiance.dylib
0x00007fff6df0d000 	/usr/lib/libexpat.1.dylib
0x00007fff49b01000 	/System/Library/PrivateFrameworks/AppleJPEG.framework/Versions/A/AppleJPEG
0x00007fff527d2000 	/System/Library/PrivateFrameworks/FontServices.framework/libFontParser.dylib
0x00007fff690ba000 	/System/Library/PrivateFrameworks/WatchdogClient.framework/Versions/A/WatchdogClient
0x00007fff5adb9000 	/System/Library/PrivateFrameworks/IOAccelerator.framework/Versions/A/IOAccelerator
0x00007fff3b971000 	/System/Library/Frameworks/MetalPerformanceShaders.framework/Versions/A/MetalPerformanceShaders
0x00007fff5754f000 	/System/Library/PrivateFrameworks/GPUWrangler.framework/Versions/A/GPUWrangler
0x00007fff5adce000 	/System/Library/PrivateFrameworks/IOPresentment.framework/Versions/A/IOPresentment
0x00007fff5003c000 	/System/Library/PrivateFrameworks/DSExternalDisplay.framework/Versions/A/DSExternalDisplay
0x00007fff3ff81000 	/System/Library/Frameworks/OpenGL.framework/Versions/A/Libraries/libCoreFSCache.dylib
0x00007fff3b6bd000 	/System/Library/Frameworks/MetalPerformanceShaders.framework/Frameworks/MPSCore.framework/Versions/A/MPSCore
0x00007fff3b6fb000 	/System/Library/Frameworks/MetalPerformanceShaders.framework/Frameworks/MPSImage.framework/Versions/A/MPSImage
0x00007fff3b7c2000 	/System/Library/Frameworks/MetalPerformanceShaders.framework/Frameworks/MPSNeuralNetwork.framework/Versions/A/MPSNeuralNetwork
0x00007fff3b786000 	/System/Library/Frameworks/MetalPerformanceShaders.framework/Frameworks/MPSMatrix.framework/Versions/A/MPSMatrix
0x00007fff3b921000 	/System/Library/Frameworks/MetalPerformanceShaders.framework/Frameworks/MPSRayIntersector.framework/Versions/A/MPSRayIntersector
0x00007fff3b7ac000 	/System/Library/Frameworks/MetalPerformanceShaders.framework/Frameworks/MPSNDArray.framework/Versions/A/MPSNDArray
0x00007fff5cc37000 	/System/Library/PrivateFrameworks/MetalTools.framework/Versions/A/MetalTools
0x00007fff48c28000 	/System/Library/PrivateFrameworks/AggregateDictionary.framework/Versions/A/AggregateDictionary
0x00007fff4d9cf000 	/System/Library/PrivateFrameworks/CoreAnalytics.framework/Versions/A/CoreAnalytics
0x00007fff49f38000 	/System/Library/PrivateFrameworks/AppleSauce.framework/Versions/A/AppleSauce
0x00007fff6cecb000 	/usr/lib/libIOReport.dylib
0x00007fff38071000 	/System/Library/Frameworks/CoreVideo.framework/Versions/A/CoreVideo
0x00007fff589c8000 	/System/Library/PrivateFrameworks/GraphVisualizer.framework/Versions/A/GraphVisualizer
0x00007fff51d18000 	/System/Library/PrivateFrameworks/FaceCore.framework/Versions/A/FaceCore
0x00007fff3f597000 	/System/Library/Frameworks/OpenCL.framework/Versions/A/OpenCL
0x00007fff6cced000 	/usr/lib/libFosl_dynamic.dylib
0x00007fff5e14f000 	/System/Library/PrivateFrameworks/OTSVG.framework/Versions/A/OTSVG
0x00007fff34226000 	/System/Library/Frameworks/ApplicationServices.framework/Versions/A/Frameworks/ATS.framework/Versions/A/Resources/libFontRegistry.dylib
0x00007fff529a3000 	/System/Library/PrivateFrameworks/FontServices.framework/libhvf.dylib
0x00007fff3ff8c000 	/System/Library/Frameworks/OpenGL.framework/Versions/A/Libraries/libGFXShared.dylib
0x00007fff4016a000 	/System/Library/Frameworks/OpenGL.framework/Versions/A/Libraries/libGLU.dylib
0x00007fff3ff95000 	/System/Library/Frameworks/OpenGL.framework/Versions/A/Libraries/libGL.dylib
0x00007fff3ffa0000 	/System/Library/Frameworks/OpenGL.framework/Versions/A/Libraries/libGLImage.dylib
0x00007fff3ff7e000 	/System/Library/Frameworks/OpenGL.framework/Versions/A/Libraries/libCVMSPluginSupport.dylib
0x00007fff3ff87000 	/System/Library/Frameworks/OpenGL.framework/Versions/A/Libraries/libCoreVMClient.dylib
0x00007fff6e95f000 	/usr/lib/libncurses.5.4.dylib
0x00007fff34122000 	/System/Library/Frameworks/ApplicationServices.framework/Versions/A/Frameworks/ATS.framework/Versions/A/ATS
0x00007fff342ef000 	/System/Library/Frameworks/ApplicationServices.framework/Versions/A/Frameworks/ColorSyncLegacy.framework/Versions/A/ColorSyncLegacy
0x00007fff3438d000 	/System/Library/Frameworks/ApplicationServices.framework/Versions/A/Frameworks/HIServices.framework/Versions/A/HIServices
0x00007fff343e5000 	/System/Library/Frameworks/ApplicationServices.framework/Versions/A/Frameworks/LangAnalysis.framework/Versions/A/LangAnalysis
0x00007fff343f4000 	/System/Library/Frameworks/ApplicationServices.framework/Versions/A/Frameworks/PrintCore.framework/Versions/A/PrintCore
0x00007fff3443a000 	/System/Library/Frameworks/ApplicationServices.framework/Versions/A/Frameworks/QD.framework/Versions/A/QD
0x00007fff34445000 	/System/Library/Frameworks/ApplicationServices.framework/Versions/A/Frameworks/SpeechSynthesis.framework/Versions/A/SpeechSynthesis
0x00007fff342bf000 	/System/Library/Frameworks/ApplicationServices.framework/Versions/A/Frameworks/ATSUI.framework/Versions/A/ATSUI
0x00007fff6dda3000 	/usr/lib/libcups.2.dylib
0x00007fff3aa0c000 	/System/Library/Frameworks/Kerberos.framework/Versions/A/Kerberos
0x00007fff38b4d000 	/System/Library/Frameworks/GSS.framework/Versions/A/GSS
0x00007fff6f0e2000 	/usr/lib/libresolv.9.dylib
0x00007fff58b75000 	/System/Library/PrivateFrameworks/Heimdal.framework/Versions/A/Heimdal
0x00007fff3aa1f000 	/System/Library/Frameworks/Kerberos.framework/Versions/A/Libraries/libHeimdalProxy.dylib
0x00007fff6df4a000 	/usr/lib/libheimdal-asn1.dylib
0x00007fff4ce67000 	/System/Library/PrivateFrameworks/CommonAuth.framework/Versions/A/CommonAuth
0x00007fff4a0b6000 	/System/Library/PrivateFrameworks/AssertionServices.framework/Versions/A/AssertionServices
0x00007fff4ac59000 	/System/Library/PrivateFrameworks/AudioToolboxCore.framework/Versions/A/AudioToolboxCore
0x00007fff69d68000 	/System/Library/PrivateFrameworks/caulk.framework/Versions/A/caulk
0x00007fff4b222000 	/System/Library/PrivateFrameworks/BaseBoard.framework/Versions/A/BaseBoard
0x00007fff623b2000 	/System/Library/PrivateFrameworks/RunningBoardServices.framework/Versions/A/RunningBoardServices
0x00007fff5f3c3000 	/System/Library/PrivateFrameworks/PersistentConnection.framework/Versions/A/PersistentConnection
0x00007fff61dab000 	/System/Library/PrivateFrameworks/ProtocolBuffer.framework/Versions/A/ProtocolBuffer
0x00007fff4ce8b000 	/System/Library/PrivateFrameworks/CommonUtilities.framework/Versions/A/CommonUtilities
0x00007fff4b3b0000 	/System/Library/PrivateFrameworks/Bom.framework/Versions/A/Bom
0x00007fff6cb9e000 	/usr/lib/libAudioToolboxUtility.dylib
0x00007fff4b180000 	/System/Library/PrivateFrameworks/Backup.framework/Versions/A/Backup
0x00007fff4ff5d000 	/System/Library/PrivateFrameworks/CrashReporterSupport.framework/Versions/A/CrashReporterSupport
0x00007fff63e44000 	/System/Library/PrivateFrameworks/Sharing.framework/Versions/A/Sharing
0x00007fff496c4000 	/System/Library/PrivateFrameworks/Apple80211.framework/Versions/A/Apple80211
0x00007fff4ae9d000 	/System/Library/PrivateFrameworks/AuthKit.framework/Versions/A/AuthKit
0x00007fff4fc6a000 	/System/Library/PrivateFrameworks/CoreUtils.framework/Versions/A/CoreUtils
0x00007fff380b6000 	/System/Library/Frameworks/CoreWLAN.framework/Versions/A/CoreWLAN
0x00007fff38cda000 	/System/Library/Frameworks/IOBluetooth.framework/Versions/A/IOBluetooth
0x00007fff5cf7e000 	/System/Library/PrivateFrameworks/MobileKeyBag.framework/Versions/A/MobileKeyBag
0x00007fff4ea6f000 	/System/Library/PrivateFrameworks/CorePhoneNumbers.framework/Versions/A/CorePhoneNumbers
0x00007fff49ab4000 	/System/Library/PrivateFrameworks/AppleIDAuthSupport.framework/Versions/A/AppleIDAuthSupport
0x00007fff3ca0e000 	/System/Library/Frameworks/Network.framework/Versions/A/Network
0x00007fff5b60a000 	/System/Library/PrivateFrameworks/KeychainCircle.framework/Versions/A/KeychainCircle
0x00007fff35b07000 	/System/Library/Frameworks/CoreBluetooth.framework/Versions/A/CoreBluetooth
0x00007fff65ec3000 	/System/Library/PrivateFrameworks/SpeechRecognitionCore.framework/Versions/A/SpeechRecognitionCore
0x0000000104a00000 	/Library/Java/JavaVirtualMachines/jdk-15.0.2.jdk/Contents/Home/lib/server/libjvm.dylib
0x00000001038b7000 	/Library/Java/JavaVirtualMachines/jdk-15.0.2.jdk/Contents/Home/lib/libjimage.dylib
0x00000001038c5000 	/Library/Java/JavaVirtualMachines/jdk-15.0.2.jdk/Contents/Home/lib/libinstrument.dylib
0x00000001038d5000 	/Library/Java/JavaVirtualMachines/jdk-15.0.2.jdk/Contents/Home/lib/libjava.dylib
0x00000001039e8000 	/Library/Java/JavaVirtualMachines/jdk-15.0.2.jdk/Contents/Home/lib/libzip.dylib
0x000000010c792000 	/Library/Java/JavaVirtualMachines/jdk-15.0.2.jdk/Contents/Home/lib/libnio.dylib
0x000000010c7a6000 	/Library/Java/JavaVirtualMachines/jdk-15.0.2.jdk/Contents/Home/lib/libnet.dylib
0x00000001039f6000 	/Library/Java/JavaVirtualMachines/jdk-15.0.2.jdk/Contents/Home/lib/libextnet.dylib
0x000000010c7bf000 	/Library/Java/JavaVirtualMachines/jdk-15.0.2.jdk/Contents/Home/lib/libverify.dylib
0x000000010c7d0000 	/private/var/folders/_8/dps6syrj2gz719mh3b_hv17c0000gn/T/lwjglkristpornpairin/3.2.3-build-13/liblwjgl.dylib
0x000000010c7f8000 	/private/var/folders/_8/dps6syrj2gz719mh3b_hv17c0000gn/T/lwjglkristpornpairin/3.2.3-build-13/libglfw.dylib
0x00007fff4f488000 	/System/Library/PrivateFrameworks/CoreServicesInternal.framework/Versions/A/CoreServicesInternal
0x00007fff385d5000 	/System/Library/Frameworks/FileProvider.framework/Versions/A/FileProvider
0x00007fff33168000 	/System/Library/Frameworks/Accounts.framework/Versions/A/Accounts
0x00007fff57874000 	/System/Library/PrivateFrameworks/GenerationalStorage.framework/Versions/A/GenerationalStorage
0x00007fff4fa0f000 	/System/Library/PrivateFrameworks/CoreSymbolication.framework/Versions/A/CoreSymbolication
0x00007fff66705000 	/System/Library/PrivateFrameworks/SymptomDiagnosticReporter.framework/Versions/A/SymptomDiagnosticReporter
0x00007fff491c8000 	/System/Library/PrivateFrameworks/AppContainer.framework/Versions/A/AppContainer
0x00007fff6f0fc000 	/usr/lib/libsandbox.1.dylib
0x00007fff6805e000 	/System/Library/PrivateFrameworks/UserManagement.framework/Versions/A/UserManagement
0x00007fff4bf6c000 	/System/Library/PrivateFrameworks/ChunkingLibrary.framework/Versions/A/ChunkingLibrary
0x00007fff50191000 	/System/Library/PrivateFrameworks/DebugSymbols.framework/Versions/A/DebugSymbols
0x00007fff4923a000 	/System/Library/PrivateFrameworks/AppSandbox.framework/Versions/A/AppSandbox
0x00007fff63cce000 	/System/Library/PrivateFrameworks/SecCodeWrapper.framework/Versions/A/SecCodeWrapper
0x00007fff6cfb3000 	/usr/lib/libMatch.1.dylib
0x00007fff31ce6000 	/System/Library/Frameworks/Accelerate.framework/Versions/A/Frameworks/vImage.framework/Versions/A/Libraries/libCGInterfaces.dylib
0x00007fff5290a000 	/System/Library/PrivateFrameworks/FontServices.framework/libTrueTypeScaler.dylib
0x00007fff2ea5e000 	/System/Library/Extensions/AppleIntelKBLGraphicsMTLDriver.bundle/Contents/MacOS/AppleIntelKBLGraphicsMTLDriver
0x00007fff55e94000 	/System/Library/PrivateFrameworks/GPUCompiler.framework/Versions/3902/Libraries/libmetal_timestamp.dylib
0x00007fff68e2a000 	/System/Library/PrivateFrameworks/ViewBridge.framework/Versions/A/ViewBridge
0x0000000127b9c000 	/usr/lib/libobjc-trampolines.dylib
0x00007fff6a0bb000 	/System/Library/PrivateFrameworks/login.framework/Versions/A/login
0x00007fff40bf2000 	/System/Library/Frameworks/OpenGL.framework/Versions/A/Resources/GLEngine.bundle/GLEngine
0x00007fff3ffd5000 	/System/Library/Frameworks/OpenGL.framework/Versions/A/Libraries/libGLProgrammability.dylib
0x00007fff2da56000 	/System/Library/Extensions/AppleIntelKBLGraphicsGLDriver.bundle/Contents/MacOS/AppleIntelKBLGraphicsGLDriver
0x00007fff57543000 	/System/Library/PrivateFrameworks/GPUSupport.framework/Versions/A/Libraries/libGPUSupportMercury.dylib
0x00007fff40d6c000 	/System/Library/Frameworks/OpenGL.framework/Versions/A/Resources/GLRendererFloat.bundle/GLRendererFloat
0x00007fff3f58e000 	/System/Library/Frameworks/OpenCL.framework/Versions/A/Libraries/libcldcpuengine.dylib
0x0000000129cac000 	/private/var/folders/_8/dps6syrj2gz719mh3b_hv17c0000gn/T/lwjglkristpornpairin/3.2.3-build-13/libjemalloc.dylib
0x0000000129f1c000 	/private/var/folders/_8/dps6syrj2gz719mh3b_hv17c0000gn/T/lwjglkristpornpairin/3.2.3-build-13/liblwjgl_opengl.dylib
0x000000012a600000 	/private/var/folders/_8/dps6syrj2gz719mh3b_hv17c0000gn/T/lwjglkristpornpairin/3.2.3-build-13/libassimp.dylib


VM Arguments:
jvm_args: -Dorg.lwjgl.util.Debug=true -javaagent:/Applications/IntelliJ IDEA CE.app/Contents/lib/idea_rt.jar=55046:/Applications/IntelliJ IDEA CE.app/Contents/bin -Dfile.encoding=UTF-8 
java_command: Demo
java_class_path (initial): /Users/kristpornpairin/ARMORA/out/production/amora:/Users/kristpornpairin/Library/Application Support/JetBrains/IdeaIC2020.3/plugins/Kotlin/kotlinc/lib/kotlin-stdlib.jar:/Users/kristpornpairin/Library/Application Support/JetBrains/IdeaIC2020.3/plugins/Kotlin/kotlinc/lib/kotlin-reflect.jar:/Users/kristpornpairin/Library/Application Support/JetBrains/IdeaIC2020.3/plugins/Kotlin/kotlinc/lib/kotlin-test.jar:/Users/kristpornpairin/Library/Application Support/JetBrains/IdeaIC2020.3/plugins/Kotlin/kotlinc/lib/kotlin-stdlib-jdk7.jar:/Users/kristpornpairin/Library/Application Support/JetBrains/IdeaIC2020.3/plugins/Kotlin/kotlinc/lib/kotlin-stdlib-jdk8.jar:/Users/kristpornpairin/ARMORA/lib/lwjgl-3.2.3/lwjgl/lwjgl.jar:/Users/kristpornpairin/ARMORA/lib/lwjgl-3.2.3/lwjgl/lwjgl-javadoc.jar:/Users/kristpornpairin/ARMORA/lib/lwjgl-3.2.3/lwjgl/lwjgl-sources.jar:/Users/kristpornpairin/ARMORA/lib/lwjgl-3.2.3/lwjgl/lwjgl-natives-linux.jar:/Users/kristpornpairin/ARMORA/lib/lwjgl-3.2.3/lwjgl/lwjgl-natives-macos.jar:/Users/kristpornpairin/ARMORA/lib/lwjgl-3.2.3/lwjgl/lwjgl-natives-windows.jar:/Users/kristpornpairin/ARMORA/lib/lwjgl-3.2.3/lwjgl/lwjgl-natives-linux-arm32.jar:/Users/kristpornpairin/ARMORA/lib/lwjgl-3.2.3/lwjgl/lwjgl-natives-linux-arm64.jar:/Users/kristpornpairin/ARMORA/lib/lwjgl-3.2.3/lwjgl/lwjgl-natives-windows-x86.jar:/Users/kristpornpairin/ARMORA/lib/lwjgl-3.2.3/lwjgl-assimp/lwjgl-assimp.jar:/Users/kristpornpairin/ARMORA/lib/lwjgl-3.2.3/lwjgl-assimp/lwjgl-assimp-javadoc.jar:/Users/kristpornpairin/ARMORA/lib/lwjgl-3.2.3/lwjgl-assimp/lwjgl-assimp-sources.jar:/Users/kristpornpairin/ARMORA/lib/lwjgl-3.2.3/lwjgl-assimp/lwjgl-assimp-natives-linux.jar:/Users/kristpornpairin/ARMORA/lib/lwjgl-3.2.3/lwjgl-assimp/lwjgl-assimp-natives-macos.jar:/Users/kristpornpairin/ARMORA/lib/lwjgl-3.2.3/lwjgl-assimp/lwjgl-assimp-natives-windows.jar:/Users/kristpornpairin/ARMORA/lib/lwjgl-3.2.3/lwjgl-assimp/lwjgl-assimp-natives-linux-arm32.jar:/Users/kristpornpairin/ARM
Launcher Type: SUN_STANDARD

[Global flags]
     intx CICompilerCount                          = 4                                         {product} {ergonomic}
     uint ConcGCThreads                            = 2                                         {product} {ergonomic}
     uint G1ConcRefinementThreads                  = 8                                         {product} {ergonomic}
   size_t G1HeapRegionSize                         = 1048576                                   {product} {ergonomic}
    uintx GCDrainStackTargetSize                   = 64                                        {product} {ergonomic}
   size_t InitialHeapSize                          = 134217728                                 {product} {ergonomic}
   size_t MarkStackSize                            = 4194304                                   {product} {ergonomic}
   size_t MaxHeapSize                              = 2147483648                                {product} {ergonomic}
   size_t MaxNewSize                               = 1287651328                                {product} {ergonomic}
   size_t MinHeapDeltaBytes                        = 1048576                                   {product} {ergonomic}
   size_t MinHeapSize                              = 8388608                                   {product} {ergonomic}
    uintx NonNMethodCodeHeapSize                   = 5839372                                {pd product} {ergonomic}
    uintx NonProfiledCodeHeapSize                  = 122909434                              {pd product} {ergonomic}
    uintx ProfiledCodeHeapSize                     = 122909434                              {pd product} {ergonomic}
    uintx ReservedCodeCacheSize                    = 251658240                              {pd product} {ergonomic}
     bool SegmentedCodeCache                       = true                                      {product} {ergonomic}
   size_t SoftMaxHeapSize                          = 2147483648                             {manageable} {ergonomic}
     bool UseCompressedClassPointers               = true                                 {lp64_product} {ergonomic}
     bool UseCompressedOops                        = true                                 {lp64_product} {ergonomic}
     bool UseG1GC                                  = true                                      {product} {ergonomic}
     bool UseNUMA                                  = false                                     {product} {ergonomic}
     bool UseNUMAInterleaving                      = false                                     {product} {ergonomic}

Logging:
Log output configuration:
 #0: stdout all=warning uptime,level,tags
 #1: stderr all=off uptime,level,tags

Environment Variables:
JAVA_HOME=/Library/Java/JavaVirtualMachines/jdk-15.0.2.jdk/Contents/Home
PATH=/usr/local/opt/expat/bin:/Users/kristpornpairin/.sdkman/candidates/kotlin/current/bin:/Users/kristpornpairin/.krew/bin:/Users/kristpornpairin/.nvm/versions/node/v14.15.4/bin:/usr/local/bin:/usr/bin:/bin:/usr/sbin:/sbin:/Library/Apple/usr/bin
SHELL=/bin/zsh
LC_CTYPE=en_US.UTF-8

Signal Handlers:
SIGSEGV: [libjvm.dylib+0x9ff2f0], sa_mask[0]=11111111011111110111111111111111, sa_flags=SA_ONSTACK|SA_RESTART|SA_SIGINFO
SIGBUS: [libjvm.dylib+0x9ff2f0], sa_mask[0]=11111111011111110111111111111111, sa_flags=SA_RESTART|SA_SIGINFO
SIGFPE: [libjvm.dylib+0x9ff2f0], sa_mask[0]=11111111011111110111111111111111, sa_flags=SA_RESTART|SA_SIGINFO
SIGPIPE: [libjvm.dylib+0x82ae30], sa_mask[0]=11111111011111110111111111111111, sa_flags=SA_RESTART|SA_SIGINFO
SIGXFSZ: [libjvm.dylib+0x82ae30], sa_mask[0]=11111111011111110111111111111111, sa_flags=SA_RESTART|SA_SIGINFO
SIGILL: [libjvm.dylib+0x9ff2f0], sa_mask[0]=11111111011111110111111111111111, sa_flags=SA_RESTART|SA_SIGINFO
SIGUSR2: [libjvm.dylib+0x82b940], sa_mask[0]=00100000000000000000000000000000, sa_flags=SA_RESTART|SA_SIGINFO
SIGHUP: [libjvm.dylib+0x82a040], sa_mask[0]=11111111011111110111111111111111, sa_flags=SA_RESTART|SA_SIGINFO
SIGINT: [libjvm.dylib+0x82a040], sa_mask[0]=11111111011111110111111111111111, sa_flags=SA_RESTART|SA_SIGINFO
SIGTERM: [libjvm.dylib+0x82a040], sa_mask[0]=11111111011111110111111111111111, sa_flags=SA_RESTART|SA_SIGINFO
SIGQUIT: [libjvm.dylib+0x82a040], sa_mask[0]=11111111011111110111111111111111, sa_flags=SA_RESTART|SA_SIGINFO


---------------  S Y S T E M  ---------------

OS:uname: Darwin 19.6.0 Darwin Kernel Version 19.6.0: Thu Oct 29 22:56:45 PDT 2020; root:xnu-6153.141.2.2~1/RELEASE_X86_64 x86_64
OS uptime: 13 days 1:54 hours
rlimit (soft/hard): STACK 8192k/65532k , CORE 0k/infinity , NPROC 1392/2088 , NOFILE 10240/infinity , AS infinity/infinity , CPU infinity/infinity , DATA infinity/infinity , FSIZE infinity/infinity , MEMLOCK infinity/infinity , RSS infinity/infinity
load average: 2.73 2.71 2.45

CPU: total 8 (initial active 8) (4 cores per cpu, 2 threads per core) family 6 model 142 stepping 10 microcode 0xe0, cmov, cx8, fxsr, mmx, sse, sse2, sse3, ssse3, sse4.1, sse4.2, popcnt, vzeroupper, avx, avx2, aes, clmul, erms, 3dnowpref, lzcnt, ht, tsc, tscinvbit, bmi1, bmi2, adx, fma, clflush, clflushopt

Memory: 4k page, physical 8388608k(24868k free), swap 7340032k(1148672k free)

vm_info: Java HotSpot(TM) 64-Bit Server VM (15.0.2+7-27) for bsd-amd64 JRE (15.0.2+7-27), built on Dec  7 2020 20:08:32 by "mach5one" with clang 4.2.1 Compatible Apple LLVM 10.0.0 (clang-1000.11.45.5)

END.
