#
# A fatal error has been detected by the Java Runtime Environment:
#
#  SIGSEGV (0xb) at pc=0x00007fff34d04924, pid=65432, tid=775
#
# JRE version: Java(TM) SE Runtime Environment (15.0.2+7) (build 15.0.2+7-27)
# Java VM: Java HotSpot(TM) 64-Bit Server VM (15.0.2+7-27, mixed mode, sharing, tiered, compressed oops, g1 gc, bsd-amd64)
# Problematic frame:
# C  [HIToolbox+0x27924]  _ZNK22THIThemeTextInfoFinder10GetOptionsEv+0x8
#
# No core dump will be written. Core dumps have been disabled. To enable core dumping, try "ulimit -c unlimited" before starting Java again
#
# If you would like to submit a bug report, please visit:
#   https://bugreport.java.com/bugreport/crash.jsp
#

---------------  S U M M A R Y ------------

Command Line: -agentlib:jdwp=transport=dt_socket,address=127.0.0.1:63330,suspend=y,server=n -javaagent:/Users/kristpornpairin/Library/Caches/JetBrains/IdeaIC2020.3/captureAgent/debugger-agent.jar -Dfile.encoding=UTF-8 MainKt

Host: MacBookPro15,2 x86_64 2300 MHz, 8 cores, 8G, Darwin 19.6.0
Time: Thu Mar 11 18:31:11 2021 +07 elapsed time: 7.858055 seconds (0d 0h 0m 7s)

---------------  T H R E A D  ---------------

Current thread is native thread

Stack: [0x00007ffee04cd000,0x00007ffee0ccd000],  sp=0x00007ffee0cc3250,  free space=8152k
Native frames: (J=compiled Java code, A=aot compiled Java code, j=interpreted, Vv=VM code, C=native code)
C  [HIToolbox+0x27924]  _ZNK22THIThemeTextInfoFinder10GetOptionsEv+0x8
C  [HIToolbox+0x2784e]  _ZN15TCoreTextEngine12VerifyLayoutEP16THIThemeTextInfoff12LayoutIntent+0x34
C  [HIToolbox+0x2775b]  _ZN15TCoreTextEngine22GetThemeTextDimensionsEdP16THIThemeTextInfoPdS2_S2_+0x2b
C  [HIToolbox+0x26247]  _ZN10DataEngine17GetTextDimensionsEPKvdP15HIThemeTextInfoPdS4_S4_+0x10f
C  [HIToolbox+0x26106]  HIThemeGetTextDimensions+0xbc
C  [HIToolbox+0x25a51]  _ZN13HIMenuBarView16MeasureMenuTitleEP8MenuDatahPfi+0x1ab
C  [HIToolbox+0x257de]  _ZN13HIMenuBarView15MeasureAppMenusEv+0xe6
C  [HIToolbox+0x25367]  _ZN13HIMenuBarView15EnsureBarLayoutEv+0x1a3
C  [HIToolbox+0x24c77]  _ZN13HIMenuBarView8DrawOnceE6CGRectS0_bbP9CGContext+0x243
C  [HIToolbox+0x2494e]  _ZN13HIMenuBarView8DrawSelfEsPK9__HIShapeP9CGContext+0x23a
C  [HIToolbox+0x243b6]  _ZN13HIMenuBarView24DrawWithoutCustomizationEsPK9__HIShapeP9CGContext+0x52
C  [HIToolbox+0x2434e]  _ZN13HIMenuBarView22DrawingDelegateHandlerEP25OpaqueEventHandlerCallRefP14OpaqueEventRefPv+0x102
C  [HIToolbox+0x88ff]  _ZL23DispatchEventToHandlersP14EventTargetRecP14OpaqueEventRefP14HandlerCallRec+0x4e6
C  [HIToolbox+0x7d8d]  _ZL30SendEventToEventTargetInternalP14OpaqueEventRefP20OpaqueEventTargetRefP14HandlerCallRec+0x149
C  [HIToolbox+0x7c3d]  SendEventToEventTargetWithOptions+0x2d
C  [HIToolbox+0x23ecd]  _ZN6HIView8SendDrawEsP13OpaqueGrafPtrPK9__HIShapeP9CGContext+0x145
C  [HIToolbox+0x23967]  _ZN6HIView23RecursiveDrawCompositedEPK9__HIShapeS2_jPS_P9CGContexthd+0x23f
C  [HIToolbox+0x23b61]  _ZN6HIView23RecursiveDrawCompositedEPK9__HIShapeS2_jPS_P9CGContexthd+0x439
C  [HIToolbox+0x23399]  _ZN6HIView14DrawCompositedEsP13OpaqueGrafPtrPK9__HIShapejPS_P9CGContext+0x32f
C  [HIToolbox+0x2305b]  _ZN6HIView6RenderEjP9CGContext+0x33
C  [HIToolbox+0x3af2b]  _ZL17FlushWindowObjectP10WindowDataPPvh+0x2ed
C  [HIToolbox+0x3a96b]  _ZL15FlushAllBuffersP19__CFRunLoopObservermPv+0x132
C  [CoreFoundation+0x83335]  __CFRUNLOOP_IS_CALLING_OUT_TO_AN_OBSERVER_CALLBACK_FUNCTION__+0x17
C  [CoreFoundation+0x83267]  __CFRunLoopDoObservers+0x1c9
C  [CoreFoundation+0x8292c]  __CFRunLoopRun+0x491
C  [CoreFoundation+0x81e3e]  CFRunLoopRunSpecific+0x1ce
C  [libjli.dylib+0x6e32]  CreateExecutionEnvironment+0x192
C  [libjli.dylib+0x2674]  JLI_Launch+0x614
C  [java+0xc16]  main+0x196
C  [libdyld.dylib+0x1acc9]  start+0x1


siginfo: si_signo: 11 (SIGSEGV), si_code: 1 (SEGV_MAPERR), si_addr: 0x0000000000000012

Registers:
RAX=0x0000000000000000, RBX=0x00007f958a52e780, RCX=0x00007ffee0cc3378, RDX=0x0000000000000000
RSP=0x00007ffee0cc3250, RBP=0x00007ffee0cc3250, RSI=0x00007f95879370f0, RDI=0x00007f95879370f0
R8 =0x00007ffee0cc3380, R9 =0x0000000000000000, R10=0x00007f9585c00000, R11=0x00007f9585c8c1e0
R12=0x0000000000000000, R13=0x00007ffee0cc3378, R14=0x00007f95879370f0, R15=0x00007ffee0cc3370
RIP=0x00007fff34d04924, EFLAGS=0x0000000000010202, ERR=0x0000000000000004
  TRAPNO=0x000000000000000e

Top of Stack: (sp=0x00007ffee0cc3250)
0x00007ffee0cc3250:   00007ffee0cc3290 00007fff34d0484e
0x00007ffee0cc3260:   7f7fffff00000000 00007f95879370f0
0x00007ffee0cc3270:   00007ffee0cc3380 00007ffee0cc3378
0x00007ffee0cc3280:   00007f958a52e780 00007ffee0cc3370
0x00007ffee0cc3290:   00007ffee0cc32d0 00007fff34d0475b
0x00007ffee0cc32a0:   00007fff8d65b9b0 00007f958a52e780
0x00007ffee0cc32b0:   00007ffee0cc32e8 00007f958a52e050
0x00007ffee0cc32c0:   00007f95879370f0 0000000000000064
0x00007ffee0cc32d0:   00007ffee0cc3360 00007fff34d03247
0x00007ffee0cc32e0:   0000000000000006 0000000000000000
0x00007ffee0cc32f0:   00007ffe00000001 00007fff3613c7ba
0x00007ffee0cc3300:   0000000000000006 0000000000000000
0x00007ffee0cc3310:   00007f9587937f00 47efffffe0000000
0x00007ffee0cc3320:   00007ffee0cc3380 00007ffee0cc3378
0x00007ffee0cc3330:   00007ffee0cc3370 0000000000000000
0x00007ffee0cc3340:   00007f9587866b90 0000000111f13798
0x00007ffee0cc3350:   0000000000000000 00007ffee0cc3400
0x00007ffee0cc3360:   00007ffee0cc33a0 00007fff34d03106
0x00007ffee0cc3370:   00007f9587937f00 00007f958a526ac0
0x00007ffee0cc3380:   00007f9587866b90 00007f958a52e050
0x00007ffee0cc3390:   00007ffee0cc33b8 0000000000000002
0x00007ffee0cc33a0:   00007ffee0cc3430 00007fff34d02a51
0x00007ffee0cc33b0:   0002000000000002 0000000100000000
0x00007ffee0cc33c0:   0000000000000064 0002010200000000
0x00007ffee0cc33d0:   0000000000010000 0000000000000000
0x00007ffee0cc33e0:   0000000000000000 00007f9585c7c5e0
0x00007ffee0cc33f0:   0000000111f13798 0000000100000000
0x00007ffee0cc3400:   0000000000000000 0000000000000002
0x00007ffee0cc3410:   00007f958a526ac0 0000000000000000
0x00007ffee0cc3420:   0000000000000000 00007f9585c7c5e0
0x00007ffee0cc3430:   00007ffee0cc3470 00007fff34d027de
0x00007ffee0cc3440:   00007ffee0cc3470 42b6000042380000 

Instructions: (pc=0x00007fff34d04924)
0x00007fff34d04824:   41 54 53 50 41 89 d4 f3 0f 11 4d d0 49 89 f6 48
0x00007fff34d04834:   89 fb 0f 57 c9 0f 2e c1 75 02 7b 28 f3 0f 11 45
0x00007fff34d04844:   d4 49 8b 06 4c 89 f7 ff 50 48 0f ba e0 13 73 0f
0x00007fff34d04854:   f3 0f 10 45 d4 f3 0f 58 05 73 1a 28 00 eb 05 f3
0x00007fff34d04864:   0f 10 45 d4 f3 0f 11 45 d4 0f b6 53 30 48 89 df
0x00007fff34d04874:   4c 89 f6 e8 b0 00 00 00 41 89 c7 4c 8d 6b 50 4c
0x00007fff34d04884:   89 ef e8 69 f1 ff ff 84 c0 74 20 48 89 df 44 89
0x00007fff34d04894:   fe 4c 89 f2 f3 0f 10 45 d4 f3 0f 10 4d d0 44 89
0x00007fff34d048a4:   e1 e8 6e 42 00 00 83 f8 01 75 5b 4c 89 ef e8 3d
0x00007fff34d048b4:   f1 ff ff 84 c0 74 13 48 8d 7b 38 e8 62 44 05 00
0x00007fff34d048c4:   4c 89 ef 31 f6 e8 7e 04 00 00 0f 57 c9 f3 0f 10
0x00007fff34d048d4:   45 d4 0f 2e c1 75 0e 7a 0c 8a 43 30 84 c0 74 05
0x00007fff34d048e4:   e8 1b 52 27 00 48 89 df 4c 89 f6 f3 0f 10 4d d0
0x00007fff34d048f4:   44 89 fa 48 83 c4 08 5b 41 5c 41 5d 41 5e 41 5f
0x00007fff34d04904:   5d e9 a8 00 00 00 31 c0 48 83 c4 08 5b 41 5c 41
0x00007fff34d04914:   5d 41 5e 41 5f 5d c3 90 55 48 89 e5 48 8b 47 08
0x00007fff34d04924:   8b 40 12 5d c3 90 90 90 55 48 89 e5 41 56 53 41
0x00007fff34d04934:   89 d6 0f 57 c9 0f 2e c1 75 02 7b 3a 48 89 f3 48
0x00007fff34d04944:   8b 06 48 89 f7 ff 50 48 a8 01 75 2a 48 8b 03 48
0x00007fff34d04954:   89 df ff 50 50 85 c0 74 28 48 8b 03 48 89 df ff
0x00007fff34d04964:   50 58 31 c9 83 f8 01 0f 95 c1 85 c0 b8 02 00 00
0x00007fff34d04974:   00 0f 45 c1 eb 06 41 0f b6 c6 01 c0 5b 41 5e 5d
0x00007fff34d04984:   c3 b8 02 00 00 00 eb f4 55 48 89 e5 48 8b 47 08
0x00007fff34d04994:   8b 40 16 5d c3 90 55 48 89 e5 48 8b 47 08 8b 40
0x00007fff34d049a4:   1a 5d c3 90 90 90 90 90 90 90 90 90 90 90 55 48
0x00007fff34d049b4:   89 e5 41 57 41 56 41 54 53 48 83 ec 10 49 89 f6
0x00007fff34d049c4:   49 89 fc 83 fa 02 f3 0f 11 45 dc 74 1e 83 fa 01
0x00007fff34d049d4:   74 26 45 31 ff 85 d2 75 2d 4c 89 e7 4c 89 f6 f3
0x00007fff34d049e4:   0f 10 45 dc e8 57 00 00 00 eb 18 4c 89 e7 4c 89
0x00007fff34d049f4:   f6 e8 78 4f 0a 00 eb 0b 4c 89 e7 4c 89 f6 e8 db
0x00007fff34d04a04:   4c 0a 00 41 89 c7 49 8d 5c 24 50 48 89 df be 01
0x00007fff34d04a14:   00 00 00 e8 0a 03 00 00 48 89 df 4c 89 f6 e8 25 



---------------  P R O C E S S  ---------------

VM state: not at safepoint (normal execution)

VM Mutex/Monitor currently owned by a thread: None

Heap address: 0x0000000780000000, size: 2048 MB, Compressed Oops mode: Zero based, Oop shift amount: 3
CDS archive(s) mapped at: [0x0000000800000000-0x0000000800b2d000-0x0000000800b2d000), size 11718656, SharedBaseAddress: 0x0000000800000000, ArchiveRelocationMode: 0.
Compressed class space mapped at: 0x0000000800b30000-0x0000000840b30000, size: 1073741824
Narrow klass base: 0x0000000800000000, Narrow klass shift: 3, Narrow klass range: 0x100000000

GC Precious Log:
 CPUs: 8 total, 8 available
 Memory: 8192M
 Large Page Support: Disabled
 NUMA Support: Disabled
 Compressed Oops: Enabled (Zero based)
 Heap Region Size: 1M
 Heap Min Capacity: 8M
 Heap Initial Capacity: 128M
 Heap Max Capacity: 2G
 Pre-touch: Disabled
 Parallel Workers: 8
 Concurrent Workers: 2
 Concurrent Refinement Workers: 8
 Periodic GC: Disabled

Heap:
 garbage-first heap   total 133120K, used 19240K [0x0000000780000000, 0x0000000800000000)
  region size 1024K, 20 young (20480K), 0 survivors (0K)
 Metaspace       used 2917K, capacity 5704K, committed 5888K, reserved 1056768K
  class space    used 201K, capacity 475K, committed 512K, reserved 1048576K

Heap Regions: E=young(eden), S=young(survivor), O=old, HS=humongous(starts), HC=humongous(continues), CS=collection set, F=free, OA=open archive, CA=closed archive, TAMS=top-at-mark-start (previous, next)
|   0|0x0000000780000000, 0x0000000780000000, 0x0000000780100000|  0%| F|  |TAMS 0x0000000780000000, 0x0000000780000000| Untracked 
|   1|0x0000000780100000, 0x0000000780100000, 0x0000000780200000|  0%| F|  |TAMS 0x0000000780100000, 0x0000000780100000| Untracked 
|   2|0x0000000780200000, 0x0000000780200000, 0x0000000780300000|  0%| F|  |TAMS 0x0000000780200000, 0x0000000780200000| Untracked 
|   3|0x0000000780300000, 0x0000000780300000, 0x0000000780400000|  0%| F|  |TAMS 0x0000000780300000, 0x0000000780300000| Untracked 
|   4|0x0000000780400000, 0x0000000780400000, 0x0000000780500000|  0%| F|  |TAMS 0x0000000780400000, 0x0000000780400000| Untracked 
|   5|0x0000000780500000, 0x0000000780500000, 0x0000000780600000|  0%| F|  |TAMS 0x0000000780500000, 0x0000000780500000| Untracked 
|   6|0x0000000780600000, 0x0000000780600000, 0x0000000780700000|  0%| F|  |TAMS 0x0000000780600000, 0x0000000780600000| Untracked 
|   7|0x0000000780700000, 0x0000000780700000, 0x0000000780800000|  0%| F|  |TAMS 0x0000000780700000, 0x0000000780700000| Untracked 
|   8|0x0000000780800000, 0x0000000780800000, 0x0000000780900000|  0%| F|  |TAMS 0x0000000780800000, 0x0000000780800000| Untracked 
|   9|0x0000000780900000, 0x0000000780900000, 0x0000000780a00000|  0%| F|  |TAMS 0x0000000780900000, 0x0000000780900000| Untracked 
|  10|0x0000000780a00000, 0x0000000780a00000, 0x0000000780b00000|  0%| F|  |TAMS 0x0000000780a00000, 0x0000000780a00000| Untracked 
|  11|0x0000000780b00000, 0x0000000780b00000, 0x0000000780c00000|  0%| F|  |TAMS 0x0000000780b00000, 0x0000000780b00000| Untracked 
|  12|0x0000000780c00000, 0x0000000780c00000, 0x0000000780d00000|  0%| F|  |TAMS 0x0000000780c00000, 0x0000000780c00000| Untracked 
|  13|0x0000000780d00000, 0x0000000780d00000, 0x0000000780e00000|  0%| F|  |TAMS 0x0000000780d00000, 0x0000000780d00000| Untracked 
|  14|0x0000000780e00000, 0x0000000780e00000, 0x0000000780f00000|  0%| F|  |TAMS 0x0000000780e00000, 0x0000000780e00000| Untracked 
|  15|0x0000000780f00000, 0x0000000780f00000, 0x0000000781000000|  0%| F|  |TAMS 0x0000000780f00000, 0x0000000780f00000| Untracked 
|  16|0x0000000781000000, 0x0000000781000000, 0x0000000781100000|  0%| F|  |TAMS 0x0000000781000000, 0x0000000781000000| Untracked 
|  17|0x0000000781100000, 0x0000000781100000, 0x0000000781200000|  0%| F|  |TAMS 0x0000000781100000, 0x0000000781100000| Untracked 
|  18|0x0000000781200000, 0x0000000781200000, 0x0000000781300000|  0%| F|  |TAMS 0x0000000781200000, 0x0000000781200000| Untracked 
|  19|0x0000000781300000, 0x0000000781300000, 0x0000000781400000|  0%| F|  |TAMS 0x0000000781300000, 0x0000000781300000| Untracked 
|  20|0x0000000781400000, 0x0000000781400000, 0x0000000781500000|  0%| F|  |TAMS 0x0000000781400000, 0x0000000781400000| Untracked 
|  21|0x0000000781500000, 0x0000000781500000, 0x0000000781600000|  0%| F|  |TAMS 0x0000000781500000, 0x0000000781500000| Untracked 
|  22|0x0000000781600000, 0x0000000781600000, 0x0000000781700000|  0%| F|  |TAMS 0x0000000781600000, 0x0000000781600000| Untracked 
|  23|0x0000000781700000, 0x0000000781700000, 0x0000000781800000|  0%| F|  |TAMS 0x0000000781700000, 0x0000000781700000| Untracked 
|  24|0x0000000781800000, 0x0000000781800000, 0x0000000781900000|  0%| F|  |TAMS 0x0000000781800000, 0x0000000781800000| Untracked 
|  25|0x0000000781900000, 0x0000000781900000, 0x0000000781a00000|  0%| F|  |TAMS 0x0000000781900000, 0x0000000781900000| Untracked 
|  26|0x0000000781a00000, 0x0000000781a00000, 0x0000000781b00000|  0%| F|  |TAMS 0x0000000781a00000, 0x0000000781a00000| Untracked 
|  27|0x0000000781b00000, 0x0000000781b00000, 0x0000000781c00000|  0%| F|  |TAMS 0x0000000781b00000, 0x0000000781b00000| Untracked 
|  28|0x0000000781c00000, 0x0000000781c00000, 0x0000000781d00000|  0%| F|  |TAMS 0x0000000781c00000, 0x0000000781c00000| Untracked 
|  29|0x0000000781d00000, 0x0000000781d00000, 0x0000000781e00000|  0%| F|  |TAMS 0x0000000781d00000, 0x0000000781d00000| Untracked 
|  30|0x0000000781e00000, 0x0000000781e00000, 0x0000000781f00000|  0%| F|  |TAMS 0x0000000781e00000, 0x0000000781e00000| Untracked 
|  31|0x0000000781f00000, 0x0000000781f00000, 0x0000000782000000|  0%| F|  |TAMS 0x0000000781f00000, 0x0000000781f00000| Untracked 
|  32|0x0000000782000000, 0x0000000782000000, 0x0000000782100000|  0%| F|  |TAMS 0x0000000782000000, 0x0000000782000000| Untracked 
|  33|0x0000000782100000, 0x0000000782100000, 0x0000000782200000|  0%| F|  |TAMS 0x0000000782100000, 0x0000000782100000| Untracked 
|  34|0x0000000782200000, 0x0000000782200000, 0x0000000782300000|  0%| F|  |TAMS 0x0000000782200000, 0x0000000782200000| Untracked 
|  35|0x0000000782300000, 0x0000000782300000, 0x0000000782400000|  0%| F|  |TAMS 0x0000000782300000, 0x0000000782300000| Untracked 
|  36|0x0000000782400000, 0x0000000782400000, 0x0000000782500000|  0%| F|  |TAMS 0x0000000782400000, 0x0000000782400000| Untracked 
|  37|0x0000000782500000, 0x0000000782500000, 0x0000000782600000|  0%| F|  |TAMS 0x0000000782500000, 0x0000000782500000| Untracked 
|  38|0x0000000782600000, 0x0000000782600000, 0x0000000782700000|  0%| F|  |TAMS 0x0000000782600000, 0x0000000782600000| Untracked 
|  39|0x0000000782700000, 0x0000000782700000, 0x0000000782800000|  0%| F|  |TAMS 0x0000000782700000, 0x0000000782700000| Untracked 
|  40|0x0000000782800000, 0x0000000782800000, 0x0000000782900000|  0%| F|  |TAMS 0x0000000782800000, 0x0000000782800000| Untracked 
|  41|0x0000000782900000, 0x0000000782900000, 0x0000000782a00000|  0%| F|  |TAMS 0x0000000782900000, 0x0000000782900000| Untracked 
|  42|0x0000000782a00000, 0x0000000782a00000, 0x0000000782b00000|  0%| F|  |TAMS 0x0000000782a00000, 0x0000000782a00000| Untracked 
|  43|0x0000000782b00000, 0x0000000782b00000, 0x0000000782c00000|  0%| F|  |TAMS 0x0000000782b00000, 0x0000000782b00000| Untracked 
|  44|0x0000000782c00000, 0x0000000782c00000, 0x0000000782d00000|  0%| F|  |TAMS 0x0000000782c00000, 0x0000000782c00000| Untracked 
|  45|0x0000000782d00000, 0x0000000782d00000, 0x0000000782e00000|  0%| F|  |TAMS 0x0000000782d00000, 0x0000000782d00000| Untracked 
|  46|0x0000000782e00000, 0x0000000782e00000, 0x0000000782f00000|  0%| F|  |TAMS 0x0000000782e00000, 0x0000000782e00000| Untracked 
|  47|0x0000000782f00000, 0x0000000782f00000, 0x0000000783000000|  0%| F|  |TAMS 0x0000000782f00000, 0x0000000782f00000| Untracked 
|  48|0x0000000783000000, 0x0000000783000000, 0x0000000783100000|  0%| F|  |TAMS 0x0000000783000000, 0x0000000783000000| Untracked 
|  49|0x0000000783100000, 0x0000000783100000, 0x0000000783200000|  0%| F|  |TAMS 0x0000000783100000, 0x0000000783100000| Untracked 
|  50|0x0000000783200000, 0x0000000783200000, 0x0000000783300000|  0%| F|  |TAMS 0x0000000783200000, 0x0000000783200000| Untracked 
|  51|0x0000000783300000, 0x0000000783300000, 0x0000000783400000|  0%| F|  |TAMS 0x0000000783300000, 0x0000000783300000| Untracked 
|  52|0x0000000783400000, 0x0000000783400000, 0x0000000783500000|  0%| F|  |TAMS 0x0000000783400000, 0x0000000783400000| Untracked 
|  53|0x0000000783500000, 0x0000000783500000, 0x0000000783600000|  0%| F|  |TAMS 0x0000000783500000, 0x0000000783500000| Untracked 
|  54|0x0000000783600000, 0x0000000783600000, 0x0000000783700000|  0%| F|  |TAMS 0x0000000783600000, 0x0000000783600000| Untracked 
|  55|0x0000000783700000, 0x0000000783700000, 0x0000000783800000|  0%| F|  |TAMS 0x0000000783700000, 0x0000000783700000| Untracked 
|  56|0x0000000783800000, 0x0000000783800000, 0x0000000783900000|  0%| F|  |TAMS 0x0000000783800000, 0x0000000783800000| Untracked 
|  57|0x0000000783900000, 0x0000000783900000, 0x0000000783a00000|  0%| F|  |TAMS 0x0000000783900000, 0x0000000783900000| Untracked 
|  58|0x0000000783a00000, 0x0000000783a00000, 0x0000000783b00000|  0%| F|  |TAMS 0x0000000783a00000, 0x0000000783a00000| Untracked 
|  59|0x0000000783b00000, 0x0000000783b00000, 0x0000000783c00000|  0%| F|  |TAMS 0x0000000783b00000, 0x0000000783b00000| Untracked 
|  60|0x0000000783c00000, 0x0000000783c00000, 0x0000000783d00000|  0%| F|  |TAMS 0x0000000783c00000, 0x0000000783c00000| Untracked 
|  61|0x0000000783d00000, 0x0000000783d00000, 0x0000000783e00000|  0%| F|  |TAMS 0x0000000783d00000, 0x0000000783d00000| Untracked 
|  62|0x0000000783e00000, 0x0000000783e00000, 0x0000000783f00000|  0%| F|  |TAMS 0x0000000783e00000, 0x0000000783e00000| Untracked 
|  63|0x0000000783f00000, 0x0000000783f00000, 0x0000000784000000|  0%| F|  |TAMS 0x0000000783f00000, 0x0000000783f00000| Untracked 
|  64|0x0000000784000000, 0x0000000784000000, 0x0000000784100000|  0%| F|  |TAMS 0x0000000784000000, 0x0000000784000000| Untracked 
|  65|0x0000000784100000, 0x0000000784100000, 0x0000000784200000|  0%| F|  |TAMS 0x0000000784100000, 0x0000000784100000| Untracked 
|  66|0x0000000784200000, 0x0000000784200000, 0x0000000784300000|  0%| F|  |TAMS 0x0000000784200000, 0x0000000784200000| Untracked 
|  67|0x0000000784300000, 0x0000000784300000, 0x0000000784400000|  0%| F|  |TAMS 0x0000000784300000, 0x0000000784300000| Untracked 
|  68|0x0000000784400000, 0x0000000784400000, 0x0000000784500000|  0%| F|  |TAMS 0x0000000784400000, 0x0000000784400000| Untracked 
|  69|0x0000000784500000, 0x0000000784500000, 0x0000000784600000|  0%| F|  |TAMS 0x0000000784500000, 0x0000000784500000| Untracked 
|  70|0x0000000784600000, 0x0000000784600000, 0x0000000784700000|  0%| F|  |TAMS 0x0000000784600000, 0x0000000784600000| Untracked 
|  71|0x0000000784700000, 0x0000000784700000, 0x0000000784800000|  0%| F|  |TAMS 0x0000000784700000, 0x0000000784700000| Untracked 
|  72|0x0000000784800000, 0x0000000784800000, 0x0000000784900000|  0%| F|  |TAMS 0x0000000784800000, 0x0000000784800000| Untracked 
|  73|0x0000000784900000, 0x0000000784900000, 0x0000000784a00000|  0%| F|  |TAMS 0x0000000784900000, 0x0000000784900000| Untracked 
|  74|0x0000000784a00000, 0x0000000784a00000, 0x0000000784b00000|  0%| F|  |TAMS 0x0000000784a00000, 0x0000000784a00000| Untracked 
|  75|0x0000000784b00000, 0x0000000784b00000, 0x0000000784c00000|  0%| F|  |TAMS 0x0000000784b00000, 0x0000000784b00000| Untracked 
|  76|0x0000000784c00000, 0x0000000784c00000, 0x0000000784d00000|  0%| F|  |TAMS 0x0000000784c00000, 0x0000000784c00000| Untracked 
|  77|0x0000000784d00000, 0x0000000784d00000, 0x0000000784e00000|  0%| F|  |TAMS 0x0000000784d00000, 0x0000000784d00000| Untracked 
|  78|0x0000000784e00000, 0x0000000784e00000, 0x0000000784f00000|  0%| F|  |TAMS 0x0000000784e00000, 0x0000000784e00000| Untracked 
|  79|0x0000000784f00000, 0x0000000784f00000, 0x0000000785000000|  0%| F|  |TAMS 0x0000000784f00000, 0x0000000784f00000| Untracked 
|  80|0x0000000785000000, 0x0000000785000000, 0x0000000785100000|  0%| F|  |TAMS 0x0000000785000000, 0x0000000785000000| Untracked 
|  81|0x0000000785100000, 0x0000000785100000, 0x0000000785200000|  0%| F|  |TAMS 0x0000000785100000, 0x0000000785100000| Untracked 
|  82|0x0000000785200000, 0x0000000785200000, 0x0000000785300000|  0%| F|  |TAMS 0x0000000785200000, 0x0000000785200000| Untracked 
|  83|0x0000000785300000, 0x0000000785300000, 0x0000000785400000|  0%| F|  |TAMS 0x0000000785300000, 0x0000000785300000| Untracked 
|  84|0x0000000785400000, 0x0000000785400000, 0x0000000785500000|  0%| F|  |TAMS 0x0000000785400000, 0x0000000785400000| Untracked 
|  85|0x0000000785500000, 0x0000000785500000, 0x0000000785600000|  0%| F|  |TAMS 0x0000000785500000, 0x0000000785500000| Untracked 
|  86|0x0000000785600000, 0x0000000785600000, 0x0000000785700000|  0%| F|  |TAMS 0x0000000785600000, 0x0000000785600000| Untracked 
|  87|0x0000000785700000, 0x0000000785700000, 0x0000000785800000|  0%| F|  |TAMS 0x0000000785700000, 0x0000000785700000| Untracked 
|  88|0x0000000785800000, 0x0000000785800000, 0x0000000785900000|  0%| F|  |TAMS 0x0000000785800000, 0x0000000785800000| Untracked 
|  89|0x0000000785900000, 0x0000000785900000, 0x0000000785a00000|  0%| F|  |TAMS 0x0000000785900000, 0x0000000785900000| Untracked 
|  90|0x0000000785a00000, 0x0000000785a00000, 0x0000000785b00000|  0%| F|  |TAMS 0x0000000785a00000, 0x0000000785a00000| Untracked 
|  91|0x0000000785b00000, 0x0000000785b00000, 0x0000000785c00000|  0%| F|  |TAMS 0x0000000785b00000, 0x0000000785b00000| Untracked 
|  92|0x0000000785c00000, 0x0000000785c00000, 0x0000000785d00000|  0%| F|  |TAMS 0x0000000785c00000, 0x0000000785c00000| Untracked 
|  93|0x0000000785d00000, 0x0000000785d00000, 0x0000000785e00000|  0%| F|  |TAMS 0x0000000785d00000, 0x0000000785d00000| Untracked 
|  94|0x0000000785e00000, 0x0000000785e00000, 0x0000000785f00000|  0%| F|  |TAMS 0x0000000785e00000, 0x0000000785e00000| Untracked 
|  95|0x0000000785f00000, 0x0000000785f00000, 0x0000000786000000|  0%| F|  |TAMS 0x0000000785f00000, 0x0000000785f00000| Untracked 
|  96|0x0000000786000000, 0x0000000786000000, 0x0000000786100000|  0%| F|  |TAMS 0x0000000786000000, 0x0000000786000000| Untracked 
|  97|0x0000000786100000, 0x0000000786100000, 0x0000000786200000|  0%| F|  |TAMS 0x0000000786100000, 0x0000000786100000| Untracked 
|  98|0x0000000786200000, 0x0000000786200000, 0x0000000786300000|  0%| F|  |TAMS 0x0000000786200000, 0x0000000786200000| Untracked 
|  99|0x0000000786300000, 0x0000000786300000, 0x0000000786400000|  0%| F|  |TAMS 0x0000000786300000, 0x0000000786300000| Untracked 
| 100|0x0000000786400000, 0x0000000786400000, 0x0000000786500000|  0%| F|  |TAMS 0x0000000786400000, 0x0000000786400000| Untracked 
| 101|0x0000000786500000, 0x0000000786500000, 0x0000000786600000|  0%| F|  |TAMS 0x0000000786500000, 0x0000000786500000| Untracked 
| 102|0x0000000786600000, 0x0000000786600000, 0x0000000786700000|  0%| F|  |TAMS 0x0000000786600000, 0x0000000786600000| Untracked 
| 103|0x0000000786700000, 0x0000000786700000, 0x0000000786800000|  0%| F|  |TAMS 0x0000000786700000, 0x0000000786700000| Untracked 
| 104|0x0000000786800000, 0x0000000786800000, 0x0000000786900000|  0%| F|  |TAMS 0x0000000786800000, 0x0000000786800000| Untracked 
| 105|0x0000000786900000, 0x0000000786900000, 0x0000000786a00000|  0%| F|  |TAMS 0x0000000786900000, 0x0000000786900000| Untracked 
| 106|0x0000000786a00000, 0x0000000786a00000, 0x0000000786b00000|  0%| F|  |TAMS 0x0000000786a00000, 0x0000000786a00000| Untracked 
| 107|0x0000000786b00000, 0x0000000786b00000, 0x0000000786c00000|  0%| F|  |TAMS 0x0000000786b00000, 0x0000000786b00000| Untracked 
| 108|0x0000000786c00000, 0x0000000786d00000, 0x0000000786d00000|100%| E|  |TAMS 0x0000000786c00000, 0x0000000786c00000| Complete 
| 109|0x0000000786d00000, 0x0000000786e00000, 0x0000000786e00000|100%| E|CS|TAMS 0x0000000786d00000, 0x0000000786d00000| Complete 
| 110|0x0000000786e00000, 0x0000000786f00000, 0x0000000786f00000|100%| E|  |TAMS 0x0000000786e00000, 0x0000000786e00000| Complete 
| 111|0x0000000786f00000, 0x0000000787000000, 0x0000000787000000|100%| E|CS|TAMS 0x0000000786f00000, 0x0000000786f00000| Complete 
| 112|0x0000000787000000, 0x0000000787100000, 0x0000000787100000|100%| E|CS|TAMS 0x0000000787000000, 0x0000000787000000| Complete 
| 113|0x0000000787100000, 0x0000000787200000, 0x0000000787200000|100%| E|CS|TAMS 0x0000000787100000, 0x0000000787100000| Complete 
| 114|0x0000000787200000, 0x0000000787300000, 0x0000000787300000|100%| E|CS|TAMS 0x0000000787200000, 0x0000000787200000| Complete 
| 115|0x0000000787300000, 0x0000000787400000, 0x0000000787400000|100%| E|CS|TAMS 0x0000000787300000, 0x0000000787300000| Complete 
| 116|0x0000000787400000, 0x0000000787500000, 0x0000000787500000|100%| E|CS|TAMS 0x0000000787400000, 0x0000000787400000| Complete 
| 117|0x0000000787500000, 0x0000000787600000, 0x0000000787600000|100%| E|CS|TAMS 0x0000000787500000, 0x0000000787500000| Complete 
| 118|0x0000000787600000, 0x0000000787700000, 0x0000000787700000|100%| E|CS|TAMS 0x0000000787600000, 0x0000000787600000| Complete 
| 119|0x0000000787700000, 0x0000000787800000, 0x0000000787800000|100%| E|CS|TAMS 0x0000000787700000, 0x0000000787700000| Complete 
| 120|0x0000000787800000, 0x0000000787900000, 0x0000000787900000|100%| E|CS|TAMS 0x0000000787800000, 0x0000000787800000| Complete 
| 121|0x0000000787900000, 0x0000000787a00000, 0x0000000787a00000|100%| E|CS|TAMS 0x0000000787900000, 0x0000000787900000| Complete 
| 122|0x0000000787a00000, 0x0000000787b00000, 0x0000000787b00000|100%| E|CS|TAMS 0x0000000787a00000, 0x0000000787a00000| Complete 
| 123|0x0000000787b00000, 0x0000000787c00000, 0x0000000787c00000|100%| E|CS|TAMS 0x0000000787b00000, 0x0000000787b00000| Complete 
| 124|0x0000000787c00000, 0x0000000787d00000, 0x0000000787d00000|100%| E|CS|TAMS 0x0000000787c00000, 0x0000000787c00000| Complete 
| 125|0x0000000787d00000, 0x0000000787e00000, 0x0000000787e00000|100%| E|CS|TAMS 0x0000000787d00000, 0x0000000787d00000| Complete 
| 126|0x0000000787e00000, 0x0000000787f00000, 0x0000000787f00000|100%| E|CS|TAMS 0x0000000787e00000, 0x0000000787e00000| Complete 
| 127|0x0000000787f00000, 0x0000000788000000, 0x0000000788000000|100%| E|CS|TAMS 0x0000000787f00000, 0x0000000787f00000| Complete 
|1022|0x00000007bfe00000, 0x00000007bfe51000, 0x00000007bff00000| 31%|OA|  |TAMS 0x00000007bfe00000, 0x00000007bfe00000| Untracked 
|1023|0x00000007bff00000, 0x00000007bff79000, 0x00000007c0000000| 47%|CA|  |TAMS 0x00000007bff00000, 0x00000007bff00000| Untracked 

Card table byte_map: [0x00000001115de000,0x00000001119de000] _byte_map_base: 0x000000010d9de000

Marking Bits (Prev, Next): (CMBitMap*) 0x00007f958902ae10, (CMBitMap*) 0x00007f958902ae50
 Prev Bits: [0x000000012965a000, 0x000000012b65a000)
 Next Bits: [0x000000012b65a000, 0x000000012d65a000)

Polling page: 0x000000010ef71000

Metaspace:

Usage:
  Non-class:      5.11 MB capacity,     2.65 MB ( 52%) used,     2.45 MB ( 48%) free+waste,     3.38 KB ( <1%) overhead. 
      Class:    475.00 KB capacity,   201.91 KB ( 43%) used,   271.52 KB ( 57%) free+waste,     1.56 KB ( <1%) overhead. 
       Both:      5.57 MB capacity,     2.85 MB ( 51%) used,     2.72 MB ( 49%) free+waste,     4.94 KB ( <1%) overhead. 

Virtual space:
  Non-class space:        8.00 MB reserved,       5.25 MB ( 66%) committed 
      Class space:        1.00 GB reserved,     512.00 KB ( <1%) committed 
             Both:        1.01 GB reserved,       5.75 MB ( <1%) committed 

Chunk freelists:
   Non-Class:  35.00 KB
       Class:  5.00 KB
        Both:  40.00 KB

MaxMetaspaceSize: 17179869184.00 GB
CompressedClassSpaceSize: 1.00 GB

CodeHeap 'non-profiled nmethods': size=120028Kb used=250Kb max_used=250Kb free=119777Kb
 bounds [0x0000000122123000, 0x0000000122393000, 0x000000012965a000]
CodeHeap 'profiled nmethods': size=120028Kb used=1426Kb max_used=1426Kb free=118601Kb
 bounds [0x000000011abec000, 0x000000011ae5c000, 0x0000000122123000]
CodeHeap 'non-nmethods': size=5704Kb used=1563Kb max_used=1563Kb free=4141Kb
 bounds [0x000000011a65a000, 0x000000011a8ca000, 0x000000011abec000]
 total_blobs=1638 nmethods=780 adapters=772
 compilation: enabled
              stopped_count=0, restarted_count=0
 full_count=0

Compilation events (20 events):
Event: 1.177 Thread 0x00007f9588811800  767       3       jdk.internal.module.SystemModuleFinders$SystemImage::reader (4 bytes)
Event: 1.177 Thread 0x00007f9588811800 nmethod 767 0x000000011ad4d310 code [0x000000011ad4d4a0, 0x000000011ad4d590]
Event: 1.177 Thread 0x00007f9588811800  768       3       jdk.internal.loader.BuiltinClassLoader::moduleReaderFor (45 bytes)
Event: 1.177 Thread 0x00007f9588811800 nmethod 768 0x000000011ad4d610 code [0x000000011ad4d800, 0x000000011ad4df30]
Event: 1.177 Thread 0x00007f9588811800  774       3       sun.misc.Unsafe::putByte (9 bytes)
Event: 1.178 Thread 0x00007f9588811800 nmethod 774 0x000000011ad4e110 code [0x000000011ad4e2a0, 0x000000011ad4e410]
Event: 1.178 Thread 0x00007f9588811800  770       3       java.nio.MappedByteBuffer::limit (6 bytes)
Event: 1.178 Thread 0x00007f9588811800 nmethod 770 0x000000011ad4e510 code [0x000000011ad4e6c0, 0x000000011ad4e8c0]
Event: 1.178 Thread 0x00007f9588811800  771       3       java.nio.MappedByteBuffer::position (6 bytes)
Event: 1.178 Thread 0x00007f9588811800 nmethod 771 0x000000011ad4e990 code [0x000000011ad4eb40, 0x000000011ad4ed40]
Event: 1.205 Thread 0x00007f9588811800  776       3       java.lang.StringConcatHelper::stringOf (20 bytes)
Event: 1.206 Thread 0x00007f9588811800 nmethod 776 0x000000011ad4ee10 code [0x000000011ad4efc0, 0x000000011ad4f200]
Event: 1.206 Thread 0x00007f9588811800  777       3       java.lang.StringConcatHelper::mix (27 bytes)
Event: 1.206 Thread 0x00007f9588811800 nmethod 777 0x000000011ad4f310 code [0x000000011ad4f4e0, 0x000000011ad4f900]
Event: 1.206 Thread 0x00007f9588811800  778       3       java.lang.StringConcatHelper::checkOverflow (17 bytes)
Event: 1.206 Thread 0x00007f9588811800 nmethod 778 0x000000011ad4fb10 code [0x000000011ad4fcc0, 0x000000011ad4fec0]
Event: 1.206 Thread 0x00007f9588811800  779       3       java.lang.StringConcatHelper::prepend (37 bytes)
Event: 1.206 Thread 0x00007f9588811800 nmethod 779 0x000000011ad4ff90 code [0x000000011ad50160, 0x000000011ad50430]
Event: 1.208 Thread 0x00007f9588811800  780       3       java.lang.ref.PhantomReference::<init> (7 bytes)
Event: 1.209 Thread 0x00007f9588811800 nmethod 780 0x000000011ad50590 code [0x000000011ad50740, 0x000000011ad50a10]

GC Heap History (0 events):
No events

Deoptimization events (20 events):
Event: 1.033 Thread 0x00007f9589009000 DEOPT PACKING pc=0x000000012213840c sp=0x0000700008216bc0
Event: 1.033 Thread 0x00007f9589009000 DEOPT UNPACKING pc=0x000000011a6a8125 sp=0x0000700008216b50 mode 2
Event: 1.043 Thread 0x00007f9589009000 Uncommon trap: trap_request=0xffffffde fr.pc=0x000000012214c474 relative=0x00000000000004b4
Event: 1.043 Thread 0x00007f9589009000 Uncommon trap: reason=class_check action=maybe_recompile pc=0x000000012214c474 method=java.util.HashMap.getNode(Ljava/lang/Object;)Ljava/util/HashMap$Node; @ 63 c2
Event: 1.043 Thread 0x00007f9589009000 DEOPT PACKING pc=0x000000012214c474 sp=0x0000700008215f80
Event: 1.043 Thread 0x00007f9589009000 DEOPT UNPACKING pc=0x000000011a6a8125 sp=0x0000700008215ed8 mode 2
Event: 1.050 Thread 0x00007f9589009000 Uncommon trap: trap_request=0xffffffde fr.pc=0x000000012214c474 relative=0x00000000000004b4
Event: 1.050 Thread 0x00007f9589009000 Uncommon trap: reason=class_check action=maybe_recompile pc=0x000000012214c474 method=java.util.HashMap.getNode(Ljava/lang/Object;)Ljava/util/HashMap$Node; @ 63 c2
Event: 1.050 Thread 0x00007f9589009000 DEOPT PACKING pc=0x000000012214c474 sp=0x00007000082165f0
Event: 1.050 Thread 0x00007f9589009000 DEOPT UNPACKING pc=0x000000011a6a8125 sp=0x0000700008216548 mode 2
Event: 1.078 Thread 0x00007f9589009000 Uncommon trap: trap_request=0xffffffde fr.pc=0x000000012214c474 relative=0x00000000000004b4
Event: 1.078 Thread 0x00007f9589009000 Uncommon trap: reason=class_check action=maybe_recompile pc=0x000000012214c474 method=java.util.HashMap.getNode(Ljava/lang/Object;)Ljava/util/HashMap$Node; @ 63 c2
Event: 1.078 Thread 0x00007f9589009000 DEOPT PACKING pc=0x000000012214c474 sp=0x0000700008216c00
Event: 1.078 Thread 0x00007f9589009000 DEOPT UNPACKING pc=0x000000011a6a8125 sp=0x0000700008216b58 mode 2
Event: 1.164 Thread 0x00007f9589009000 DEOPT PACKING pc=0x000000011ad0f2f2 sp=0x0000700008215090
Event: 1.164 Thread 0x00007f9589009000 DEOPT UNPACKING pc=0x000000011a6a7f2b sp=0x0000700008214510 mode 0
Event: 1.165 Thread 0x00007f9589009000 Uncommon trap: trap_request=0xffffff45 fr.pc=0x000000012214d148 relative=0x0000000000000328
Event: 1.165 Thread 0x00007f9589009000 Uncommon trap: reason=unstable_if action=reinterpret pc=0x000000012214d148 method=java.lang.StringLatin1.newString([BII)Ljava/lang/String; @ 1 c2
Event: 1.165 Thread 0x00007f9589009000 DEOPT PACKING pc=0x000000012214d148 sp=0x0000700008215a60
Event: 1.165 Thread 0x00007f9589009000 DEOPT UNPACKING pc=0x000000011a6a8125 sp=0x0000700008215a48 mode 2

Classes unloaded (0 events):
No events

Classes redefined (0 events):
No events

Internal exceptions (12 events):
Event: 0.579 Thread 0x00007f9589009000 Implicit null exception at 0x0000000122133bb5 to 0x0000000122133d1c
Event: 1.020 Thread 0x00007f9589009000 Exception <a 'java/lang/NoSuchMethodError'{0x00000007870d51f8}: 'void java.lang.invoke.DirectMethodHandle$Holder.invokeStatic(java.lang.Object, java.lang.Object)'> (0x00000007870d51f8) 
thrown [./open/src/hotspot/share/interpreter/linkResolver.cpp, line 782]
Event: 1.022 Thread 0x00007f9589009000 Exception <a 'java/lang/NoSuchMethodError'{0x00000007870e0a10}: 'void java.lang.invoke.DirectMethodHandle$Holder.invokeSpecial(java.lang.Object, java.lang.Object, java.lang.Object)'> (0x00000007870e0a10) 
thrown [./open/src/hotspot/share/interpreter/linkResolver.cpp, line 782]
Event: 1.026 Thread 0x00007f9589009000 Exception <a 'java/lang/NoSuchMethodError'{0x00000007870fb830}: 'java.lang.Object java.lang.invoke.DirectMethodHandle$Holder.invokeStatic(java.lang.Object, java.lang.Object, int)'> (0x00000007870fb830) 
thrown [./open/src/hotspot/share/interpreter/linkResolver.cpp, line 782]
Event: 1.027 Thread 0x00007f9589009000 Exception <a 'java/lang/NoSuchMethodError'{0x0000000786f07e10}: 'void java.lang.invoke.DelegatingMethodHandle$Holder.delegate(java.lang.Object, java.lang.Object, int, java.lang.Object)'> (0x0000000786f07e10) 
thrown [./open/src/hotspot/share/interpreter/linkResolver.cpp, line 782]
Event: 1.028 Thread 0x00007f9589009000 Exception <a 'java/lang/NoSuchMethodError'{0x0000000786f0bcb8}: 'int java.lang.invoke.DirectMethodHandle$Holder.invokeSpecial(java.lang.Object, java.lang.Object, java.lang.Object)'> (0x0000000786f0bcb8) 
thrown [./open/src/hotspot/share/interpreter/linkResolver.cpp, line 782]
Event: 1.059 Thread 0x00007f9589009000 Exception <a 'sun/nio/fs/UnixException'{0x0000000786fc4298}> (0x0000000786fc4298) 
thrown [./open/src/hotspot/share/prims/jni.cpp, line 578]
Event: 1.148 Thread 0x00007f9589009000 Exception <a 'sun/nio/fs/UnixException'{0x0000000786eb53f0}> (0x0000000786eb53f0) 
thrown [./open/src/hotspot/share/prims/jni.cpp, line 578]
Event: 1.156 Thread 0x00007f9589009000 Exception <a 'java/lang/NoSuchMethodError'{0x0000000786ef6e68}: 'java.lang.Object java.lang.invoke.DirectMethodHandle$Holder.invokeStatic(java.lang.Object)'> (0x0000000786ef6e68) 
thrown [./open/src/hotspot/share/interpreter/linkResolver.cpp, line 782]
Event: 1.157 Thread 0x00007f9589009000 Exception <a 'java/lang/NoSuchMethodError'{0x0000000786efa728}: 'java.lang.Object java.lang.invoke.DirectMethodHandle$Holder.invokeStaticInit(java.lang.Object)'> (0x0000000786efa728) 
thrown [./open/src/hotspot/share/interpreter/linkResolver.cpp, line 782]
Event: 4.205 Thread 0x00007f9589009000 Exception <a 'sun/nio/fs/UnixException'{0x0000000786c61ed8}> (0x0000000786c61ed8) 
thrown [./open/src/hotspot/share/prims/jni.cpp, line 578]
Event: 7.704 Thread 0x00007f9589009000 Exception <a 'sun/nio/fs/UnixException'{0x0000000786cd9f68}> (0x0000000786cd9f68) 
thrown [./open/src/hotspot/share/prims/jni.cpp, line 578]

Events (20 events):
Event: 7.664 Executing VM operation: GetFrameLocation
Event: 7.664 Executing VM operation: GetFrameLocation done
Event: 7.664 Executing VM operation: GetCurrentLocation
Event: 7.664 Executing VM operation: GetCurrentLocation done
Event: 7.664 Executing VM operation: ChangeSingleStep
Event: 7.664 Executing VM operation: ChangeSingleStep done
Event: 7.665 Executing VM operation: ChangeSingleStep
Event: 7.665 Executing VM operation: ChangeSingleStep done
Event: 7.665 loading class org/lwjgl/glfw/EventLoop$OffScreen
Event: 7.665 loading class org/lwjgl/glfw/EventLoop$OffScreen done
Event: 7.669 loading class org/lwjgl/glfw/EventLoop
Event: 7.669 loading class org/lwjgl/glfw/EventLoop done
Event: 7.673 loading class org/lwjgl/system/macosx/ObjCRuntime
Event: 7.673 loading class org/lwjgl/system/macosx/ObjCRuntime done
Event: 7.705 loading class org/lwjgl/system/dyncall/DynLoad
Event: 7.705 loading class org/lwjgl/system/dyncall/DynLoad done
Event: 7.712 loading class org/lwjgl/system/macosx/ObjCRuntime$Functions
Event: 7.712 loading class org/lwjgl/system/macosx/ObjCRuntime$Functions done
Event: 7.721 loading class org/lwjgl/system/macosx/CoreFoundation
Event: 7.721 loading class org/lwjgl/system/macosx/CoreFoundation done


Dynamic libraries:
0x00007fff6f6b7000 	/usr/lib/libz.1.dylib
0x000000010ef3a000 	/Library/Java/JavaVirtualMachines/jdk-15.0.2.jdk/Contents/Home/lib/libjli.dylib
0x00007fff351bc000 	/System/Library/Frameworks/Cocoa.framework/Versions/A/Cocoa
0x00007fff429b3000 	/System/Library/Frameworks/Security.framework/Versions/A/Security
0x00007fff34121000 	/System/Library/Frameworks/ApplicationServices.framework/Versions/A/ApplicationServices
0x00007fff6d17b000 	/usr/lib/libSystem.B.dylib
0x00007fff6ff78000 	/usr/lib/system/libcache.dylib
0x00007fff6ff7e000 	/usr/lib/system/libcommonCrypto.dylib
0x00007fff6ff8a000 	/usr/lib/system/libcompiler_rt.dylib
0x00007fff6ff92000 	/usr/lib/system/libcopyfile.dylib
0x00007fff6ff9c000 	/usr/lib/system/libcorecrypto.dylib
0x00007fff7013b000 	/usr/lib/system/libdispatch.dylib
0x00007fff7017c000 	/usr/lib/system/libdyld.dylib
0x00007fff701b3000 	/usr/lib/system/libkeymgr.dylib
0x00007fff701c1000 	/usr/lib/system/liblaunch.dylib
0x00007fff701c2000 	/usr/lib/system/libmacho.dylib
0x00007fff701c8000 	/usr/lib/system/libquarantine.dylib
0x00007fff701cb000 	/usr/lib/system/libremovefile.dylib
0x00007fff701cd000 	/usr/lib/system/libsystem_asl.dylib
0x00007fff701e5000 	/usr/lib/system/libsystem_blocks.dylib
0x00007fff701e6000 	/usr/lib/system/libsystem_c.dylib
0x00007fff7026e000 	/usr/lib/system/libsystem_configuration.dylib
0x00007fff70272000 	/usr/lib/system/libsystem_coreservices.dylib
0x00007fff70276000 	/usr/lib/system/libsystem_darwin.dylib
0x00007fff7027f000 	/usr/lib/system/libsystem_dnssd.dylib
0x00007fff70287000 	/usr/lib/system/libsystem_featureflags.dylib
0x00007fff70289000 	/usr/lib/system/libsystem_info.dylib
0x00007fff70304000 	/usr/lib/system/libsystem_m.dylib
0x00007fff7034c000 	/usr/lib/system/libsystem_malloc.dylib
0x00007fff70374000 	/usr/lib/system/libsystem_networkextension.dylib
0x00007fff70382000 	/usr/lib/system/libsystem_notify.dylib
0x00007fff703a0000 	/usr/lib/system/libsystem_sandbox.dylib
0x00007fff703a5000 	/usr/lib/system/libsystem_secinit.dylib
0x00007fff702d7000 	/usr/lib/system/libsystem_kernel.dylib
0x00007fff7038c000 	/usr/lib/system/libsystem_platform.dylib
0x00007fff70395000 	/usr/lib/system/libsystem_pthread.dylib
0x00007fff703a8000 	/usr/lib/system/libsystem_symptoms.dylib
0x00007fff703b0000 	/usr/lib/system/libsystem_trace.dylib
0x00007fff703c8000 	/usr/lib/system/libunwind.dylib
0x00007fff703ce000 	/usr/lib/system/libxpc.dylib
0x00007fff6efdb000 	/usr/lib/libobjc.A.dylib
0x00007fff6d4b4000 	/usr/lib/libc++abi.dylib
0x00007fff6d461000 	/usr/lib/libc++.1.dylib
0x00007fff3605e000 	/System/Library/Frameworks/CoreFoundation.framework/Versions/A/CoreFoundation
0x00007fff3871b000 	/System/Library/Frameworks/Foundation.framework/Versions/C/Foundation
0x00007fff33311000 	/System/Library/Frameworks/AppKit.framework/Versions/C/AppKit
0x00007fff35b40000 	/System/Library/Frameworks/CoreData.framework/Versions/A/CoreData
0x00007fff67190000 	/System/Library/PrivateFrameworks/UIFoundation.framework/Versions/A/UIFoundation
0x00007fff62224000 	/System/Library/PrivateFrameworks/RemoteViewServices.framework/Versions/A/RemoteViewServices
0x00007fff69ceb000 	/System/Library/PrivateFrameworks/XCTTargetBootstrap.framework/Versions/A/XCTTargetBootstrap
0x00007fff35f2b000 	/System/Library/Frameworks/CoreDisplay.framework/Versions/A/CoreDisplay
0x00007fff3b5d6000 	/System/Library/Frameworks/Metal.framework/Versions/A/Metal
0x00007fff501cf000 	/System/Library/PrivateFrameworks/DesktopServicesPriv.framework/Versions/A/DesktopServicesPriv
0x00007fff6e2b6000 	/usr/lib/liblangid.dylib
0x00007fff4f464000 	/System/Library/PrivateFrameworks/CoreSVG.framework/Versions/A/CoreSVG
0x00007fff65380000 	/System/Library/PrivateFrameworks/SkyLight.framework/Versions/A/SkyLight
0x00007fff364df000 	/System/Library/Frameworks/CoreGraphics.framework/Versions/A/CoreGraphics
0x00007fff31ce5000 	/System/Library/Frameworks/Accelerate.framework/Versions/A/Accelerate
0x00007fff6f5a8000 	/usr/lib/libxml2.2.dylib
0x00007fff5b16d000 	/System/Library/PrivateFrameworks/IconServices.framework/Versions/A/IconServices
0x00007fff38efa000 	/System/Library/Frameworks/IOSurface.framework/Versions/A/IOSurface
0x00007fff6cca5000 	/usr/lib/libDiagnosticMessagesClient.dylib
0x00007fff50029000 	/System/Library/PrivateFrameworks/DFRFoundation.framework/Versions/A/DFRFoundation
0x00007fff6e045000 	/usr/lib/libicucore.A.dylib
0x00007fff34453000 	/System/Library/Frameworks/AudioToolbox.framework/Versions/A/AudioToolbox
0x00007fff34536000 	/System/Library/Frameworks/AudioUnit.framework/Versions/A/AudioUnit
0x00007fff6d37d000 	/usr/lib/libauto.dylib
0x00007fff500cb000 	/System/Library/PrivateFrameworks/DataDetectorsCore.framework/Versions/A/DataDetectorsCore
0x00007fff34cdd000 	/System/Library/Frameworks/Carbon.framework/Versions/A/Frameworks/HIToolbox.framework/Versions/A/HIToolbox
0x00007fff41baf000 	/System/Library/Frameworks/QuartzCore.framework/Versions/A/QuartzCore
0x00007fff3501c000 	/System/Library/Frameworks/Carbon.framework/Versions/A/Frameworks/SpeechRecognition.framework/Versions/A/SpeechRecognition
0x00007fff4fb3d000 	/System/Library/PrivateFrameworks/CoreUI.framework/Versions/A/CoreUI
0x00007fff355ab000 	/System/Library/Frameworks/CoreAudio.framework/Versions/A/CoreAudio
0x00007fff383da000 	/System/Library/Frameworks/DiskArbitration.framework/Versions/A/DiskArbitration
0x00007fff5d1ff000 	/System/Library/PrivateFrameworks/MultitouchSupport.framework/Versions/A/MultitouchSupport
0x00007fff6df0c000 	/usr/lib/libenergytrace.dylib
0x00007fff38e54000 	/System/Library/Frameworks/IOKit.framework/Versions/A/IOKit
0x00007fff37446000 	/System/Library/Frameworks/CoreServices.framework/Versions/A/CoreServices
0x00007fff5f3b7000 	/System/Library/PrivateFrameworks/PerformanceAnalysis.framework/Versions/A/PerformanceAnalysis
0x00007fff40be2000 	/System/Library/Frameworks/OpenGL.framework/Versions/A/OpenGL
0x00007fff351ca000 	/System/Library/Frameworks/ColorSync.framework/Versions/A/ColorSync
0x00007fff36b62000 	/System/Library/Frameworks/CoreImage.framework/Versions/A/CoreImage
0x00007fff37eb9000 	/System/Library/Frameworks/CoreText.framework/Versions/A/CoreText
0x00007fff38f8a000 	/System/Library/Frameworks/ImageIO.framework/Versions/A/ImageIO
0x00007fff6d4dd000 	/usr/lib/libcompression.dylib
0x00007fff6cfe9000 	/usr/lib/libMobileGestalt.dylib
0x00007fff66efa000 	/System/Library/PrivateFrameworks/TextureIO.framework/Versions/A/TextureIO
0x00007fff6d2e0000 	/usr/lib/libate.dylib
0x00007fff5b376000 	/System/Library/PrivateFrameworks/InternationalSupport.framework/Versions/A/InternationalSupport
0x00007fff6e2b8000 	/usr/lib/liblzma.5.dylib
0x00007fff6df33000 	/usr/lib/libfakelink.dylib
0x00007fff6d26d000 	/usr/lib/libarchive.2.dylib
0x00007fff43a64000 	/System/Library/Frameworks/SystemConfiguration.framework/Versions/A/SystemConfiguration
0x00007fff6cbd8000 	/usr/lib/libCRFSuite.dylib
0x00007fff348cd000 	/System/Library/Frameworks/CFNetwork.framework/Versions/A/CFNetwork
0x00007fff6d443000 	/usr/lib/libbsm.0.dylib
0x00007fff701b4000 	/usr/lib/system/libkxld.dylib
0x00007fff499a6000 	/System/Library/PrivateFrameworks/AppleFSCompression.framework/Versions/A/AppleFSCompression
0x00007fff6d7ce000 	/usr/lib/libcoretls.dylib
0x00007fff6d7e5000 	/usr/lib/libcoretls_cfhelpers.dylib
0x00007fff6f021000 	/usr/lib/libpam.2.dylib
0x00007fff6f156000 	/usr/lib/libsqlite3.dylib
0x00007fff6f595000 	/usr/lib/libxar.1.dylib
0x00007fff6d454000 	/usr/lib/libbz2.1.0.dylib
0x00007fff6df54000 	/usr/lib/libiconv.2.dylib
0x00007fff6d4ca000 	/usr/lib/libcharset.1.dylib
0x00007fff6eabe000 	/usr/lib/libnetwork.dylib
0x00007fff6f028000 	/usr/lib/libpcap.A.dylib
0x00007fff6d222000 	/usr/lib/libapple_nghttp2.dylib
0x00007fff377fd000 	/System/Library/Frameworks/CoreServices.framework/Versions/A/Frameworks/FSEvents.framework/Versions/A/FSEvents
0x00007fff374cd000 	/System/Library/Frameworks/CoreServices.framework/Versions/A/Frameworks/CarbonCore.framework/Versions/A/CarbonCore
0x00007fff37a41000 	/System/Library/Frameworks/CoreServices.framework/Versions/A/Frameworks/Metadata.framework/Versions/A/Metadata
0x00007fff37ada000 	/System/Library/Frameworks/CoreServices.framework/Versions/A/Frameworks/OSServices.framework/Versions/A/OSServices
0x00007fff37b08000 	/System/Library/Frameworks/CoreServices.framework/Versions/A/Frameworks/SearchKit.framework/Versions/A/SearchKit
0x00007fff37447000 	/System/Library/Frameworks/CoreServices.framework/Versions/A/Frameworks/AE.framework/Versions/A/AE
0x00007fff37806000 	/System/Library/Frameworks/CoreServices.framework/Versions/A/Frameworks/LaunchServices.framework/Versions/A/LaunchServices
0x00007fff377af000 	/System/Library/Frameworks/CoreServices.framework/Versions/A/Frameworks/DictionaryServices.framework/Versions/A/DictionaryServices
0x00007fff37b70000 	/System/Library/Frameworks/CoreServices.framework/Versions/A/Frameworks/SharedFileList.framework/Versions/A/SharedFileList
0x00007fff3ca01000 	/System/Library/Frameworks/NetFS.framework/Versions/A/NetFS
0x00007fff5d72f000 	/System/Library/PrivateFrameworks/NetAuth.framework/Versions/A/NetAuth
0x00007fff6a0b8000 	/System/Library/PrivateFrameworks/login.framework/Versions/A/Frameworks/loginsupport.framework/Versions/A/loginsupport
0x00007fff669c5000 	/System/Library/PrivateFrameworks/TCC.framework/Versions/A/TCC
0x00007fff4e5d7000 	/System/Library/PrivateFrameworks/CoreNLP.framework/Versions/A/CoreNLP
0x00007fff5cbea000 	/System/Library/PrivateFrameworks/MetadataUtilities.framework/Versions/A/MetadataUtilities
0x00007fff6e390000 	/usr/lib/libmecabra.dylib
0x00007fff6e2e8000 	/usr/lib/libmecab.dylib
0x00007fff6df44000 	/usr/lib/libgermantok.dylib
0x00007fff6d209000 	/usr/lib/libThaiTokenizer.dylib
0x00007fff6cc0f000 	/usr/lib/libChineseTokenizer.dylib
0x00007fff31cfd000 	/System/Library/Frameworks/Accelerate.framework/Versions/A/Frameworks/vImage.framework/Versions/A/vImage
0x00007fff33167000 	/System/Library/Frameworks/Accelerate.framework/Versions/A/Frameworks/vecLib.framework/Versions/A/vecLib
0x00007fff330a4000 	/System/Library/Frameworks/Accelerate.framework/Versions/A/Frameworks/vecLib.framework/Versions/A/libvMisc.dylib
0x00007fff32ecc000 	/System/Library/Frameworks/Accelerate.framework/Versions/A/Frameworks/vecLib.framework/Versions/A/libvDSP.dylib
0x00007fff32354000 	/System/Library/Frameworks/Accelerate.framework/Versions/A/Frameworks/vecLib.framework/Versions/A/libBLAS.dylib
0x00007fff32a90000 	/System/Library/Frameworks/Accelerate.framework/Versions/A/Frameworks/vecLib.framework/Versions/A/libLAPACK.dylib
0x00007fff32e2c000 	/System/Library/Frameworks/Accelerate.framework/Versions/A/Frameworks/vecLib.framework/Versions/A/libLinearAlgebra.dylib
0x00007fff32eb9000 	/System/Library/Frameworks/Accelerate.framework/Versions/A/Frameworks/vecLib.framework/Versions/A/libSparseBLAS.dylib
0x00007fff32e42000 	/System/Library/Frameworks/Accelerate.framework/Versions/A/Frameworks/vecLib.framework/Versions/A/libQuadrature.dylib
0x00007fff325bc000 	/System/Library/Frameworks/Accelerate.framework/Versions/A/Frameworks/vecLib.framework/Versions/A/libBNNS.dylib
0x00007fff32e48000 	/System/Library/Frameworks/Accelerate.framework/Versions/A/Frameworks/vecLib.framework/Versions/A/libSparse.dylib
0x00007fff5b75e000 	/System/Library/PrivateFrameworks/LanguageModeling.framework/Versions/A/LanguageModeling
0x00007fff4df87000 	/System/Library/PrivateFrameworks/CoreEmoji.framework/Versions/A/CoreEmoji
0x00007fff5b87c000 	/System/Library/PrivateFrameworks/LinguisticData.framework/Versions/A/LinguisticData
0x00007fff5b82d000 	/System/Library/PrivateFrameworks/Lexicon.framework/Versions/A/Lexicon
0x00007fff6d4cb000 	/usr/lib/libcmph.dylib
0x00007fff3f5f0000 	/System/Library/Frameworks/OpenDirectory.framework/Versions/A/Frameworks/CFOpenDirectory.framework/Versions/A/CFOpenDirectory
0x00007fff3f60d000 	/System/Library/Frameworks/OpenDirectory.framework/Versions/A/OpenDirectory
0x00007fff47a4e000 	/System/Library/PrivateFrameworks/APFS.framework/Versions/A/APFS
0x00007fff42cfd000 	/System/Library/Frameworks/SecurityFoundation.framework/Versions/A/SecurityFoundation
0x00007fff6f591000 	/usr/lib/libutil.dylib
0x00007fff4f4bc000 	/System/Library/PrivateFrameworks/CoreServicesStore.framework/Versions/A/CoreServicesStore
0x00007fff42db4000 	/System/Library/Frameworks/ServiceManagement.framework/Versions/A/ServiceManagement
0x00007fff4b176000 	/System/Library/PrivateFrameworks/BackgroundTaskManagement.framework/Versions/A/BackgroundTaskManagement
0x00007fff6f68e000 	/usr/lib/libxslt.1.dylib
0x00007fff4a019000 	/System/Library/PrivateFrameworks/AppleSystemInfo.framework/Versions/A/AppleSystemInfo
0x00007fff391a5000 	/System/Library/Frameworks/ImageIO.framework/Versions/A/Resources/libJPEG.dylib
0x00007fff39464000 	/System/Library/Frameworks/ImageIO.framework/Versions/A/Resources/libTIFF.dylib
0x00007fff39447000 	/System/Library/Frameworks/ImageIO.framework/Versions/A/Resources/libPng.dylib
0x00007fff390e7000 	/System/Library/Frameworks/ImageIO.framework/Versions/A/Resources/libGIF.dylib
0x00007fff390eb000 	/System/Library/Frameworks/ImageIO.framework/Versions/A/Resources/libJP2.dylib
0x00007fff39462000 	/System/Library/Frameworks/ImageIO.framework/Versions/A/Resources/libRadiance.dylib
0x00007fff6df0d000 	/usr/lib/libexpat.1.dylib
0x00007fff49b01000 	/System/Library/PrivateFrameworks/AppleJPEG.framework/Versions/A/AppleJPEG
0x00007fff527d2000 	/System/Library/PrivateFrameworks/FontServices.framework/libFontParser.dylib
0x00007fff690ba000 	/System/Library/PrivateFrameworks/WatchdogClient.framework/Versions/A/WatchdogClient
0x00007fff5adb9000 	/System/Library/PrivateFrameworks/IOAccelerator.framework/Versions/A/IOAccelerator
0x00007fff3b971000 	/System/Library/Frameworks/MetalPerformanceShaders.framework/Versions/A/MetalPerformanceShaders
0x00007fff5754f000 	/System/Library/PrivateFrameworks/GPUWrangler.framework/Versions/A/GPUWrangler
0x00007fff5adce000 	/System/Library/PrivateFrameworks/IOPresentment.framework/Versions/A/IOPresentment
0x00007fff5003c000 	/System/Library/PrivateFrameworks/DSExternalDisplay.framework/Versions/A/DSExternalDisplay
0x00007fff3ff81000 	/System/Library/Frameworks/OpenGL.framework/Versions/A/Libraries/libCoreFSCache.dylib
0x00007fff3b6bd000 	/System/Library/Frameworks/MetalPerformanceShaders.framework/Frameworks/MPSCore.framework/Versions/A/MPSCore
0x00007fff3b6fb000 	/System/Library/Frameworks/MetalPerformanceShaders.framework/Frameworks/MPSImage.framework/Versions/A/MPSImage
0x00007fff3b7c2000 	/System/Library/Frameworks/MetalPerformanceShaders.framework/Frameworks/MPSNeuralNetwork.framework/Versions/A/MPSNeuralNetwork
0x00007fff3b786000 	/System/Library/Frameworks/MetalPerformanceShaders.framework/Frameworks/MPSMatrix.framework/Versions/A/MPSMatrix
0x00007fff3b921000 	/System/Library/Frameworks/MetalPerformanceShaders.framework/Frameworks/MPSRayIntersector.framework/Versions/A/MPSRayIntersector
0x00007fff3b7ac000 	/System/Library/Frameworks/MetalPerformanceShaders.framework/Frameworks/MPSNDArray.framework/Versions/A/MPSNDArray
0x00007fff5cc37000 	/System/Library/PrivateFrameworks/MetalTools.framework/Versions/A/MetalTools
0x00007fff48c28000 	/System/Library/PrivateFrameworks/AggregateDictionary.framework/Versions/A/AggregateDictionary
0x00007fff4d9cf000 	/System/Library/PrivateFrameworks/CoreAnalytics.framework/Versions/A/CoreAnalytics
0x00007fff49f38000 	/System/Library/PrivateFrameworks/AppleSauce.framework/Versions/A/AppleSauce
0x00007fff6cecb000 	/usr/lib/libIOReport.dylib
0x00007fff38071000 	/System/Library/Frameworks/CoreVideo.framework/Versions/A/CoreVideo
0x00007fff589c8000 	/System/Library/PrivateFrameworks/GraphVisualizer.framework/Versions/A/GraphVisualizer
0x00007fff51d18000 	/System/Library/PrivateFrameworks/FaceCore.framework/Versions/A/FaceCore
0x00007fff3f597000 	/System/Library/Frameworks/OpenCL.framework/Versions/A/OpenCL
0x00007fff6cced000 	/usr/lib/libFosl_dynamic.dylib
0x00007fff5e14f000 	/System/Library/PrivateFrameworks/OTSVG.framework/Versions/A/OTSVG
0x00007fff34226000 	/System/Library/Frameworks/ApplicationServices.framework/Versions/A/Frameworks/ATS.framework/Versions/A/Resources/libFontRegistry.dylib
0x00007fff529a3000 	/System/Library/PrivateFrameworks/FontServices.framework/libhvf.dylib
0x00007fff3ff8c000 	/System/Library/Frameworks/OpenGL.framework/Versions/A/Libraries/libGFXShared.dylib
0x00007fff4016a000 	/System/Library/Frameworks/OpenGL.framework/Versions/A/Libraries/libGLU.dylib
0x00007fff3ff95000 	/System/Library/Frameworks/OpenGL.framework/Versions/A/Libraries/libGL.dylib
0x00007fff3ffa0000 	/System/Library/Frameworks/OpenGL.framework/Versions/A/Libraries/libGLImage.dylib
0x00007fff3ff7e000 	/System/Library/Frameworks/OpenGL.framework/Versions/A/Libraries/libCVMSPluginSupport.dylib
0x00007fff3ff87000 	/System/Library/Frameworks/OpenGL.framework/Versions/A/Libraries/libCoreVMClient.dylib
0x00007fff6e95f000 	/usr/lib/libncurses.5.4.dylib
0x00007fff34122000 	/System/Library/Frameworks/ApplicationServices.framework/Versions/A/Frameworks/ATS.framework/Versions/A/ATS
0x00007fff342ef000 	/System/Library/Frameworks/ApplicationServices.framework/Versions/A/Frameworks/ColorSyncLegacy.framework/Versions/A/ColorSyncLegacy
0x00007fff3438d000 	/System/Library/Frameworks/ApplicationServices.framework/Versions/A/Frameworks/HIServices.framework/Versions/A/HIServices
0x00007fff343e5000 	/System/Library/Frameworks/ApplicationServices.framework/Versions/A/Frameworks/LangAnalysis.framework/Versions/A/LangAnalysis
0x00007fff343f4000 	/System/Library/Frameworks/ApplicationServices.framework/Versions/A/Frameworks/PrintCore.framework/Versions/A/PrintCore
0x00007fff3443a000 	/System/Library/Frameworks/ApplicationServices.framework/Versions/A/Frameworks/QD.framework/Versions/A/QD
0x00007fff34445000 	/System/Library/Frameworks/ApplicationServices.framework/Versions/A/Frameworks/SpeechSynthesis.framework/Versions/A/SpeechSynthesis
0x00007fff342bf000 	/System/Library/Frameworks/ApplicationServices.framework/Versions/A/Frameworks/ATSUI.framework/Versions/A/ATSUI
0x00007fff6dda3000 	/usr/lib/libcups.2.dylib
0x00007fff3aa0c000 	/System/Library/Frameworks/Kerberos.framework/Versions/A/Kerberos
0x00007fff38b4d000 	/System/Library/Frameworks/GSS.framework/Versions/A/GSS
0x00007fff6f0e2000 	/usr/lib/libresolv.9.dylib
0x00007fff58b75000 	/System/Library/PrivateFrameworks/Heimdal.framework/Versions/A/Heimdal
0x00007fff3aa1f000 	/System/Library/Frameworks/Kerberos.framework/Versions/A/Libraries/libHeimdalProxy.dylib
0x00007fff6df4a000 	/usr/lib/libheimdal-asn1.dylib
0x00007fff4ce67000 	/System/Library/PrivateFrameworks/CommonAuth.framework/Versions/A/CommonAuth
0x00007fff4a0b6000 	/System/Library/PrivateFrameworks/AssertionServices.framework/Versions/A/AssertionServices
0x00007fff4ac59000 	/System/Library/PrivateFrameworks/AudioToolboxCore.framework/Versions/A/AudioToolboxCore
0x00007fff69d68000 	/System/Library/PrivateFrameworks/caulk.framework/Versions/A/caulk
0x00007fff4b222000 	/System/Library/PrivateFrameworks/BaseBoard.framework/Versions/A/BaseBoard
0x00007fff623b2000 	/System/Library/PrivateFrameworks/RunningBoardServices.framework/Versions/A/RunningBoardServices
0x00007fff5f3c3000 	/System/Library/PrivateFrameworks/PersistentConnection.framework/Versions/A/PersistentConnection
0x00007fff61dab000 	/System/Library/PrivateFrameworks/ProtocolBuffer.framework/Versions/A/ProtocolBuffer
0x00007fff4ce8b000 	/System/Library/PrivateFrameworks/CommonUtilities.framework/Versions/A/CommonUtilities
0x00007fff4b3b0000 	/System/Library/PrivateFrameworks/Bom.framework/Versions/A/Bom
0x00007fff6cb9e000 	/usr/lib/libAudioToolboxUtility.dylib
0x00007fff4b180000 	/System/Library/PrivateFrameworks/Backup.framework/Versions/A/Backup
0x00007fff4ff5d000 	/System/Library/PrivateFrameworks/CrashReporterSupport.framework/Versions/A/CrashReporterSupport
0x00007fff63e44000 	/System/Library/PrivateFrameworks/Sharing.framework/Versions/A/Sharing
0x00007fff496c4000 	/System/Library/PrivateFrameworks/Apple80211.framework/Versions/A/Apple80211
0x00007fff4ae9d000 	/System/Library/PrivateFrameworks/AuthKit.framework/Versions/A/AuthKit
0x00007fff4fc6a000 	/System/Library/PrivateFrameworks/CoreUtils.framework/Versions/A/CoreUtils
0x00007fff380b6000 	/System/Library/Frameworks/CoreWLAN.framework/Versions/A/CoreWLAN
0x00007fff38cda000 	/System/Library/Frameworks/IOBluetooth.framework/Versions/A/IOBluetooth
0x00007fff5cf7e000 	/System/Library/PrivateFrameworks/MobileKeyBag.framework/Versions/A/MobileKeyBag
0x00007fff4ea6f000 	/System/Library/PrivateFrameworks/CorePhoneNumbers.framework/Versions/A/CorePhoneNumbers
0x00007fff49ab4000 	/System/Library/PrivateFrameworks/AppleIDAuthSupport.framework/Versions/A/AppleIDAuthSupport
0x00007fff3ca0e000 	/System/Library/Frameworks/Network.framework/Versions/A/Network
0x00007fff5b60a000 	/System/Library/PrivateFrameworks/KeychainCircle.framework/Versions/A/KeychainCircle
0x00007fff35b07000 	/System/Library/Frameworks/CoreBluetooth.framework/Versions/A/CoreBluetooth
0x00007fff65ec3000 	/System/Library/PrivateFrameworks/SpeechRecognitionCore.framework/Versions/A/SpeechRecognitionCore
0x0000000110000000 	/Library/Java/JavaVirtualMachines/jdk-15.0.2.jdk/Contents/Home/lib/server/libjvm.dylib
0x000000010ef65000 	/Library/Java/JavaVirtualMachines/jdk-15.0.2.jdk/Contents/Home/lib/libjimage.dylib
0x000000010ef73000 	/Library/Java/JavaVirtualMachines/jdk-15.0.2.jdk/Contents/Home/lib/libjdwp.dylib
0x000000010efb7000 	/Library/Java/JavaVirtualMachines/jdk-15.0.2.jdk/Contents/Home/lib/libjava.dylib
0x000000010efe2000 	/Library/Java/JavaVirtualMachines/jdk-15.0.2.jdk/Contents/Home/lib/libinstrument.dylib
0x0000000111e6e000 	/Library/Java/JavaVirtualMachines/jdk-15.0.2.jdk/Contents/Home/lib/libdt_socket.dylib
0x0000000111e7a000 	/Library/Java/JavaVirtualMachines/jdk-15.0.2.jdk/Contents/Home/lib/libzip.dylib
0x0000000111e88000 	/Library/Java/JavaVirtualMachines/jdk-15.0.2.jdk/Contents/Home/lib/libnio.dylib
0x0000000111e9c000 	/Library/Java/JavaVirtualMachines/jdk-15.0.2.jdk/Contents/Home/lib/libnet.dylib
0x0000000111eb5000 	/private/var/folders/_8/dps6syrj2gz719mh3b_hv17c0000gn/T/lwjglkristpornpairin/3.2.3-build-13/liblwjgl.dylib
0x00000001319a8000 	/private/var/folders/_8/dps6syrj2gz719mh3b_hv17c0000gn/T/lwjglkristpornpairin/3.2.3-build-13/libassimp.dylib
0x0000000111edd000 	/private/var/folders/_8/dps6syrj2gz719mh3b_hv17c0000gn/T/lwjglkristpornpairin/3.2.3-build-13/libglfw.dylib
0x00007fff4f488000 	/System/Library/PrivateFrameworks/CoreServicesInternal.framework/Versions/A/CoreServicesInternal
0x00007fff385d5000 	/System/Library/Frameworks/FileProvider.framework/Versions/A/FileProvider
0x00007fff33168000 	/System/Library/Frameworks/Accounts.framework/Versions/A/Accounts
0x00007fff57874000 	/System/Library/PrivateFrameworks/GenerationalStorage.framework/Versions/A/GenerationalStorage
0x00007fff4fa0f000 	/System/Library/PrivateFrameworks/CoreSymbolication.framework/Versions/A/CoreSymbolication
0x00007fff66705000 	/System/Library/PrivateFrameworks/SymptomDiagnosticReporter.framework/Versions/A/SymptomDiagnosticReporter
0x00007fff491c8000 	/System/Library/PrivateFrameworks/AppContainer.framework/Versions/A/AppContainer
0x00007fff6f0fc000 	/usr/lib/libsandbox.1.dylib
0x00007fff6805e000 	/System/Library/PrivateFrameworks/UserManagement.framework/Versions/A/UserManagement
0x00007fff4bf6c000 	/System/Library/PrivateFrameworks/ChunkingLibrary.framework/Versions/A/ChunkingLibrary
0x00007fff50191000 	/System/Library/PrivateFrameworks/DebugSymbols.framework/Versions/A/DebugSymbols
0x00007fff4923a000 	/System/Library/PrivateFrameworks/AppSandbox.framework/Versions/A/AppSandbox
0x00007fff63cce000 	/System/Library/PrivateFrameworks/SecCodeWrapper.framework/Versions/A/SecCodeWrapper
0x00007fff6cfb3000 	/usr/lib/libMatch.1.dylib
0x0000000112415000 	/usr/lib/libobjc-trampolines.dylib
0x00007fff31ce6000 	/System/Library/Frameworks/Accelerate.framework/Versions/A/Frameworks/vImage.framework/Versions/A/Libraries/libCGInterfaces.dylib
0x00007fff6a0bb000 	/System/Library/PrivateFrameworks/login.framework/Versions/A/login
0x00007fff5290a000 	/System/Library/PrivateFrameworks/FontServices.framework/libTrueTypeScaler.dylib
0x00007fff2ea5e000 	/System/Library/Extensions/AppleIntelKBLGraphicsMTLDriver.bundle/Contents/MacOS/AppleIntelKBLGraphicsMTLDriver


VM Arguments:
jvm_args: -agentlib:jdwp=transport=dt_socket,address=127.0.0.1:63330,suspend=y,server=n -javaagent:/Users/kristpornpairin/Library/Caches/JetBrains/IdeaIC2020.3/captureAgent/debugger-agent.jar -Dfile.encoding=UTF-8 
java_command: MainKt
java_class_path (initial): /Users/kristpornpairin/ARMORA/out/production/amora:/Users/kristpornpairin/Library/Application Support/JetBrains/IdeaIC2020.3/plugins/Kotlin/kotlinc/lib/kotlin-stdlib.jar:/Users/kristpornpairin/Library/Application Support/JetBrains/IdeaIC2020.3/plugins/Kotlin/kotlinc/lib/kotlin-reflect.jar:/Users/kristpornpairin/Library/Application Support/JetBrains/IdeaIC2020.3/plugins/Kotlin/kotlinc/lib/kotlin-test.jar:/Users/kristpornpairin/Library/Application Support/JetBrains/IdeaIC2020.3/plugins/Kotlin/kotlinc/lib/kotlin-stdlib-jdk7.jar:/Users/kristpornpairin/Library/Application Support/JetBrains/IdeaIC2020.3/plugins/Kotlin/kotlinc/lib/kotlin-stdlib-jdk8.jar:/Users/kristpornpairin/ARMORA/lib/lwjgl-3.2.3/lwjgl/lwjgl.jar:/Users/kristpornpairin/ARMORA/lib/lwjgl-3.2.3/lwjgl/lwjgl-javadoc.jar:/Users/kristpornpairin/ARMORA/lib/lwjgl-3.2.3/lwjgl/lwjgl-sources.jar:/Users/kristpornpairin/ARMORA/lib/lwjgl-3.2.3/lwjgl/lwjgl-natives-linux.jar:/Users/kristpornpairin/ARMORA/lib/lwjgl-3.2.3/lwjgl/lwjgl-natives-macos.jar:/Users/kristpornpairin/ARMORA/lib/lwjgl-3.2.3/lwjgl/lwjgl-natives-windows.jar:/Users/kristpornpairin/ARMORA/lib/lwjgl-3.2.3/lwjgl/lwjgl-natives-linux-arm32.jar:/Users/kristpornpairin/ARMORA/lib/lwjgl-3.2.3/lwjgl/lwjgl-natives-linux-arm64.jar:/Users/kristpornpairin/ARMORA/lib/lwjgl-3.2.3/lwjgl/lwjgl-natives-windows-x86.jar:/Users/kristpornpairin/ARMORA/lib/lwjgl-3.2.3/lwjgl-assimp/lwjgl-assimp.jar:/Users/kristpornpairin/ARMORA/lib/lwjgl-3.2.3/lwjgl-assimp/lwjgl-assimp-javadoc.jar:/Users/kristpornpairin/ARMORA/lib/lwjgl-3.2.3/lwjgl-assimp/lwjgl-assimp-sources.jar:/Users/kristpornpairin/ARMORA/lib/lwjgl-3.2.3/lwjgl-assimp/lwjgl-assimp-natives-linux.jar:/Users/kristpornpairin/ARMORA/lib/lwjgl-3.2.3/lwjgl-assimp/lwjgl-assimp-natives-macos.jar:/Users/kristpornpairin/ARMORA/lib/lwjgl-3.2.3/lwjgl-assimp/lwjgl-assimp-natives-windows.jar:/Users/kristpornpairin/ARMORA/lib/lwjgl-3.2.3/lwjgl-assimp/lwjgl-assimp-natives-linux-arm32.jar:/Users/kristpornpairin/ARM
Launcher Type: SUN_STANDARD

[Global flags]
     intx CICompilerCount                          = 4                                         {product} {ergonomic}
     uint ConcGCThreads                            = 2                                         {product} {ergonomic}
     uint G1ConcRefinementThreads                  = 8                                         {product} {ergonomic}
   size_t G1HeapRegionSize                         = 1048576                                   {product} {ergonomic}
    uintx GCDrainStackTargetSize                   = 64                                        {product} {ergonomic}
   size_t InitialHeapSize                          = 134217728                                 {product} {ergonomic}
   size_t MarkStackSize                            = 4194304                                   {product} {ergonomic}
   size_t MaxHeapSize                              = 2147483648                                {product} {ergonomic}
   size_t MaxNewSize                               = 1287651328                                {product} {ergonomic}
   size_t MinHeapDeltaBytes                        = 1048576                                   {product} {ergonomic}
   size_t MinHeapSize                              = 8388608                                   {product} {ergonomic}
    uintx NonNMethodCodeHeapSize                   = 5839372                                {pd product} {ergonomic}
    uintx NonProfiledCodeHeapSize                  = 122909434                              {pd product} {ergonomic}
    uintx ProfiledCodeHeapSize                     = 122909434                              {pd product} {ergonomic}
    uintx ReservedCodeCacheSize                    = 251658240                              {pd product} {ergonomic}
     bool SegmentedCodeCache                       = true                                      {product} {ergonomic}
   size_t SoftMaxHeapSize                          = 2147483648                             {manageable} {ergonomic}
     bool UseCompressedClassPointers               = true                                 {lp64_product} {ergonomic}
     bool UseCompressedOops                        = true                                 {lp64_product} {ergonomic}
     bool UseG1GC                                  = true                                      {product} {ergonomic}
     bool UseNUMA                                  = false                                     {product} {ergonomic}
     bool UseNUMAInterleaving                      = false                                     {product} {ergonomic}

Logging:
Log output configuration:
 #0: stdout all=warning uptime,level,tags
 #1: stderr all=off uptime,level,tags

Environment Variables:
JAVA_HOME=/Library/Java/JavaVirtualMachines/jdk-15.0.2.jdk/Contents/Home
PATH=/usr/local/opt/expat/bin:/Users/kristpornpairin/.sdkman/candidates/kotlin/current/bin:/Users/kristpornpairin/.krew/bin:/Users/kristpornpairin/.nvm/versions/node/v14.15.4/bin:/usr/local/bin:/usr/bin:/bin:/usr/sbin:/sbin:/Library/Apple/usr/bin
SHELL=/bin/zsh
LC_CTYPE=en_US.UTF-8

Signal Handlers:
SIGSEGV: [libjvm.dylib+0x9ff2f0], sa_mask[0]=11111111011111110111111111111111, sa_flags=SA_ONSTACK|SA_RESTART|SA_SIGINFO
SIGBUS: [libjvm.dylib+0x9ff2f0], sa_mask[0]=11111111011111110111111111111111, sa_flags=SA_RESTART|SA_SIGINFO
SIGFPE: [libjvm.dylib+0x9ff2f0], sa_mask[0]=11111111011111110111111111111111, sa_flags=SA_RESTART|SA_SIGINFO
SIGPIPE: [libjvm.dylib+0x82ae30], sa_mask[0]=11111111011111110111111111111111, sa_flags=SA_RESTART|SA_SIGINFO
SIGXFSZ: [libjvm.dylib+0x82ae30], sa_mask[0]=11111111011111110111111111111111, sa_flags=SA_RESTART|SA_SIGINFO
SIGILL: [libjvm.dylib+0x9ff2f0], sa_mask[0]=11111111011111110111111111111111, sa_flags=SA_RESTART|SA_SIGINFO
SIGUSR2: [libjvm.dylib+0x82b940], sa_mask[0]=00100000000000000000000000000000, sa_flags=SA_RESTART|SA_SIGINFO
SIGHUP: [libjvm.dylib+0x82a040], sa_mask[0]=11111111011111110111111111111111, sa_flags=SA_RESTART|SA_SIGINFO
SIGINT: [libjvm.dylib+0x82a040], sa_mask[0]=11111111011111110111111111111111, sa_flags=SA_RESTART|SA_SIGINFO
SIGTERM: [libjvm.dylib+0x82a040], sa_mask[0]=11111111011111110111111111111111, sa_flags=SA_RESTART|SA_SIGINFO
SIGQUIT: [libjvm.dylib+0x82a040], sa_mask[0]=11111111011111110111111111111111, sa_flags=SA_RESTART|SA_SIGINFO


---------------  S Y S T E M  ---------------

OS:uname: Darwin 19.6.0 Darwin Kernel Version 19.6.0: Thu Oct 29 22:56:45 PDT 2020; root:xnu-6153.141.2.2~1/RELEASE_X86_64 x86_64
OS uptime: 12 days 20:26 hours
rlimit (soft/hard): STACK 8192k/65532k , CORE 0k/infinity , NPROC 1392/2088 , NOFILE 10240/infinity , AS infinity/infinity , CPU infinity/infinity , DATA infinity/infinity , FSIZE infinity/infinity , MEMLOCK infinity/infinity , RSS infinity/infinity
load average: 4.14 3.43 2.97

CPU: total 8 (initial active 8) (4 cores per cpu, 2 threads per core) family 6 model 142 stepping 10 microcode 0xe0, cmov, cx8, fxsr, mmx, sse, sse2, sse3, ssse3, sse4.1, sse4.2, popcnt, vzeroupper, avx, avx2, aes, clmul, erms, 3dnowpref, lzcnt, ht, tsc, tscinvbit, bmi1, bmi2, adx, fma, clflush, clflushopt

Memory: 4k page, physical 8388608k(237400k free), swap 7340032k(976384k free)

vm_info: Java HotSpot(TM) 64-Bit Server VM (15.0.2+7-27) for bsd-amd64 JRE (15.0.2+7-27), built on Dec  7 2020 20:08:32 by "mach5one" with clang 4.2.1 Compatible Apple LLVM 10.0.0 (clang-1000.11.45.5)

END.
